[0.023s] Invoking command in '/home/dev/HomeDirect_ws/build/turtlebot3_simulations': AMENT_PREFIX_PATH=/home/dev/HomeDirect_ws/install/turtlebot3_fake_node:/home/dev/HomeDirect_ws/install/turtlebot3_gazebo:${AMENT_PREFIX_PATH} CMAKE_PREFIX_PATH=/home/dev/HomeDirect_ws/install/turtlebot3_fake_node:/home/dev/HomeDirect_ws/install/turtlebot3_msgs:/home/dev/HomeDirect_ws/install/turtlebot3_gazebo:/home/dev/HomeDirect_ws/install/turtlebot3:/home/dev/HomeDirect_ws/install/turtlebot3_bringup:/home/dev/HomeDirect_ws/install/turtlebot3_node:/home/dev/HomeDirect_ws/install/turtlebot3_navigation2:/home/dev/HomeDirect_ws/install/turtlebot3_description:/home/dev/HomeDirect_ws/install/turtlebot3_cartographer:/home/dev/HomeDirect_ws/install/dynamixel_sdk_examples:/home/dev/HomeDirect_ws/install/dynamixel_sdk_custom_interfaces:/home/dev/HomeDirect_ws/install/dynamixel_sdk:/home/dev/HomeDirect_ws/install/turtlebot3_teleop:/home/dev/HomeDirect_ws/install/turtlebot3_example:/home/dev/HomeDirect_ws/install/nav_main:/opt/ros/humble /usr/bin/cmake /home/dev/HomeDirect_ws/src/turtlebot3_simulations/turtlebot3_simulations -DAMENT_CMAKE_SYMLINK_INSTALL=1 -DCMAKE_INSTALL_PREFIX=/home/dev/HomeDirect_ws/install/turtlebot3_simulations
[0.128s] -- The C compiler identification is GNU 11.3.0
[0.228s] -- The CXX compiler identification is GNU 11.3.0
[0.240s] -- Detecting C compiler ABI info
[0.370s] -- Detecting C compiler ABI info - done
[0.393s] -- Check for working C compiler: /usr/bin/cc - skipped
[0.393s] -- Detecting C compile features
[0.395s] -- Detecting C compile features - done
[0.404s] -- Detecting CXX compiler ABI info
[0.566s] -- Detecting CXX compiler ABI info - done
[0.579s] -- Check for working CXX compiler: /usr/bin/c++ - skipped
[0.579s] -- Detecting CXX compile features
[0.580s] -- Detecting CXX compile features - done
[0.586s] -- Found ament_cmake: 1.3.4 (/opt/ros/humble/share/ament_cmake/cmake)
[1.016s] -- Found Python3: /usr/bin/python3.10 (found version "3.10.6") found components: Interpreter 
[1.148s] -- Override CMake install command with custom implementation using symlinks instead of copying resources
[1.360s] -- Configuring done
[1.368s] -- Generating done
[1.370s] -- Build files have been written to: /home/dev/HomeDirect_ws/build/turtlebot3_simulations
[1.379s] Invoked command in '/home/dev/HomeDirect_ws/build/turtlebot3_simulations' returned '0': AMENT_PREFIX_PATH=/home/dev/HomeDirect_ws/install/turtlebot3_fake_node:/home/dev/HomeDirect_ws/install/turtlebot3_gazebo:${AMENT_PREFIX_PATH} CMAKE_PREFIX_PATH=/home/dev/HomeDirect_ws/install/turtlebot3_fake_node:/home/dev/HomeDirect_ws/install/turtlebot3_msgs:/home/dev/HomeDirect_ws/install/turtlebot3_gazebo:/home/dev/HomeDirect_ws/install/turtlebot3:/home/dev/HomeDirect_ws/install/turtlebot3_bringup:/home/dev/HomeDirect_ws/install/turtlebot3_node:/home/dev/HomeDirect_ws/install/turtlebot3_navigation2:/home/dev/HomeDirect_ws/install/turtlebot3_description:/home/dev/HomeDirect_ws/install/turtlebot3_cartographer:/home/dev/HomeDirect_ws/install/dynamixel_sdk_examples:/home/dev/HomeDirect_ws/install/dynamixel_sdk_custom_interfaces:/home/dev/HomeDirect_ws/install/dynamixel_sdk:/home/dev/HomeDirect_ws/install/turtlebot3_teleop:/home/dev/HomeDirect_ws/install/turtlebot3_example:/home/dev/HomeDirect_ws/install/nav_main:/opt/ros/humble /usr/bin/cmake /home/dev/HomeDirect_ws/src/turtlebot3_simulations/turtlebot3_simulations -DAMENT_CMAKE_SYMLINK_INSTALL=1 -DCMAKE_INSTALL_PREFIX=/home/dev/HomeDirect_ws/install/turtlebot3_simulations
[1.383s] Invoking command in '/home/dev/HomeDirect_ws/build/turtlebot3_simulations': AMENT_PREFIX_PATH=/home/dev/HomeDirect_ws/install/turtlebot3_fake_node:/home/dev/HomeDirect_ws/install/turtlebot3_gazebo:${AMENT_PREFIX_PATH} CMAKE_PREFIX_PATH=/home/dev/HomeDirect_ws/install/turtlebot3_fake_node:/home/dev/HomeDirect_ws/install/turtlebot3_msgs:/home/dev/HomeDirect_ws/install/turtlebot3_gazebo:/home/dev/HomeDirect_ws/install/turtlebot3:/home/dev/HomeDirect_ws/install/turtlebot3_bringup:/home/dev/HomeDirect_ws/install/turtlebot3_node:/home/dev/HomeDirect_ws/install/turtlebot3_navigation2:/home/dev/HomeDirect_ws/install/turtlebot3_description:/home/dev/HomeDirect_ws/install/turtlebot3_cartographer:/home/dev/HomeDirect_ws/install/dynamixel_sdk_examples:/home/dev/HomeDirect_ws/install/dynamixel_sdk_custom_interfaces:/home/dev/HomeDirect_ws/install/dynamixel_sdk:/home/dev/HomeDirect_ws/install/turtlebot3_teleop:/home/dev/HomeDirect_ws/install/turtlebot3_example:/home/dev/HomeDirect_ws/install/nav_main:/opt/ros/humble /usr/bin/cmake --build /home/dev/HomeDirect_ws/build/turtlebot3_simulations -- -j8 -l8
[1.464s] Invoked command in '/home/dev/HomeDirect_ws/build/turtlebot3_simulations' returned '0': AMENT_PREFIX_PATH=/home/dev/HomeDirect_ws/install/turtlebot3_fake_node:/home/dev/HomeDirect_ws/install/turtlebot3_gazebo:${AMENT_PREFIX_PATH} CMAKE_PREFIX_PATH=/home/dev/HomeDirect_ws/install/turtlebot3_fake_node:/home/dev/HomeDirect_ws/install/turtlebot3_msgs:/home/dev/HomeDirect_ws/install/turtlebot3_gazebo:/home/dev/HomeDirect_ws/install/turtlebot3:/home/dev/HomeDirect_ws/install/turtlebot3_bringup:/home/dev/HomeDirect_ws/install/turtlebot3_node:/home/dev/HomeDirect_ws/install/turtlebot3_navigation2:/home/dev/HomeDirect_ws/install/turtlebot3_description:/home/dev/HomeDirect_ws/install/turtlebot3_cartographer:/home/dev/HomeDirect_ws/install/dynamixel_sdk_examples:/home/dev/HomeDirect_ws/install/dynamixel_sdk_custom_interfaces:/home/dev/HomeDirect_ws/install/dynamixel_sdk:/home/dev/HomeDirect_ws/install/turtlebot3_teleop:/home/dev/HomeDirect_ws/install/turtlebot3_example:/home/dev/HomeDirect_ws/install/nav_main:/opt/ros/humble /usr/bin/cmake --build /home/dev/HomeDirect_ws/build/turtlebot3_simulations -- -j8 -l8
[1.507s] Invoking command in '/home/dev/HomeDirect_ws/build/turtlebot3_simulations': AMENT_PREFIX_PATH=/home/dev/HomeDirect_ws/install/turtlebot3_fake_node:/home/dev/HomeDirect_ws/install/turtlebot3_gazebo:${AMENT_PREFIX_PATH} CMAKE_PREFIX_PATH=/home/dev/HomeDirect_ws/install/turtlebot3_fake_node:/home/dev/HomeDirect_ws/install/turtlebot3_msgs:/home/dev/HomeDirect_ws/install/turtlebot3_gazebo:/home/dev/HomeDirect_ws/install/turtlebot3:/home/dev/HomeDirect_ws/install/turtlebot3_bringup:/home/dev/HomeDirect_ws/install/turtlebot3_node:/home/dev/HomeDirect_ws/install/turtlebot3_navigation2:/home/dev/HomeDirect_ws/install/turtlebot3_description:/home/dev/HomeDirect_ws/install/turtlebot3_cartographer:/home/dev/HomeDirect_ws/install/dynamixel_sdk_examples:/home/dev/HomeDirect_ws/install/dynamixel_sdk_custom_interfaces:/home/dev/HomeDirect_ws/install/dynamixel_sdk:/home/dev/HomeDirect_ws/install/turtlebot3_teleop:/home/dev/HomeDirect_ws/install/turtlebot3_example:/home/dev/HomeDirect_ws/install/nav_main:/opt/ros/humble /usr/bin/cmake --install /home/dev/HomeDirect_ws/build/turtlebot3_simulations
[1.518s] -- Install configuration: ""
[1.519s] -- Execute custom install script
[1.520s] -- Symlinking: /home/dev/HomeDirect_ws/install/turtlebot3_simulations/share/ament_index/resource_index/package_run_dependencies/turtlebot3_simulations
[1.537s] -- Symlinking: /home/dev/HomeDirect_ws/install/turtlebot3_simulations/share/ament_index/resource_index/parent_prefix_path/turtlebot3_simulations
[1.559s] -- Symlinking: /home/dev/HomeDirect_ws/install/turtlebot3_simulations/share/turtlebot3_simulations/environment/ament_prefix_path.sh
[1.575s] -- Symlinking: /home/dev/HomeDirect_ws/install/turtlebot3_simulations/share/turtlebot3_simulations/environment/ament_prefix_path.dsv
[1.591s] -- Symlinking: /home/dev/HomeDirect_ws/install/turtlebot3_simulations/share/turtlebot3_simulations/environment/path.sh
[1.607s] -- Symlinking: /home/dev/HomeDirect_ws/install/turtlebot3_simulations/share/turtlebot3_simulations/environment/path.dsv
[1.626s] -- Symlinking: /home/dev/HomeDirect_ws/install/turtlebot3_simulations/share/turtlebot3_simulations/local_setup.bash
[1.649s] -- Symlinking: /home/dev/HomeDirect_ws/install/turtlebot3_simulations/share/turtlebot3_simulations/local_setup.sh
[1.667s] -- Symlinking: /home/dev/HomeDirect_ws/install/turtlebot3_simulations/share/turtlebot3_simulations/local_setup.zsh
[1.691s] -- Symlinking: /home/dev/HomeDirect_ws/install/turtlebot3_simulations/share/turtlebot3_simulations/local_setup.dsv
[1.709s] -- Symlinking: /home/dev/HomeDirect_ws/install/turtlebot3_simulations/share/turtlebot3_simulations/package.dsv
[1.727s] -- Symlinking: /home/dev/HomeDirect_ws/install/turtlebot3_simulations/share/ament_index/resource_index/packages/turtlebot3_simulations
[1.744s] -- Symlinking: /home/dev/HomeDirect_ws/install/turtlebot3_simulations/share/turtlebot3_simulations/cmake/turtlebot3_simulationsConfig.cmake
[1.760s] -- Symlinking: /home/dev/HomeDirect_ws/install/turtlebot3_simulations/share/turtlebot3_simulations/cmake/turtlebot3_simulationsConfig-version.cmake
[1.783s] -- Symlinking: /home/dev/HomeDirect_ws/install/turtlebot3_simulations/share/turtlebot3_simulations/package.xml
[1.808s] Invoked command in '/home/dev/HomeDirect_ws/build/turtlebot3_simulations' returned '0': AMENT_PREFIX_PATH=/home/dev/HomeDirect_ws/install/turtlebot3_fake_node:/home/dev/HomeDirect_ws/install/turtlebot3_gazebo:${AMENT_PREFIX_PATH} CMAKE_PREFIX_PATH=/home/dev/HomeDirect_ws/install/turtlebot3_fake_node:/home/dev/HomeDirect_ws/install/turtlebot3_msgs:/home/dev/HomeDirect_ws/install/turtlebot3_gazebo:/home/dev/HomeDirect_ws/install/turtlebot3:/home/dev/HomeDirect_ws/install/turtlebot3_bringup:/home/dev/HomeDirect_ws/install/turtlebot3_node:/home/dev/HomeDirect_ws/install/turtlebot3_navigation2:/home/dev/HomeDirect_ws/install/turtlebot3_description:/home/dev/HomeDirect_ws/install/turtlebot3_cartographer:/home/dev/HomeDirect_ws/install/dynamixel_sdk_examples:/home/dev/HomeDirect_ws/install/dynamixel_sdk_custom_interfaces:/home/dev/HomeDirect_ws/install/dynamixel_sdk:/home/dev/HomeDirect_ws/install/turtlebot3_teleop:/home/dev/HomeDirect_ws/install/turtlebot3_example:/home/dev/HomeDirect_ws/install/nav_main:/opt/ros/humble /usr/bin/cmake --install /home/dev/HomeDirect_ws/build/turtlebot3_simulations
