[0.000000] (-) TimerEvent: {}
[0.000668] (-) JobUnselected: {'identifier': 'dynamixel_sdk'}
[0.001122] (-) JobUnselected: {'identifier': 'dynamixel_sdk_custom_interfaces'}
[0.002746] (-) JobUnselected: {'identifier': 'dynamixel_sdk_examples'}
[0.003023] (-) JobUnselected: {'identifier': 'nav_main'}
[0.003094] (-) JobUnselected: {'identifier': 'turtlebot3'}
[0.003155] (-) JobUnselected: {'identifier': 'turtlebot3_bringup'}
[0.004193] (-) JobUnselected: {'identifier': 'turtlebot3_cartographer'}
[0.004294] (-) JobUnselected: {'identifier': 'turtlebot3_description'}
[0.005183] (-) JobUnselected: {'identifier': 'turtlebot3_example'}
[0.005267] (-) JobUnselected: {'identifier': 'turtlebot3_fake_node'}
[0.005328] (-) JobUnselected: {'identifier': 'turtlebot3_gazebo'}
[0.005391] (-) JobUnselected: {'identifier': 'turtlebot3_msgs'}
[0.005787] (-) JobUnselected: {'identifier': 'turtlebot3_navigation2'}
[0.005853] (-) JobUnselected: {'identifier': 'turtlebot3_node'}
[0.005912] (-) JobUnselected: {'identifier': 'turtlebot3_teleop'}
[0.005984] (turtlebot3_simulations) JobQueued: {'identifier': 'turtlebot3_simulations', 'dependencies': OrderedDict([('turtlebot3_gazebo', '/home/dev/HomeDirect_ws/install/turtlebot3_gazebo'), ('turtlebot3_msgs', '/home/dev/HomeDirect_ws/install/turtlebot3_msgs'), ('turtlebot3_fake_node', '/home/dev/HomeDirect_ws/install/turtlebot3_fake_node')])}
[0.007977] (turtlebot3_simulations) JobStarted: {'identifier': 'turtlebot3_simulations'}
[0.051297] (turtlebot3_simulations) JobEnded: {'identifier': 'turtlebot3_simulations', 'rc': 1}
[0.062892] (-) EventReactorShutdown: {}
