[0.094s] Invoking command in '/home/dev/HomeDirect_ws/build/turtlebot3_gazebo': CMAKE_PREFIX_PATH=${CMAKE_PREFIX_PATH}:/home/dev/HomeDirect_ws/install/turtlebot3_teleop:/home/dev/HomeDirect_ws/install/turtlebot3_example:/home/dev/HomeDirect_ws/install/nav_main:/opt/ros/humble /usr/bin/cmake /home/dev/HomeDirect_ws/src/turtlebot3_simulations/turtlebot3_gazebo -DAMENT_CMAKE_SYMLINK_INSTALL=1 -DCMAKE_INSTALL_PREFIX=/home/dev/HomeDirect_ws/install/turtlebot3_gazebo
[1.035s] -- The C compiler identification is GNU 11.3.0
[1.035s] -- The CXX compiler identification is GNU 11.3.0
[1.035s] -- Detecting C compiler ABI info
[1.035s] -- Detecting C compiler ABI info - done
[1.035s] -- Check for working C compiler: /usr/bin/cc - skipped
[1.036s] -- Detecting C compile features
[1.036s] -- Detecting C compile features - done
[1.036s] -- Detecting CXX compiler ABI info
[1.036s] -- Detecting CXX compiler ABI info - done
[1.036s] -- Check for working CXX compiler: /usr/bin/c++ - skipped
[1.036s] -- Detecting CXX compile features
[1.037s] -- Detecting CXX compile features - done
[1.037s] -- Found ament_cmake: 1.3.4 (/opt/ros/humble/share/ament_cmake/cmake)
[1.537s] -- Found Python3: /usr/bin/python3.10 (found version "3.10.6") found components: Interpreter 
[1.713s] -- Override CMake install command with custom implementation using symlinks instead of copying resources
[1.800s] [33mCMake Warning (dev) at /usr/share/cmake-3.22/Modules/FindPackageHandleStandardArgs.cmake:438 (message):
[1.801s]   The package name passed to `find_package_handle_standard_args` (PkgConfig)
[1.801s]   does not match the name of the calling package (gazebo).  This can lead to
[1.801s]   problems in calling code that expects `find_package` result variables
[1.801s]   (e.g., `_FOUND`) to follow a certain pattern.
[1.801s] Call Stack (most recent call first):
[1.802s]   /usr/share/cmake-3.22/Modules/FindPkgConfig.cmake:99 (find_package_handle_standard_args)
[1.802s]   /usr/lib/x86_64-linux-gnu/cmake/gazebo/gazebo-config.cmake:72 (include)
[1.802s]   CMakeLists.txt:23 (find_package)
[1.802s] This warning is for project developers.  Use -Wno-dev to suppress it.
[1.802s] [0m
[1.802s] -- Found PkgConfig: /usr/bin/pkg-config (found version "0.29.2") 
[1.810s] -- Checking for module 'bullet>=2.82'
[1.837s] --   Found bullet, version 3.05
[2.051s] -- Found fcl: /usr/include (found suitable version "0.7.0", minimum required is "0.5.0") 
[2.152s] -- Found assimp: /usr/include (found version "5.2.0") 
[2.228s] -- Found DART: /usr/include (Required is at least version "6.6") found components: dart 
[2.729s] -- Found Boost: /usr/lib/x86_64-linux-gnu/cmake/Boost-1.74.0/BoostConfig.cmake (found suitable version "1.74.0", minimum required is "1.40.0") found components: thread system filesystem program_options regex iostreams date_time 
[2.799s] -- Found Protobuf: /usr/lib/x86_64-linux-gnu/libprotobuf.so (found version "3.12.4") 
[2.816s] -- Looking for ignition-math6 -- found version 6.12.0
[2.831s] -- Searching for dependencies of ignition-math6
[2.840s] -- Looking for OGRE...
[2.841s] -- OGRE_PREFIX_WATCH changed.
[2.846s] -- Checking for module 'OGRE'
[2.879s] --   Found OGRE, version 1.9.0
[2.962s] -- Found Ogre Ghadamon (1.9.0)
[3.009s] -- Found OGRE: optimized;/usr/lib/x86_64-linux-gnu/libOgreMain.so;debug;/usr/lib/x86_64-linux-gnu/libOgreMain.so
[3.035s] -- Looking for OGRE_Paging...
[3.064s] -- Found OGRE_Paging: optimized;/usr/lib/x86_64-linux-gnu/libOgrePaging.so;debug;/usr/lib/x86_64-linux-gnu/libOgrePaging.so
[3.064s] -- Looking for OGRE_Terrain...
[3.096s] -- Found OGRE_Terrain: optimized;/usr/lib/x86_64-linux-gnu/libOgreTerrain.so;debug;/usr/lib/x86_64-linux-gnu/libOgreTerrain.so
[3.096s] -- Looking for OGRE_Property...
[3.123s] -- Found OGRE_Property: optimized;/usr/lib/x86_64-linux-gnu/libOgreProperty.so;debug;/usr/lib/x86_64-linux-gnu/libOgreProperty.so
[3.123s] -- Looking for OGRE_RTShaderSystem...
[3.152s] -- Found OGRE_RTShaderSystem: optimized;/usr/lib/x86_64-linux-gnu/libOgreRTShaderSystem.so;debug;/usr/lib/x86_64-linux-gnu/libOgreRTShaderSystem.so
[3.152s] -- Looking for OGRE_Volume...
[3.183s] -- Found OGRE_Volume: optimized;/usr/lib/x86_64-linux-gnu/libOgreVolume.so;debug;/usr/lib/x86_64-linux-gnu/libOgreVolume.so
[3.183s] -- Looking for OGRE_Overlay...
[3.211s] -- Found OGRE_Overlay: optimized;/usr/lib/x86_64-linux-gnu/libOgreOverlay.so;debug;/usr/lib/x86_64-linux-gnu/libOgreOverlay.so
[3.627s] -- Looking for ignition-math6 -- found version 6.12.0
[3.633s] -- Looking for ignition-transport8 -- found version 8.2.1
[3.633s] -- Searching for dependencies of ignition-transport8
[3.673s] -- Found Protobuf: /usr/lib/x86_64-linux-gnu/libprotobuf.so (found suitable version "3.12.4", minimum required is "3") 
[3.699s] -- Config-file not installed for ZeroMQ -- checking for pkg-config
[3.717s] -- Checking for module 'libzmq >= 4'
[3.752s] --   Found libzmq , version 4.3.4
[3.883s] -- Found ZeroMQ: TRUE (Required is at least version "4") 
[3.899s] -- Checking for module 'uuid'
[3.938s] --   Found uuid, version 2.37.2
[4.036s] -- Found UUID: TRUE  
[4.045s] -- Looking for ignition-msgs5 -- found version 5.8.1
[4.048s] -- Searching for dependencies of ignition-msgs5
[4.091s] -- Looking for ignition-math6 -- found version 6.12.0
[4.105s] -- Checking for module 'tinyxml2'
[4.141s] --   Found tinyxml2, version 9.0.0
[4.241s] -- Looking for ignition-msgs5 -- found version 5.8.1
[4.252s] -- Looking for ignition-common3 -- found version 3.14.0
[4.263s] -- Searching for dependencies of ignition-common3
[4.266s] -- Looking for dlfcn.h - found
[4.266s] -- Looking for libdl - found
[4.266s] -- Found DL: TRUE  
[4.305s] -- Found tinyobjloader: /usr/lib/x86_64-linux-gnu/cmake/tinyobjloader/tinyobjloader-config.cmake (found version "2.0.0") 
[4.309s] -- Searching for <ignition-common3> component [graphics]
[4.319s] -- Looking for ignition-common3-graphics -- found version 3.14.0
[4.322s] -- Searching for dependencies of ignition-common3-graphics
[4.324s] -- Looking for ignition-math6 -- found version 6.12.0
[4.336s] -- Looking for ignition-fuel_tools4 -- found version 4.4.0
[4.338s] -- Searching for dependencies of ignition-fuel_tools4
[4.535s] -- Found CURL: /usr/lib/x86_64-linux-gnu/libcurl.so (found version "7.81.0")  
[4.568s] -- Checking for module 'jsoncpp'
[4.604s] --   Found jsoncpp, version 1.9.5
[4.684s] -- Found JSONCPP: TRUE  
[4.706s] -- Checking for module 'libzip'
[4.742s] --   Found libzip, version 1.7.3
[4.833s] -- Found ZIP: TRUE  
[4.835s] -- Looking for ignition-common3 -- found version 3.14.0
[4.835s] -- Looking for ignition-math6 -- found version 6.12.0
[4.836s] -- Looking for ignition-msgs5 -- found version 5.8.1
[4.859s] -- Found gazebo_ros_pkgs: 3.7.0 (/opt/ros/humble/share/gazebo_ros_pkgs/cmake)
[4.864s] -- Found geometry_msgs: 4.2.3 (/opt/ros/humble/share/geometry_msgs/cmake)
[4.954s] -- Found rosidl_generator_c: 3.1.4 (/opt/ros/humble/share/rosidl_generator_c/cmake)
[4.967s] -- Found rosidl_adapter: 3.1.4 (/opt/ros/humble/share/rosidl_adapter/cmake)
[4.987s] -- Found rosidl_generator_cpp: 3.1.4 (/opt/ros/humble/share/rosidl_generator_cpp/cmake)
[5.019s] -- Using all available rosidl_typesupport_c: rosidl_typesupport_fastrtps_c;rosidl_typesupport_introspection_c
[5.062s] -- Using all available rosidl_typesupport_cpp: rosidl_typesupport_fastrtps_cpp;rosidl_typesupport_introspection_cpp
[5.301s] -- Found nav_msgs: 4.2.3 (/opt/ros/humble/share/nav_msgs/cmake)
[5.458s] -- Found rclcpp: 16.0.4 (/opt/ros/humble/share/rclcpp/cmake)
[5.590s] -- Found rmw_implementation_cmake: 6.1.1 (/opt/ros/humble/share/rmw_implementation_cmake/cmake)
[5.602s] -- Found rmw_fastrtps_cpp: 6.2.2 (/opt/ros/humble/share/rmw_fastrtps_cpp/cmake)
[5.811s] -- Found OpenSSL: /usr/lib/x86_64-linux-gnu/libcrypto.so (found version "3.0.2")  
[5.865s] -- Found FastRTPS: /opt/ros/humble/include  
[5.958s] -- Using RMW implementation 'rmw_fastrtps_cpp' as default
[5.982s] -- Found Threads: TRUE  
[6.233s] -- Found sensor_msgs: 4.2.3 (/opt/ros/humble/share/sensor_msgs/cmake)
[6.404s] -- Found tf2: 0.25.2 (/opt/ros/humble/share/tf2/cmake)
[6.575s] -- Configuring done
[6.644s] -- Generating done
[6.649s] -- Build files have been written to: /home/dev/HomeDirect_ws/build/turtlebot3_gazebo
[6.676s] Invoked command in '/home/dev/HomeDirect_ws/build/turtlebot3_gazebo' returned '0': CMAKE_PREFIX_PATH=${CMAKE_PREFIX_PATH}:/home/dev/HomeDirect_ws/install/turtlebot3_teleop:/home/dev/HomeDirect_ws/install/turtlebot3_example:/home/dev/HomeDirect_ws/install/nav_main:/opt/ros/humble /usr/bin/cmake /home/dev/HomeDirect_ws/src/turtlebot3_simulations/turtlebot3_gazebo -DAMENT_CMAKE_SYMLINK_INSTALL=1 -DCMAKE_INSTALL_PREFIX=/home/dev/HomeDirect_ws/install/turtlebot3_gazebo
[6.679s] Invoking command in '/home/dev/HomeDirect_ws/build/turtlebot3_gazebo': CMAKE_PREFIX_PATH=${CMAKE_PREFIX_PATH}:/home/dev/HomeDirect_ws/install/turtlebot3_teleop:/home/dev/HomeDirect_ws/install/turtlebot3_example:/home/dev/HomeDirect_ws/install/nav_main:/opt/ros/humble /usr/bin/cmake --build /home/dev/HomeDirect_ws/build/turtlebot3_gazebo -- -j8 -l8
[6.769s] [ 25%] [32mBuilding CXX object CMakeFiles/obstacles.dir/models/turtlebot3_dqn_world/obstacle_plugin/obstacles.cc.o[0m
[6.769s] [ 25%] [32mBuilding CXX object CMakeFiles/obstacle1.dir/models/turtlebot3_dqn_world/obstacle_plugin/obstacle1.cc.o[0m
[6.775s] [ 50%] [32mBuilding CXX object CMakeFiles/obstacle2.dir/models/turtlebot3_dqn_world/obstacle_plugin/obstacle2.cc.o[0m
[6.775s] [ 50%] [32mBuilding CXX object CMakeFiles/turtlebot3_drive.dir/src/turtlebot3_drive.cpp.o[0m
[39.962s] [ 62%] [32m[1mLinking CXX shared library libobstacles.so[0m
[40.234s] [ 75%] [32m[1mLinking CXX shared library libobstacle1.so[0m
[40.589s] [ 87%] [32m[1mLinking CXX shared library libobstacle2.so[0m
[40.912s] [ 87%] Built target obstacles
[41.085s] [ 87%] Built target obstacle1
[41.296s] [ 87%] Built target obstacle2
[43.590s] [100%] [32m[1mLinking CXX executable turtlebot3_drive[0m
[45.102s] [100%] Built target turtlebot3_drive
[45.127s] Invoked command in '/home/dev/HomeDirect_ws/build/turtlebot3_gazebo' returned '0': CMAKE_PREFIX_PATH=${CMAKE_PREFIX_PATH}:/home/dev/HomeDirect_ws/install/turtlebot3_teleop:/home/dev/HomeDirect_ws/install/turtlebot3_example:/home/dev/HomeDirect_ws/install/nav_main:/opt/ros/humble /usr/bin/cmake --build /home/dev/HomeDirect_ws/build/turtlebot3_gazebo -- -j8 -l8
[45.189s] Invoking command in '/home/dev/HomeDirect_ws/build/turtlebot3_gazebo': CMAKE_PREFIX_PATH=${CMAKE_PREFIX_PATH}:/home/dev/HomeDirect_ws/install/turtlebot3_teleop:/home/dev/HomeDirect_ws/install/turtlebot3_example:/home/dev/HomeDirect_ws/install/nav_main:/opt/ros/humble /usr/bin/cmake --install /home/dev/HomeDirect_ws/build/turtlebot3_gazebo
[45.203s] -- Install configuration: ""
[45.204s] -- Execute custom install script
[45.204s] -- Symlinking: /home/dev/HomeDirect_ws/install/turtlebot3_gazebo/lib/turtlebot3_gazebo/turtlebot3_drive
[45.221s] -- Symlinking: /home/dev/HomeDirect_ws/install/turtlebot3_gazebo/share/turtlebot3_gazebo//launch/empty_world.launch.py
[45.237s] -- Symlinking: /home/dev/HomeDirect_ws/install/turtlebot3_gazebo/share/turtlebot3_gazebo//launch/robot_state_publisher.launch.py
[45.250s] -- Symlinking: /home/dev/HomeDirect_ws/install/turtlebot3_gazebo/share/turtlebot3_gazebo//launch/spawn_turtlebot3.launch.py
[45.265s] -- Symlinking: /home/dev/HomeDirect_ws/install/turtlebot3_gazebo/share/turtlebot3_gazebo//launch/turtlebot3_dqn_stage1.launch.py
[45.280s] -- Symlinking: /home/dev/HomeDirect_ws/install/turtlebot3_gazebo/share/turtlebot3_gazebo//launch/turtlebot3_dqn_stage2.launch.py
[45.294s] -- Symlinking: /home/dev/HomeDirect_ws/install/turtlebot3_gazebo/share/turtlebot3_gazebo//launch/turtlebot3_dqn_stage3.launch.py
[45.308s] -- Symlinking: /home/dev/HomeDirect_ws/install/turtlebot3_gazebo/share/turtlebot3_gazebo//launch/turtlebot3_dqn_stage4.launch.py
[45.323s] -- Symlinking: /home/dev/HomeDirect_ws/install/turtlebot3_gazebo/share/turtlebot3_gazebo//launch/turtlebot3_house.launch.py
[45.339s] -- Symlinking: /home/dev/HomeDirect_ws/install/turtlebot3_gazebo/share/turtlebot3_gazebo//launch/turtlebot3_world.launch.py
[45.354s] -- Symlinking: /home/dev/HomeDirect_ws/install/turtlebot3_gazebo/share/turtlebot3_gazebo//models/turtlebot3_burger/model-1_4.sdf
[45.370s] -- Symlinking: /home/dev/HomeDirect_ws/install/turtlebot3_gazebo/share/turtlebot3_gazebo//models/turtlebot3_burger/model.config
[45.385s] -- Symlinking: /home/dev/HomeDirect_ws/install/turtlebot3_gazebo/share/turtlebot3_gazebo//models/turtlebot3_burger/model.sdf
[45.399s] -- Symlinking: /home/dev/HomeDirect_ws/install/turtlebot3_gazebo/share/turtlebot3_gazebo//models/turtlebot3_common/meshes/burger_base.dae
[45.413s] -- Symlinking: /home/dev/HomeDirect_ws/install/turtlebot3_gazebo/share/turtlebot3_gazebo//models/turtlebot3_common/meshes/lds.dae
[45.427s] -- Symlinking: /home/dev/HomeDirect_ws/install/turtlebot3_gazebo/share/turtlebot3_gazebo//models/turtlebot3_common/meshes/r200.dae
[45.441s] -- Symlinking: /home/dev/HomeDirect_ws/install/turtlebot3_gazebo/share/turtlebot3_gazebo//models/turtlebot3_common/meshes/tire.dae
[45.455s] -- Symlinking: /home/dev/HomeDirect_ws/install/turtlebot3_gazebo/share/turtlebot3_gazebo//models/turtlebot3_common/meshes/waffle_base.dae
[45.476s] -- Symlinking: /home/dev/HomeDirect_ws/install/turtlebot3_gazebo/share/turtlebot3_gazebo//models/turtlebot3_common/meshes/waffle_pi_base.dae
[45.491s] -- Symlinking: /home/dev/HomeDirect_ws/install/turtlebot3_gazebo/share/turtlebot3_gazebo//models/turtlebot3_common/model.config
[45.506s] -- Symlinking: /home/dev/HomeDirect_ws/install/turtlebot3_gazebo/share/turtlebot3_gazebo//models/turtlebot3_dqn_world/goal_box/model.config
[45.519s] -- Symlinking: /home/dev/HomeDirect_ws/install/turtlebot3_gazebo/share/turtlebot3_gazebo//models/turtlebot3_dqn_world/goal_box/model.sdf
[45.541s] -- Symlinking: /home/dev/HomeDirect_ws/install/turtlebot3_gazebo/share/turtlebot3_gazebo//models/turtlebot3_dqn_world/inner_walls/model.config
[45.556s] -- Symlinking: /home/dev/HomeDirect_ws/install/turtlebot3_gazebo/share/turtlebot3_gazebo//models/turtlebot3_dqn_world/inner_walls/model.sdf
[45.576s] -- Symlinking: /home/dev/HomeDirect_ws/install/turtlebot3_gazebo/share/turtlebot3_gazebo//models/turtlebot3_dqn_world/model.config
[45.591s] -- Symlinking: /home/dev/HomeDirect_ws/install/turtlebot3_gazebo/share/turtlebot3_gazebo//models/turtlebot3_dqn_world/model.sdf
[45.605s] -- Symlinking: /home/dev/HomeDirect_ws/install/turtlebot3_gazebo/share/turtlebot3_gazebo//models/turtlebot3_dqn_world/obstacle1/model.config
[45.619s] -- Symlinking: /home/dev/HomeDirect_ws/install/turtlebot3_gazebo/share/turtlebot3_gazebo//models/turtlebot3_dqn_world/obstacle1/model.sdf
[45.641s] -- Symlinking: /home/dev/HomeDirect_ws/install/turtlebot3_gazebo/share/turtlebot3_gazebo//models/turtlebot3_dqn_world/obstacle2/model.config
[45.664s] -- Symlinking: /home/dev/HomeDirect_ws/install/turtlebot3_gazebo/share/turtlebot3_gazebo//models/turtlebot3_dqn_world/obstacle2/model.sdf
[45.679s] -- Symlinking: /home/dev/HomeDirect_ws/install/turtlebot3_gazebo/share/turtlebot3_gazebo//models/turtlebot3_dqn_world/obstacle_plugin/CMakeLists.txt
[45.694s] -- Symlinking: /home/dev/HomeDirect_ws/install/turtlebot3_gazebo/share/turtlebot3_gazebo//models/turtlebot3_dqn_world/obstacle_plugin/obstacle1.cc
[45.709s] -- Symlinking: /home/dev/HomeDirect_ws/install/turtlebot3_gazebo/share/turtlebot3_gazebo//models/turtlebot3_dqn_world/obstacle_plugin/obstacle2.cc
[45.730s] -- Symlinking: /home/dev/HomeDirect_ws/install/turtlebot3_gazebo/share/turtlebot3_gazebo//models/turtlebot3_dqn_world/obstacle_plugin/obstacles.cc
[45.745s] -- Symlinking: /home/dev/HomeDirect_ws/install/turtlebot3_gazebo/share/turtlebot3_gazebo//models/turtlebot3_dqn_world/obstacles/model.config
[45.768s] -- Symlinking: /home/dev/HomeDirect_ws/install/turtlebot3_gazebo/share/turtlebot3_gazebo//models/turtlebot3_dqn_world/obstacles/model.sdf
[45.785s] -- Symlinking: /home/dev/HomeDirect_ws/install/turtlebot3_gazebo/share/turtlebot3_gazebo//models/turtlebot3_house/model.config
[45.798s] -- Symlinking: /home/dev/HomeDirect_ws/install/turtlebot3_gazebo/share/turtlebot3_gazebo//models/turtlebot3_house/model.sdf
[45.811s] -- Symlinking: /home/dev/HomeDirect_ws/install/turtlebot3_gazebo/share/turtlebot3_gazebo//models/turtlebot3_waffle/model-1_4.sdf
[45.825s] -- Symlinking: /home/dev/HomeDirect_ws/install/turtlebot3_gazebo/share/turtlebot3_gazebo//models/turtlebot3_waffle/model.config
[45.840s] -- Symlinking: /home/dev/HomeDirect_ws/install/turtlebot3_gazebo/share/turtlebot3_gazebo//models/turtlebot3_waffle/model.sdf
[45.854s] -- Symlinking: /home/dev/HomeDirect_ws/install/turtlebot3_gazebo/share/turtlebot3_gazebo//models/turtlebot3_waffle_pi/model-1_4_.sdf
[45.868s] -- Symlinking: /home/dev/HomeDirect_ws/install/turtlebot3_gazebo/share/turtlebot3_gazebo//models/turtlebot3_waffle_pi/model.config
[45.887s] -- Symlinking: /home/dev/HomeDirect_ws/install/turtlebot3_gazebo/share/turtlebot3_gazebo//models/turtlebot3_waffle_pi/model.sdf
[45.906s] -- Symlinking: /home/dev/HomeDirect_ws/install/turtlebot3_gazebo/share/turtlebot3_gazebo//models/turtlebot3_world/meshes/hexagon.dae
[45.925s] -- Symlinking: /home/dev/HomeDirect_ws/install/turtlebot3_gazebo/share/turtlebot3_gazebo//models/turtlebot3_world/meshes/wall.dae
[45.944s] -- Symlinking: /home/dev/HomeDirect_ws/install/turtlebot3_gazebo/share/turtlebot3_gazebo//models/turtlebot3_world/model-1_4.sdf
[45.963s] -- Symlinking: /home/dev/HomeDirect_ws/install/turtlebot3_gazebo/share/turtlebot3_gazebo//models/turtlebot3_world/model.config
[45.983s] -- Symlinking: /home/dev/HomeDirect_ws/install/turtlebot3_gazebo/share/turtlebot3_gazebo//models/turtlebot3_world/model.sdf
[46.000s] -- Symlinking: /home/dev/HomeDirect_ws/install/turtlebot3_gazebo/share/turtlebot3_gazebo//rviz/tb3_gazebo.rviz
[46.019s] -- Symlinking: /home/dev/HomeDirect_ws/install/turtlebot3_gazebo/share/turtlebot3_gazebo//urdf/common_properties.urdf
[46.038s] -- Symlinking: /home/dev/HomeDirect_ws/install/turtlebot3_gazebo/share/turtlebot3_gazebo//urdf/turtlebot3_burger.urdf
[46.057s] -- Symlinking: /home/dev/HomeDirect_ws/install/turtlebot3_gazebo/share/turtlebot3_gazebo//urdf/turtlebot3_waffle.urdf
[46.075s] -- Symlinking: /home/dev/HomeDirect_ws/install/turtlebot3_gazebo/share/turtlebot3_gazebo//urdf/turtlebot3_waffle_pi.urdf
[46.090s] -- Symlinking: /home/dev/HomeDirect_ws/install/turtlebot3_gazebo/share/turtlebot3_gazebo//worlds/empty_world.world
[46.103s] -- Symlinking: /home/dev/HomeDirect_ws/install/turtlebot3_gazebo/share/turtlebot3_gazebo//worlds/turtlebot3_dqn_stage1.world
[46.117s] -- Symlinking: /home/dev/HomeDirect_ws/install/turtlebot3_gazebo/share/turtlebot3_gazebo//worlds/turtlebot3_dqn_stage2.world
[46.131s] -- Symlinking: /home/dev/HomeDirect_ws/install/turtlebot3_gazebo/share/turtlebot3_gazebo//worlds/turtlebot3_dqn_stage3.world
[46.148s] -- Symlinking: /home/dev/HomeDirect_ws/install/turtlebot3_gazebo/share/turtlebot3_gazebo//worlds/turtlebot3_dqn_stage4.world
[46.161s] -- Symlinking: /home/dev/HomeDirect_ws/install/turtlebot3_gazebo/share/turtlebot3_gazebo//worlds/turtlebot3_house.world
[46.175s] -- Symlinking: /home/dev/HomeDirect_ws/install/turtlebot3_gazebo/share/turtlebot3_gazebo//worlds/turtlebot3_world.world
[46.189s] -- Symlinking: /home/dev/HomeDirect_ws/install/turtlebot3_gazebo/include//turtlebot3_gazebo/turtlebot3_drive.hpp
[46.204s] -- Symlinking: /home/dev/HomeDirect_ws/install/turtlebot3_gazebo/share/ament_index/resource_index/package_run_dependencies/turtlebot3_gazebo
[46.218s] -- Symlinking: /home/dev/HomeDirect_ws/install/turtlebot3_gazebo/share/ament_index/resource_index/parent_prefix_path/turtlebot3_gazebo
[46.232s] -- Symlinking: /home/dev/HomeDirect_ws/install/turtlebot3_gazebo/share/turtlebot3_gazebo/environment/ament_prefix_path.sh
[46.252s] -- Symlinking: /home/dev/HomeDirect_ws/install/turtlebot3_gazebo/share/turtlebot3_gazebo/environment/ament_prefix_path.dsv
[46.273s] -- Symlinking: /home/dev/HomeDirect_ws/install/turtlebot3_gazebo/share/turtlebot3_gazebo/environment/path.sh
[46.292s] -- Symlinking: /home/dev/HomeDirect_ws/install/turtlebot3_gazebo/share/turtlebot3_gazebo/environment/path.dsv
[46.311s] -- Symlinking: /home/dev/HomeDirect_ws/install/turtlebot3_gazebo/share/turtlebot3_gazebo/local_setup.bash
[46.332s] -- Symlinking: /home/dev/HomeDirect_ws/install/turtlebot3_gazebo/share/turtlebot3_gazebo/local_setup.sh
[46.346s] -- Symlinking: /home/dev/HomeDirect_ws/install/turtlebot3_gazebo/share/turtlebot3_gazebo/local_setup.zsh
[46.365s] -- Symlinking: /home/dev/HomeDirect_ws/install/turtlebot3_gazebo/share/turtlebot3_gazebo/local_setup.dsv
[46.379s] -- Symlinking: /home/dev/HomeDirect_ws/install/turtlebot3_gazebo/share/turtlebot3_gazebo/package.dsv
[46.398s] -- Symlinking: /home/dev/HomeDirect_ws/install/turtlebot3_gazebo/share/ament_index/resource_index/packages/turtlebot3_gazebo
[46.412s] -- Symlinking: /home/dev/HomeDirect_ws/install/turtlebot3_gazebo/share/turtlebot3_gazebo/cmake/ament_cmake_export_include_directories-extras.cmake
[46.433s] -- Symlinking: /home/dev/HomeDirect_ws/install/turtlebot3_gazebo/share/turtlebot3_gazebo/cmake/ament_cmake_export_dependencies-extras.cmake
[46.450s] -- Symlinking: /home/dev/HomeDirect_ws/install/turtlebot3_gazebo/share/turtlebot3_gazebo/cmake/turtlebot3_gazeboConfig.cmake
[46.466s] -- Symlinking: /home/dev/HomeDirect_ws/install/turtlebot3_gazebo/share/turtlebot3_gazebo/cmake/turtlebot3_gazeboConfig-version.cmake
[46.484s] -- Symlinking: /home/dev/HomeDirect_ws/install/turtlebot3_gazebo/share/turtlebot3_gazebo/package.xml
[46.517s] Invoked command in '/home/dev/HomeDirect_ws/build/turtlebot3_gazebo' returned '0': CMAKE_PREFIX_PATH=${CMAKE_PREFIX_PATH}:/home/dev/HomeDirect_ws/install/turtlebot3_teleop:/home/dev/HomeDirect_ws/install/turtlebot3_example:/home/dev/HomeDirect_ws/install/nav_main:/opt/ros/humble /usr/bin/cmake --install /home/dev/HomeDirect_ws/build/turtlebot3_gazebo
