[3.610s] Invoking command in '/home/dev/HomeDirect_ws/build/turtlebot3_teleop': PYTHONPATH=/home/dev/HomeDirect_ws/build/turtlebot3_teleop/prefix_override:/home/dev/HomeDirect_ws/install/turtlebot3_teleop/lib/python3.10/site-packages:${PYTHONPATH} /usr/bin/python3 setup.py develop --editable --build-directory /home/dev/HomeDirect_ws/build/turtlebot3_teleop/build --no-deps install_data
[4.609s] running develop
[4.612s] /usr/lib/python3/dist-packages/setuptools/command/easy_install.py:158: EasyInstallDeprecationWarning: easy_install command is deprecated. Use build and pip and other standards-based tools.
[4.613s]   warnings.warn(
[4.614s] /usr/lib/python3/dist-packages/setuptools/command/install.py:34: SetuptoolsDeprecationWarning: setup.py install is deprecated. Use build and pip and other standards-based tools.
[4.615s]   warnings.warn(
[4.744s] /usr/lib/python3/dist-packages/pkg_resources/__init__.py:116: PkgResourcesDeprecationWarning: 1.16.0-unknown is an invalid version and will not be supported in a future release
[4.744s]   warnings.warn(
[4.746s] /usr/lib/python3/dist-packages/pkg_resources/__init__.py:116: PkgResourcesDeprecationWarning: 1.1build1 is an invalid version and will not be supported in a future release
[4.748s]   warnings.warn(
[4.748s] /usr/lib/python3/dist-packages/pkg_resources/__init__.py:116: PkgResourcesDeprecationWarning: 0.1.43ubuntu1 is an invalid version and will not be supported in a future release
[4.748s]   warnings.warn(
[5.036s] running egg_info
[5.036s] creating turtlebot3_teleop.egg-info
[5.037s] writing turtlebot3_teleop.egg-info/PKG-INFO
[5.037s] writing dependency_links to turtlebot3_teleop.egg-info/dependency_links.txt
[5.037s] writing entry points to turtlebot3_teleop.egg-info/entry_points.txt
[5.038s] writing requirements to turtlebot3_teleop.egg-info/requires.txt
[5.038s] writing top-level names to turtlebot3_teleop.egg-info/top_level.txt
[5.038s] writing manifest file 'turtlebot3_teleop.egg-info/SOURCES.txt'
[5.042s] reading manifest file 'turtlebot3_teleop.egg-info/SOURCES.txt'
[5.044s] writing manifest file 'turtlebot3_teleop.egg-info/SOURCES.txt'
[5.047s] running build_ext
[5.048s] Creating /home/dev/HomeDirect_ws/install/turtlebot3_teleop/lib/python3.10/site-packages/turtlebot3-teleop.egg-link (link to .)
[5.050s] Installing teleop_keyboard script to /home/dev/HomeDirect_ws/install/turtlebot3_teleop/lib/turtlebot3_teleop
[5.051s] 
[5.051s] Installed /home/dev/HomeDirect_ws/build/turtlebot3_teleop
[5.051s] running install_data
[5.051s] creating /home/dev/HomeDirect_ws/install/turtlebot3_teleop/share/ament_index
[5.051s] creating /home/dev/HomeDirect_ws/install/turtlebot3_teleop/share/ament_index/resource_index
[5.051s] creating /home/dev/HomeDirect_ws/install/turtlebot3_teleop/share/ament_index/resource_index/packages
[5.051s] copying resource/turtlebot3_teleop -> /home/dev/HomeDirect_ws/install/turtlebot3_teleop/share/ament_index/resource_index/packages
[5.052s] copying package.xml -> /home/dev/HomeDirect_ws/install/turtlebot3_teleop/share/turtlebot3_teleop
[5.198s] Invoked command in '/home/dev/HomeDirect_ws/build/turtlebot3_teleop' returned '0': PYTHONPATH=/home/dev/HomeDirect_ws/build/turtlebot3_teleop/prefix_override:/home/dev/HomeDirect_ws/install/turtlebot3_teleop/lib/python3.10/site-packages:${PYTHONPATH} /usr/bin/python3 setup.py develop --editable --build-directory /home/dev/HomeDirect_ws/build/turtlebot3_teleop/build --no-deps install_data
