[0.041s] Invoking command in '/home/dev/HomeDirect_ws/build/turtlebot3_bringup': CMAKE_PREFIX_PATH=/home/dev/HomeDirect_ws/install/turtlebot3_node:/home/dev/HomeDirect_ws/install/turtlebot3_msgs:/home/dev/HomeDirect_ws/install/turtlebot3_description:/home/dev/HomeDirect_ws/install/dynamixel_sdk:/home/dev/HomeDirect_ws/install/turtlebot3:/home/dev/HomeDirect_ws/install/turtlebot3_bringup:/home/dev/HomeDirect_ws/install/turtlebot3_navigation2:/home/dev/HomeDirect_ws/install/turtlebot3_cartographer:/home/dev/HomeDirect_ws/install/dynamixel_sdk_examples:/home/dev/HomeDirect_ws/install/dynamixel_sdk_custom_interfaces:/home/dev/HomeDirect_ws/install/turtlebot3_teleop:/home/dev/HomeDirect_ws/install/turtlebot3_example:/home/dev/HomeDirect_ws/install/nav_main:/opt/ros/humble LD_LIBRARY_PATH=/home/dev/HomeDirect_ws/install/turtlebot3_msgs/lib:/home/dev/HomeDirect_ws/install/dynamixel_sdk/lib:/home/dev/HomeDirect_ws/install/dynamixel_sdk_custom_interfaces/lib:/usr/lib/x86_64-linux-gnu/gazebo-11/plugins:/opt/ros/humble/opt/rviz_ogre_vendor/lib:/opt/ros/humble/lib/x86_64-linux-gnu:/opt/ros/humble/lib /usr/bin/cmake --build /home/dev/HomeDirect_ws/build/turtlebot3_bringup -- -j8 -l8
[0.116s] Invoked command in '/home/dev/HomeDirect_ws/build/turtlebot3_bringup' returned '0': CMAKE_PREFIX_PATH=/home/dev/HomeDirect_ws/install/turtlebot3_node:/home/dev/HomeDirect_ws/install/turtlebot3_msgs:/home/dev/HomeDirect_ws/install/turtlebot3_description:/home/dev/HomeDirect_ws/install/dynamixel_sdk:/home/dev/HomeDirect_ws/install/turtlebot3:/home/dev/HomeDirect_ws/install/turtlebot3_bringup:/home/dev/HomeDirect_ws/install/turtlebot3_navigation2:/home/dev/HomeDirect_ws/install/turtlebot3_cartographer:/home/dev/HomeDirect_ws/install/dynamixel_sdk_examples:/home/dev/HomeDirect_ws/install/dynamixel_sdk_custom_interfaces:/home/dev/HomeDirect_ws/install/turtlebot3_teleop:/home/dev/HomeDirect_ws/install/turtlebot3_example:/home/dev/HomeDirect_ws/install/nav_main:/opt/ros/humble LD_LIBRARY_PATH=/home/dev/HomeDirect_ws/install/turtlebot3_msgs/lib:/home/dev/HomeDirect_ws/install/dynamixel_sdk/lib:/home/dev/HomeDirect_ws/install/dynamixel_sdk_custom_interfaces/lib:/usr/lib/x86_64-linux-gnu/gazebo-11/plugins:/opt/ros/humble/opt/rviz_ogre_vendor/lib:/opt/ros/humble/lib/x86_64-linux-gnu:/opt/ros/humble/lib /usr/bin/cmake --build /home/dev/HomeDirect_ws/build/turtlebot3_bringup -- -j8 -l8
[0.164s] Invoking command in '/home/dev/HomeDirect_ws/build/turtlebot3_bringup': CMAKE_PREFIX_PATH=/home/dev/HomeDirect_ws/install/turtlebot3_node:/home/dev/HomeDirect_ws/install/turtlebot3_msgs:/home/dev/HomeDirect_ws/install/turtlebot3_description:/home/dev/HomeDirect_ws/install/dynamixel_sdk:/home/dev/HomeDirect_ws/install/turtlebot3:/home/dev/HomeDirect_ws/install/turtlebot3_bringup:/home/dev/HomeDirect_ws/install/turtlebot3_navigation2:/home/dev/HomeDirect_ws/install/turtlebot3_cartographer:/home/dev/HomeDirect_ws/install/dynamixel_sdk_examples:/home/dev/HomeDirect_ws/install/dynamixel_sdk_custom_interfaces:/home/dev/HomeDirect_ws/install/turtlebot3_teleop:/home/dev/HomeDirect_ws/install/turtlebot3_example:/home/dev/HomeDirect_ws/install/nav_main:/opt/ros/humble LD_LIBRARY_PATH=/home/dev/HomeDirect_ws/install/turtlebot3_msgs/lib:/home/dev/HomeDirect_ws/install/dynamixel_sdk/lib:/home/dev/HomeDirect_ws/install/dynamixel_sdk_custom_interfaces/lib:/usr/lib/x86_64-linux-gnu/gazebo-11/plugins:/opt/ros/humble/opt/rviz_ogre_vendor/lib:/opt/ros/humble/lib/x86_64-linux-gnu:/opt/ros/humble/lib /usr/bin/cmake --install /home/dev/HomeDirect_ws/build/turtlebot3_bringup
[0.181s] -- Install configuration: ""
[0.182s] -- Execute custom install script
[0.182s] -- Up-to-date symlink: /home/dev/HomeDirect_ws/install/turtlebot3_bringup/share/turtlebot3_bringup/launch/robot.launch.py
[0.183s] -- Up-to-date symlink: /home/dev/HomeDirect_ws/install/turtlebot3_bringup/share/turtlebot3_bringup/launch/rviz2.launch.py
[0.183s] -- Up-to-date symlink: /home/dev/HomeDirect_ws/install/turtlebot3_bringup/share/turtlebot3_bringup/launch/turtlebot3_state_publisher.launch.py
[0.183s] -- Up-to-date symlink: /home/dev/HomeDirect_ws/install/turtlebot3_bringup/share/turtlebot3_bringup/param/burger.yaml
[0.183s] -- Up-to-date symlink: /home/dev/HomeDirect_ws/install/turtlebot3_bringup/share/turtlebot3_bringup/param/waffle.yaml
[0.184s] -- Up-to-date symlink: /home/dev/HomeDirect_ws/install/turtlebot3_bringup/share/turtlebot3_bringup/param/waffle_pi.yaml
[0.184s] -- Up-to-date symlink: /home/dev/HomeDirect_ws/install/turtlebot3_bringup/share/turtlebot3_bringup/script/99-turtlebot3-cdc.rules
[0.185s] -- Up-to-date symlink: /home/dev/HomeDirect_ws/install/turtlebot3_bringup/share/turtlebot3_bringup/script/create_udev_rules
[0.185s] -- Up-to-date symlink: /home/dev/HomeDirect_ws/install/turtlebot3_bringup/share/ament_index/resource_index/package_run_dependencies/turtlebot3_bringup
[0.185s] -- Up-to-date symlink: /home/dev/HomeDirect_ws/install/turtlebot3_bringup/share/ament_index/resource_index/parent_prefix_path/turtlebot3_bringup
[0.185s] -- Up-to-date symlink: /home/dev/HomeDirect_ws/install/turtlebot3_bringup/share/turtlebot3_bringup/environment/ament_prefix_path.sh
[0.186s] -- Up-to-date symlink: /home/dev/HomeDirect_ws/install/turtlebot3_bringup/share/turtlebot3_bringup/environment/ament_prefix_path.dsv
[0.186s] -- Up-to-date symlink: /home/dev/HomeDirect_ws/install/turtlebot3_bringup/share/turtlebot3_bringup/environment/path.sh
[0.186s] -- Up-to-date symlink: /home/dev/HomeDirect_ws/install/turtlebot3_bringup/share/turtlebot3_bringup/environment/path.dsv
[0.186s] -- Up-to-date symlink: /home/dev/HomeDirect_ws/install/turtlebot3_bringup/share/turtlebot3_bringup/local_setup.bash
[0.187s] -- Up-to-date symlink: /home/dev/HomeDirect_ws/install/turtlebot3_bringup/share/turtlebot3_bringup/local_setup.sh
[0.187s] -- Up-to-date symlink: /home/dev/HomeDirect_ws/install/turtlebot3_bringup/share/turtlebot3_bringup/local_setup.zsh
[0.187s] -- Up-to-date symlink: /home/dev/HomeDirect_ws/install/turtlebot3_bringup/share/turtlebot3_bringup/local_setup.dsv
[0.187s] -- Symlinking: /home/dev/HomeDirect_ws/install/turtlebot3_bringup/share/turtlebot3_bringup/package.dsv
[0.208s] -- Up-to-date symlink: /home/dev/HomeDirect_ws/install/turtlebot3_bringup/share/ament_index/resource_index/packages/turtlebot3_bringup
[0.208s] -- Up-to-date symlink: /home/dev/HomeDirect_ws/install/turtlebot3_bringup/share/turtlebot3_bringup/cmake/turtlebot3_bringupConfig.cmake
[0.209s] -- Up-to-date symlink: /home/dev/HomeDirect_ws/install/turtlebot3_bringup/share/turtlebot3_bringup/cmake/turtlebot3_bringupConfig-version.cmake
[0.209s] -- Up-to-date symlink: /home/dev/HomeDirect_ws/install/turtlebot3_bringup/share/turtlebot3_bringup/package.xml
[0.230s] Invoked command in '/home/dev/HomeDirect_ws/build/turtlebot3_bringup' returned '0': CMAKE_PREFIX_PATH=/home/dev/HomeDirect_ws/install/turtlebot3_node:/home/dev/HomeDirect_ws/install/turtlebot3_msgs:/home/dev/HomeDirect_ws/install/turtlebot3_description:/home/dev/HomeDirect_ws/install/dynamixel_sdk:/home/dev/HomeDirect_ws/install/turtlebot3:/home/dev/HomeDirect_ws/install/turtlebot3_bringup:/home/dev/HomeDirect_ws/install/turtlebot3_navigation2:/home/dev/HomeDirect_ws/install/turtlebot3_cartographer:/home/dev/HomeDirect_ws/install/dynamixel_sdk_examples:/home/dev/HomeDirect_ws/install/dynamixel_sdk_custom_interfaces:/home/dev/HomeDirect_ws/install/turtlebot3_teleop:/home/dev/HomeDirect_ws/install/turtlebot3_example:/home/dev/HomeDirect_ws/install/nav_main:/opt/ros/humble LD_LIBRARY_PATH=/home/dev/HomeDirect_ws/install/turtlebot3_msgs/lib:/home/dev/HomeDirect_ws/install/dynamixel_sdk/lib:/home/dev/HomeDirect_ws/install/dynamixel_sdk_custom_interfaces/lib:/usr/lib/x86_64-linux-gnu/gazebo-11/plugins:/opt/ros/humble/opt/rviz_ogre_vendor/lib:/opt/ros/humble/lib/x86_64-linux-gnu:/opt/ros/humble/lib /usr/bin/cmake --install /home/dev/HomeDirect_ws/build/turtlebot3_bringup
