[0.119s] Invoking command in '/home/dev/HomeDirect_ws/build/dynamixel_sdk': CMAKE_PREFIX_PATH=${CMAKE_PREFIX_PATH}:/home/dev/HomeDirect_ws/install/turtlebot3_teleop:/home/dev/HomeDirect_ws/install/turtlebot3_example:/home/dev/HomeDirect_ws/install/nav_main:/opt/ros/humble /usr/bin/cmake --build /home/dev/HomeDirect_ws/build/dynamixel_sdk -- -j8 -l8
[1.060s] [35m[1mConsolidate compiler generated dependencies of target dynamixel_sdk[0m
[1.062s] [100%] Built target dynamixel_sdk
[1.095s] Invoked command in '/home/dev/HomeDirect_ws/build/dynamixel_sdk' returned '0': CMAKE_PREFIX_PATH=${CMAKE_PREFIX_PATH}:/home/dev/HomeDirect_ws/install/turtlebot3_teleop:/home/dev/HomeDirect_ws/install/turtlebot3_example:/home/dev/HomeDirect_ws/install/nav_main:/opt/ros/humble /usr/bin/cmake --build /home/dev/HomeDirect_ws/build/dynamixel_sdk -- -j8 -l8
[1.386s] Invoking command in '/home/dev/HomeDirect_ws/build/dynamixel_sdk': CMAKE_PREFIX_PATH=${CMAKE_PREFIX_PATH}:/home/dev/HomeDirect_ws/install/turtlebot3_teleop:/home/dev/HomeDirect_ws/install/turtlebot3_example:/home/dev/HomeDirect_ws/install/nav_main:/opt/ros/humble /usr/bin/cmake --install /home/dev/HomeDirect_ws/build/dynamixel_sdk
[1.421s] -- Install configuration: ""
[1.422s] -- Execute custom install script
[1.422s] -- Up-to-date symlink: /home/dev/HomeDirect_ws/install/dynamixel_sdk/include//dynamixel_sdk/dynamixel_sdk.h
[1.422s] -- Up-to-date symlink: /home/dev/HomeDirect_ws/install/dynamixel_sdk/include//dynamixel_sdk/group_bulk_read.h
[1.423s] -- Up-to-date symlink: /home/dev/HomeDirect_ws/install/dynamixel_sdk/include//dynamixel_sdk/group_bulk_write.h
[1.423s] -- Up-to-date symlink: /home/dev/HomeDirect_ws/install/dynamixel_sdk/include//dynamixel_sdk/group_sync_read.h
[1.423s] -- Up-to-date symlink: /home/dev/HomeDirect_ws/install/dynamixel_sdk/include//dynamixel_sdk/group_sync_write.h
[1.423s] -- Up-to-date symlink: /home/dev/HomeDirect_ws/install/dynamixel_sdk/include//dynamixel_sdk/packet_handler.h
[1.424s] -- Up-to-date symlink: /home/dev/HomeDirect_ws/install/dynamixel_sdk/include//dynamixel_sdk/port_handler.h
[1.424s] -- Up-to-date symlink: /home/dev/HomeDirect_ws/install/dynamixel_sdk/include//dynamixel_sdk/port_handler_arduino.h
[1.424s] -- Up-to-date symlink: /home/dev/HomeDirect_ws/install/dynamixel_sdk/include//dynamixel_sdk/port_handler_linux.h
[1.425s] -- Up-to-date symlink: /home/dev/HomeDirect_ws/install/dynamixel_sdk/include//dynamixel_sdk/port_handler_mac.h
[1.425s] -- Up-to-date symlink: /home/dev/HomeDirect_ws/install/dynamixel_sdk/include//dynamixel_sdk/port_handler_windows.h
[1.425s] -- Up-to-date symlink: /home/dev/HomeDirect_ws/install/dynamixel_sdk/include//dynamixel_sdk/protocol1_packet_handler.h
[1.425s] -- Up-to-date symlink: /home/dev/HomeDirect_ws/install/dynamixel_sdk/include//dynamixel_sdk/protocol2_packet_handler.h
[1.428s] -- Up-to-date symlink: /home/dev/HomeDirect_ws/install/dynamixel_sdk/lib/libdynamixel_sdk.so
[1.428s] -- Up-to-date symlink: /home/dev/HomeDirect_ws/install/dynamixel_sdk/share/dynamixel_sdk/environment/library_path.sh
[1.429s] -- Up-to-date symlink: /home/dev/HomeDirect_ws/install/dynamixel_sdk/share/dynamixel_sdk/environment/library_path.dsv
[1.435s] -- Up-to-date symlink: /home/dev/HomeDirect_ws/install/dynamixel_sdk/share/ament_index/resource_index/package_run_dependencies/dynamixel_sdk
[1.436s] -- Up-to-date symlink: /home/dev/HomeDirect_ws/install/dynamixel_sdk/share/ament_index/resource_index/parent_prefix_path/dynamixel_sdk
[1.436s] -- Up-to-date symlink: /home/dev/HomeDirect_ws/install/dynamixel_sdk/share/dynamixel_sdk/environment/ament_prefix_path.sh
[1.438s] -- Up-to-date symlink: /home/dev/HomeDirect_ws/install/dynamixel_sdk/share/dynamixel_sdk/environment/ament_prefix_path.dsv
[1.440s] -- Up-to-date symlink: /home/dev/HomeDirect_ws/install/dynamixel_sdk/share/dynamixel_sdk/environment/path.sh
[1.441s] -- Up-to-date symlink: /home/dev/HomeDirect_ws/install/dynamixel_sdk/share/dynamixel_sdk/environment/path.dsv
[1.447s] -- Up-to-date symlink: /home/dev/HomeDirect_ws/install/dynamixel_sdk/share/dynamixel_sdk/local_setup.bash
[1.448s] -- Up-to-date symlink: /home/dev/HomeDirect_ws/install/dynamixel_sdk/share/dynamixel_sdk/local_setup.sh
[1.448s] -- Up-to-date symlink: /home/dev/HomeDirect_ws/install/dynamixel_sdk/share/dynamixel_sdk/local_setup.zsh
[1.448s] -- Up-to-date symlink: /home/dev/HomeDirect_ws/install/dynamixel_sdk/share/dynamixel_sdk/local_setup.dsv
[1.448s] -- Symlinking: /home/dev/HomeDirect_ws/install/dynamixel_sdk/share/dynamixel_sdk/package.dsv
[1.449s] -- Up-to-date symlink: /home/dev/HomeDirect_ws/install/dynamixel_sdk/share/ament_index/resource_index/packages/dynamixel_sdk
[1.449s] -- Up-to-date symlink: /home/dev/HomeDirect_ws/install/dynamixel_sdk/share/dynamixel_sdk/cmake/ament_cmake_export_include_directories-extras.cmake
[1.450s] -- Up-to-date symlink: /home/dev/HomeDirect_ws/install/dynamixel_sdk/share/dynamixel_sdk/cmake/ament_cmake_export_libraries-extras.cmake
[1.450s] -- Up-to-date symlink: /home/dev/HomeDirect_ws/install/dynamixel_sdk/share/dynamixel_sdk/cmake/dynamixel_sdkConfig.cmake
[1.451s] -- Up-to-date symlink: /home/dev/HomeDirect_ws/install/dynamixel_sdk/share/dynamixel_sdk/cmake/dynamixel_sdkConfig-version.cmake
[1.452s] -- Up-to-date symlink: /home/dev/HomeDirect_ws/install/dynamixel_sdk/share/dynamixel_sdk/package.xml
[1.534s] Invoked command in '/home/dev/HomeDirect_ws/build/dynamixel_sdk' returned '0': CMAKE_PREFIX_PATH=${CMAKE_PREFIX_PATH}:/home/dev/HomeDirect_ws/install/turtlebot3_teleop:/home/dev/HomeDirect_ws/install/turtlebot3_example:/home/dev/HomeDirect_ws/install/nav_main:/opt/ros/humble /usr/bin/cmake --install /home/dev/HomeDirect_ws/build/dynamixel_sdk
