[0.032s] Invoking command in '/home/dev/HomeDirect_ws/build/turtlebot3_bringup': AMENT_PREFIX_PATH=/home/dev/HomeDirect_ws/install/turtlebot3_node:/home/dev/HomeDirect_ws/install/turtlebot3_msgs:/home/dev/HomeDirect_ws/install/turtlebot3_description:/home/dev/HomeDirect_ws/install/dynamixel_sdk:${AMENT_PREFIX_PATH} CMAKE_PREFIX_PATH=/home/dev/HomeDirect_ws/install/turtlebot3_node:/home/dev/HomeDirect_ws/install/turtlebot3_msgs:/home/dev/HomeDirect_ws/install/turtlebot3_description:/home/dev/HomeDirect_ws/install/dynamixel_sdk:/home/dev/aws_ws/navigation_tb3/install/navigation_tb3:/home/dev/HomeDirect_ws/install/nav_main:/opt/ros/humble LD_LIBRARY_PATH=/home/dev/HomeDirect_ws/install/turtlebot3_msgs/lib:/home/dev/HomeDirect_ws/install/dynamixel_sdk/lib:${LD_LIBRARY_PATH} PYTHONPATH=/home/dev/HomeDirect_ws/install/turtlebot3_msgs/local/lib/python3.10/dist-packages:${PYTHONPATH} /usr/bin/cmake /home/dev/HomeDirect_ws/src/turtlebot3/turtlebot3_bringup -DAMENT_CMAKE_SYMLINK_INSTALL=1 -DCMAKE_INSTALL_PREFIX=/home/dev/HomeDirect_ws/install/turtlebot3_bringup
[0.130s] -- The C compiler identification is GNU 11.3.0
[0.239s] -- The CXX compiler identification is GNU 11.3.0
[0.257s] -- Detecting C compiler ABI info
[0.406s] -- Detecting C compiler ABI info - done
[0.432s] -- Check for working C compiler: /usr/bin/cc - skipped
[0.432s] -- Detecting C compile features
[0.433s] -- Detecting C compile features - done
[0.441s] -- Detecting CXX compiler ABI info
[0.598s] -- Detecting CXX compiler ABI info - done
[0.618s] -- Check for working CXX compiler: /usr/bin/c++ - skipped
[0.618s] -- Detecting CXX compile features
[0.619s] -- Detecting CXX compile features - done
[0.625s] -- Found ament_cmake: 1.3.4 (/opt/ros/humble/share/ament_cmake/cmake)
[0.963s] -- Found Python3: /usr/bin/python3.10 (found version "3.10.6") found components: Interpreter 
[1.072s] -- Override CMake install command with custom implementation using symlinks instead of copying resources
[1.252s] -- Configuring done
[1.258s] -- Generating done
[1.259s] -- Build files have been written to: /home/dev/HomeDirect_ws/build/turtlebot3_bringup
[1.266s] Invoked command in '/home/dev/HomeDirect_ws/build/turtlebot3_bringup' returned '0': AMENT_PREFIX_PATH=/home/dev/HomeDirect_ws/install/turtlebot3_node:/home/dev/HomeDirect_ws/install/turtlebot3_msgs:/home/dev/HomeDirect_ws/install/turtlebot3_description:/home/dev/HomeDirect_ws/install/dynamixel_sdk:${AMENT_PREFIX_PATH} CMAKE_PREFIX_PATH=/home/dev/HomeDirect_ws/install/turtlebot3_node:/home/dev/HomeDirect_ws/install/turtlebot3_msgs:/home/dev/HomeDirect_ws/install/turtlebot3_description:/home/dev/HomeDirect_ws/install/dynamixel_sdk:/home/dev/aws_ws/navigation_tb3/install/navigation_tb3:/home/dev/HomeDirect_ws/install/nav_main:/opt/ros/humble LD_LIBRARY_PATH=/home/dev/HomeDirect_ws/install/turtlebot3_msgs/lib:/home/dev/HomeDirect_ws/install/dynamixel_sdk/lib:${LD_LIBRARY_PATH} PYTHONPATH=/home/dev/HomeDirect_ws/install/turtlebot3_msgs/local/lib/python3.10/dist-packages:${PYTHONPATH} /usr/bin/cmake /home/dev/HomeDirect_ws/src/turtlebot3/turtlebot3_bringup -DAMENT_CMAKE_SYMLINK_INSTALL=1 -DCMAKE_INSTALL_PREFIX=/home/dev/HomeDirect_ws/install/turtlebot3_bringup
[1.269s] Invoking command in '/home/dev/HomeDirect_ws/build/turtlebot3_bringup': AMENT_PREFIX_PATH=/home/dev/HomeDirect_ws/install/turtlebot3_node:/home/dev/HomeDirect_ws/install/turtlebot3_msgs:/home/dev/HomeDirect_ws/install/turtlebot3_description:/home/dev/HomeDirect_ws/install/dynamixel_sdk:${AMENT_PREFIX_PATH} CMAKE_PREFIX_PATH=/home/dev/HomeDirect_ws/install/turtlebot3_node:/home/dev/HomeDirect_ws/install/turtlebot3_msgs:/home/dev/HomeDirect_ws/install/turtlebot3_description:/home/dev/HomeDirect_ws/install/dynamixel_sdk:/home/dev/aws_ws/navigation_tb3/install/navigation_tb3:/home/dev/HomeDirect_ws/install/nav_main:/opt/ros/humble LD_LIBRARY_PATH=/home/dev/HomeDirect_ws/install/turtlebot3_msgs/lib:/home/dev/HomeDirect_ws/install/dynamixel_sdk/lib:${LD_LIBRARY_PATH} PYTHONPATH=/home/dev/HomeDirect_ws/install/turtlebot3_msgs/local/lib/python3.10/dist-packages:${PYTHONPATH} /usr/bin/cmake --build /home/dev/HomeDirect_ws/build/turtlebot3_bringup -- -j8 -l8
[1.342s] Invoked command in '/home/dev/HomeDirect_ws/build/turtlebot3_bringup' returned '0': AMENT_PREFIX_PATH=/home/dev/HomeDirect_ws/install/turtlebot3_node:/home/dev/HomeDirect_ws/install/turtlebot3_msgs:/home/dev/HomeDirect_ws/install/turtlebot3_description:/home/dev/HomeDirect_ws/install/dynamixel_sdk:${AMENT_PREFIX_PATH} CMAKE_PREFIX_PATH=/home/dev/HomeDirect_ws/install/turtlebot3_node:/home/dev/HomeDirect_ws/install/turtlebot3_msgs:/home/dev/HomeDirect_ws/install/turtlebot3_description:/home/dev/HomeDirect_ws/install/dynamixel_sdk:/home/dev/aws_ws/navigation_tb3/install/navigation_tb3:/home/dev/HomeDirect_ws/install/nav_main:/opt/ros/humble LD_LIBRARY_PATH=/home/dev/HomeDirect_ws/install/turtlebot3_msgs/lib:/home/dev/HomeDirect_ws/install/dynamixel_sdk/lib:${LD_LIBRARY_PATH} PYTHONPATH=/home/dev/HomeDirect_ws/install/turtlebot3_msgs/local/lib/python3.10/dist-packages:${PYTHONPATH} /usr/bin/cmake --build /home/dev/HomeDirect_ws/build/turtlebot3_bringup -- -j8 -l8
[1.381s] Invoking command in '/home/dev/HomeDirect_ws/build/turtlebot3_bringup': AMENT_PREFIX_PATH=/home/dev/HomeDirect_ws/install/turtlebot3_node:/home/dev/HomeDirect_ws/install/turtlebot3_msgs:/home/dev/HomeDirect_ws/install/turtlebot3_description:/home/dev/HomeDirect_ws/install/dynamixel_sdk:${AMENT_PREFIX_PATH} CMAKE_PREFIX_PATH=/home/dev/HomeDirect_ws/install/turtlebot3_node:/home/dev/HomeDirect_ws/install/turtlebot3_msgs:/home/dev/HomeDirect_ws/install/turtlebot3_description:/home/dev/HomeDirect_ws/install/dynamixel_sdk:/home/dev/aws_ws/navigation_tb3/install/navigation_tb3:/home/dev/HomeDirect_ws/install/nav_main:/opt/ros/humble LD_LIBRARY_PATH=/home/dev/HomeDirect_ws/install/turtlebot3_msgs/lib:/home/dev/HomeDirect_ws/install/dynamixel_sdk/lib:${LD_LIBRARY_PATH} PYTHONPATH=/home/dev/HomeDirect_ws/install/turtlebot3_msgs/local/lib/python3.10/dist-packages:${PYTHONPATH} /usr/bin/cmake --install /home/dev/HomeDirect_ws/build/turtlebot3_bringup
[1.395s] -- Install configuration: ""
[1.395s] -- Execute custom install script
[1.396s] -- Symlinking: /home/dev/HomeDirect_ws/install/turtlebot3_bringup/share/turtlebot3_bringup/launch/robot.launch.py
[1.410s] -- Symlinking: /home/dev/HomeDirect_ws/install/turtlebot3_bringup/share/turtlebot3_bringup/launch/rviz2.launch.py
[1.432s] -- Symlinking: /home/dev/HomeDirect_ws/install/turtlebot3_bringup/share/turtlebot3_bringup/launch/turtlebot3_state_publisher.launch.py
[1.451s] -- Symlinking: /home/dev/HomeDirect_ws/install/turtlebot3_bringup/share/turtlebot3_bringup/param/burger.yaml
[1.470s] -- Symlinking: /home/dev/HomeDirect_ws/install/turtlebot3_bringup/share/turtlebot3_bringup/param/waffle.yaml
[1.489s] -- Symlinking: /home/dev/HomeDirect_ws/install/turtlebot3_bringup/share/turtlebot3_bringup/param/waffle_pi.yaml
[1.508s] -- Symlinking: /home/dev/HomeDirect_ws/install/turtlebot3_bringup/share/turtlebot3_bringup/script/99-turtlebot3-cdc.rules
[1.530s] -- Symlinking: /home/dev/HomeDirect_ws/install/turtlebot3_bringup/share/turtlebot3_bringup/script/create_udev_rules
[1.550s] -- Symlinking: /home/dev/HomeDirect_ws/install/turtlebot3_bringup/share/ament_index/resource_index/package_run_dependencies/turtlebot3_bringup
[1.575s] -- Symlinking: /home/dev/HomeDirect_ws/install/turtlebot3_bringup/share/ament_index/resource_index/parent_prefix_path/turtlebot3_bringup
[1.595s] -- Symlinking: /home/dev/HomeDirect_ws/install/turtlebot3_bringup/share/turtlebot3_bringup/environment/ament_prefix_path.sh
[1.614s] -- Symlinking: /home/dev/HomeDirect_ws/install/turtlebot3_bringup/share/turtlebot3_bringup/environment/ament_prefix_path.dsv
[1.635s] -- Symlinking: /home/dev/HomeDirect_ws/install/turtlebot3_bringup/share/turtlebot3_bringup/environment/path.sh
[1.655s] -- Symlinking: /home/dev/HomeDirect_ws/install/turtlebot3_bringup/share/turtlebot3_bringup/environment/path.dsv
[1.674s] -- Symlinking: /home/dev/HomeDirect_ws/install/turtlebot3_bringup/share/turtlebot3_bringup/local_setup.bash
[1.694s] -- Symlinking: /home/dev/HomeDirect_ws/install/turtlebot3_bringup/share/turtlebot3_bringup/local_setup.sh
[1.714s] -- Symlinking: /home/dev/HomeDirect_ws/install/turtlebot3_bringup/share/turtlebot3_bringup/local_setup.zsh
[1.735s] -- Symlinking: /home/dev/HomeDirect_ws/install/turtlebot3_bringup/share/turtlebot3_bringup/local_setup.dsv
[1.755s] -- Symlinking: /home/dev/HomeDirect_ws/install/turtlebot3_bringup/share/turtlebot3_bringup/package.dsv
[1.775s] -- Symlinking: /home/dev/HomeDirect_ws/install/turtlebot3_bringup/share/ament_index/resource_index/packages/turtlebot3_bringup
[1.796s] -- Symlinking: /home/dev/HomeDirect_ws/install/turtlebot3_bringup/share/turtlebot3_bringup/cmake/turtlebot3_bringupConfig.cmake
[1.815s] -- Symlinking: /home/dev/HomeDirect_ws/install/turtlebot3_bringup/share/turtlebot3_bringup/cmake/turtlebot3_bringupConfig-version.cmake
[1.838s] -- Symlinking: /home/dev/HomeDirect_ws/install/turtlebot3_bringup/share/turtlebot3_bringup/package.xml
[1.865s] Invoked command in '/home/dev/HomeDirect_ws/build/turtlebot3_bringup' returned '0': AMENT_PREFIX_PATH=/home/dev/HomeDirect_ws/install/turtlebot3_node:/home/dev/HomeDirect_ws/install/turtlebot3_msgs:/home/dev/HomeDirect_ws/install/turtlebot3_description:/home/dev/HomeDirect_ws/install/dynamixel_sdk:${AMENT_PREFIX_PATH} CMAKE_PREFIX_PATH=/home/dev/HomeDirect_ws/install/turtlebot3_node:/home/dev/HomeDirect_ws/install/turtlebot3_msgs:/home/dev/HomeDirect_ws/install/turtlebot3_description:/home/dev/HomeDirect_ws/install/dynamixel_sdk:/home/dev/aws_ws/navigation_tb3/install/navigation_tb3:/home/dev/HomeDirect_ws/install/nav_main:/opt/ros/humble LD_LIBRARY_PATH=/home/dev/HomeDirect_ws/install/turtlebot3_msgs/lib:/home/dev/HomeDirect_ws/install/dynamixel_sdk/lib:${LD_LIBRARY_PATH} PYTHONPATH=/home/dev/HomeDirect_ws/install/turtlebot3_msgs/local/lib/python3.10/dist-packages:${PYTHONPATH} /usr/bin/cmake --install /home/dev/HomeDirect_ws/build/turtlebot3_bringup
