[0.085s] Invoking command in '/home/dev/HomeDirect_ws/build/turtlebot3_node': CMAKE_PREFIX_PATH=/home/dev/HomeDirect_ws/install/turtlebot3_msgs:/home/dev/HomeDirect_ws/install/dynamixel_sdk:/home/dev/HomeDirect_ws/install/turtlebot3:/home/dev/HomeDirect_ws/install/turtlebot3_bringup:/home/dev/HomeDirect_ws/install/turtlebot3_node:/home/dev/HomeDirect_ws/install/turtlebot3_navigation2:/home/dev/HomeDirect_ws/install/turtlebot3_description:/home/dev/HomeDirect_ws/install/turtlebot3_cartographer:/home/dev/HomeDirect_ws/install/dynamixel_sdk_examples:/home/dev/HomeDirect_ws/install/dynamixel_sdk_custom_interfaces:/home/dev/HomeDirect_ws/install/turtlebot3_teleop:/home/dev/HomeDirect_ws/install/turtlebot3_example:/home/dev/HomeDirect_ws/install/nav_main:/opt/ros/humble LD_LIBRARY_PATH=/home/dev/HomeDirect_ws/install/turtlebot3_msgs/lib:/home/dev/HomeDirect_ws/install/dynamixel_sdk/lib:/home/dev/HomeDirect_ws/install/dynamixel_sdk_custom_interfaces/lib:/usr/lib/x86_64-linux-gnu/gazebo-11/plugins:/opt/ros/humble/opt/rviz_ogre_vendor/lib:/opt/ros/humble/lib/x86_64-linux-gnu:/opt/ros/humble/lib /usr/bin/cmake --build /home/dev/HomeDirect_ws/build/turtlebot3_node -- -j8 -l8
[0.751s] [35m[1mConsolidate compiler generated dependencies of target turtlebot3_node_lib[0m
[0.753s] [ 85%] Built target turtlebot3_node_lib
[0.754s] [35m[1mConsolidate compiler generated dependencies of target turtlebot3_ros[0m
[0.759s] [100%] Built target turtlebot3_ros
[0.759s] Invoked command in '/home/dev/HomeDirect_ws/build/turtlebot3_node' returned '0': CMAKE_PREFIX_PATH=/home/dev/HomeDirect_ws/install/turtlebot3_msgs:/home/dev/HomeDirect_ws/install/dynamixel_sdk:/home/dev/HomeDirect_ws/install/turtlebot3:/home/dev/HomeDirect_ws/install/turtlebot3_bringup:/home/dev/HomeDirect_ws/install/turtlebot3_node:/home/dev/HomeDirect_ws/install/turtlebot3_navigation2:/home/dev/HomeDirect_ws/install/turtlebot3_description:/home/dev/HomeDirect_ws/install/turtlebot3_cartographer:/home/dev/HomeDirect_ws/install/dynamixel_sdk_examples:/home/dev/HomeDirect_ws/install/dynamixel_sdk_custom_interfaces:/home/dev/HomeDirect_ws/install/turtlebot3_teleop:/home/dev/HomeDirect_ws/install/turtlebot3_example:/home/dev/HomeDirect_ws/install/nav_main:/opt/ros/humble LD_LIBRARY_PATH=/home/dev/HomeDirect_ws/install/turtlebot3_msgs/lib:/home/dev/HomeDirect_ws/install/dynamixel_sdk/lib:/home/dev/HomeDirect_ws/install/dynamixel_sdk_custom_interfaces/lib:/usr/lib/x86_64-linux-gnu/gazebo-11/plugins:/opt/ros/humble/opt/rviz_ogre_vendor/lib:/opt/ros/humble/lib/x86_64-linux-gnu:/opt/ros/humble/lib /usr/bin/cmake --build /home/dev/HomeDirect_ws/build/turtlebot3_node -- -j8 -l8
[0.891s] Invoking command in '/home/dev/HomeDirect_ws/build/turtlebot3_node': CMAKE_PREFIX_PATH=/home/dev/HomeDirect_ws/install/turtlebot3_msgs:/home/dev/HomeDirect_ws/install/dynamixel_sdk:/home/dev/HomeDirect_ws/install/turtlebot3:/home/dev/HomeDirect_ws/install/turtlebot3_bringup:/home/dev/HomeDirect_ws/install/turtlebot3_node:/home/dev/HomeDirect_ws/install/turtlebot3_navigation2:/home/dev/HomeDirect_ws/install/turtlebot3_description:/home/dev/HomeDirect_ws/install/turtlebot3_cartographer:/home/dev/HomeDirect_ws/install/dynamixel_sdk_examples:/home/dev/HomeDirect_ws/install/dynamixel_sdk_custom_interfaces:/home/dev/HomeDirect_ws/install/turtlebot3_teleop:/home/dev/HomeDirect_ws/install/turtlebot3_example:/home/dev/HomeDirect_ws/install/nav_main:/opt/ros/humble LD_LIBRARY_PATH=/home/dev/HomeDirect_ws/install/turtlebot3_msgs/lib:/home/dev/HomeDirect_ws/install/dynamixel_sdk/lib:/home/dev/HomeDirect_ws/install/dynamixel_sdk_custom_interfaces/lib:/usr/lib/x86_64-linux-gnu/gazebo-11/plugins:/opt/ros/humble/opt/rviz_ogre_vendor/lib:/opt/ros/humble/lib/x86_64-linux-gnu:/opt/ros/humble/lib /usr/bin/cmake --install /home/dev/HomeDirect_ws/build/turtlebot3_node
[0.906s] -- Install configuration: ""
[0.908s] -- Execute custom install script
[0.909s] -- Up-to-date symlink: /home/dev/HomeDirect_ws/install/turtlebot3_node/share/turtlebot3_node/param/burger.yaml
[0.910s] -- Up-to-date symlink: /home/dev/HomeDirect_ws/install/turtlebot3_node/share/turtlebot3_node/param/waffle.yaml
[0.910s] -- Up-to-date symlink: /home/dev/HomeDirect_ws/install/turtlebot3_node/share/turtlebot3_node/param/waffle_pi.yaml
[0.910s] -- Up-to-date symlink: /home/dev/HomeDirect_ws/install/turtlebot3_node/lib/turtlebot3_node/turtlebot3_ros
[0.911s] -- Up-to-date symlink: /home/dev/HomeDirect_ws/install/turtlebot3_node/share/ament_index/resource_index/package_run_dependencies/turtlebot3_node
[0.911s] -- Up-to-date symlink: /home/dev/HomeDirect_ws/install/turtlebot3_node/share/ament_index/resource_index/parent_prefix_path/turtlebot3_node
[0.911s] -- Up-to-date symlink: /home/dev/HomeDirect_ws/install/turtlebot3_node/share/turtlebot3_node/environment/ament_prefix_path.sh
[0.911s] -- Up-to-date symlink: /home/dev/HomeDirect_ws/install/turtlebot3_node/share/turtlebot3_node/environment/ament_prefix_path.dsv
[0.912s] -- Up-to-date symlink: /home/dev/HomeDirect_ws/install/turtlebot3_node/share/turtlebot3_node/environment/path.sh
[0.912s] -- Up-to-date symlink: /home/dev/HomeDirect_ws/install/turtlebot3_node/share/turtlebot3_node/environment/path.dsv
[0.912s] -- Up-to-date symlink: /home/dev/HomeDirect_ws/install/turtlebot3_node/share/turtlebot3_node/local_setup.bash
[0.913s] -- Up-to-date symlink: /home/dev/HomeDirect_ws/install/turtlebot3_node/share/turtlebot3_node/local_setup.sh
[0.913s] -- Up-to-date symlink: /home/dev/HomeDirect_ws/install/turtlebot3_node/share/turtlebot3_node/local_setup.zsh
[0.914s] -- Up-to-date symlink: /home/dev/HomeDirect_ws/install/turtlebot3_node/share/turtlebot3_node/local_setup.dsv
[0.914s] -- Symlinking: /home/dev/HomeDirect_ws/install/turtlebot3_node/share/turtlebot3_node/package.dsv
[0.945s] -- Up-to-date symlink: /home/dev/HomeDirect_ws/install/turtlebot3_node/share/ament_index/resource_index/packages/turtlebot3_node
[0.946s] -- Up-to-date symlink: /home/dev/HomeDirect_ws/install/turtlebot3_node/share/turtlebot3_node/cmake/ament_cmake_export_include_directories-extras.cmake
[0.946s] -- Up-to-date symlink: /home/dev/HomeDirect_ws/install/turtlebot3_node/share/turtlebot3_node/cmake/turtlebot3_nodeConfig.cmake
[0.947s] -- Up-to-date symlink: /home/dev/HomeDirect_ws/install/turtlebot3_node/share/turtlebot3_node/cmake/turtlebot3_nodeConfig-version.cmake
[0.947s] -- Up-to-date symlink: /home/dev/HomeDirect_ws/install/turtlebot3_node/share/turtlebot3_node/package.xml
[0.960s] Invoked command in '/home/dev/HomeDirect_ws/build/turtlebot3_node' returned '0': CMAKE_PREFIX_PATH=/home/dev/HomeDirect_ws/install/turtlebot3_msgs:/home/dev/HomeDirect_ws/install/dynamixel_sdk:/home/dev/HomeDirect_ws/install/turtlebot3:/home/dev/HomeDirect_ws/install/turtlebot3_bringup:/home/dev/HomeDirect_ws/install/turtlebot3_node:/home/dev/HomeDirect_ws/install/turtlebot3_navigation2:/home/dev/HomeDirect_ws/install/turtlebot3_description:/home/dev/HomeDirect_ws/install/turtlebot3_cartographer:/home/dev/HomeDirect_ws/install/dynamixel_sdk_examples:/home/dev/HomeDirect_ws/install/dynamixel_sdk_custom_interfaces:/home/dev/HomeDirect_ws/install/turtlebot3_teleop:/home/dev/HomeDirect_ws/install/turtlebot3_example:/home/dev/HomeDirect_ws/install/nav_main:/opt/ros/humble LD_LIBRARY_PATH=/home/dev/HomeDirect_ws/install/turtlebot3_msgs/lib:/home/dev/HomeDirect_ws/install/dynamixel_sdk/lib:/home/dev/HomeDirect_ws/install/dynamixel_sdk_custom_interfaces/lib:/usr/lib/x86_64-linux-gnu/gazebo-11/plugins:/opt/ros/humble/opt/rviz_ogre_vendor/lib:/opt/ros/humble/lib/x86_64-linux-gnu:/opt/ros/humble/lib /usr/bin/cmake --install /home/dev/HomeDirect_ws/build/turtlebot3_node
