-- The C compiler identification is GNU 11.3.0
-- The CXX compiler identification is GNU 11.3.0
-- Detecting C compiler ABI info
-- Detecting C compiler ABI info - done
-- Check for working C compiler: /usr/bin/cc - skipped
-- Detecting C compile features
-- Detecting C compile features - done
-- Detecting CXX compiler ABI info
-- Detecting CXX compiler ABI info - done
-- Check for working CXX compiler: /usr/bin/c++ - skipped
-- Detecting CXX compile features
-- Detecting CXX compile features - done
-- Found ament_cmake: 1.3.4 (/opt/ros/humble/share/ament_cmake/cmake)
-- Found Python3: /usr/bin/python3.10 (found version "3.10.6") found components: Interpreter 
-- Override CMake install command with custom implementation using symlinks instead of copying resources
-- Configuring done
-- Generating done
-- Build files have been written to: /home/dev/HomeDirect_ws/build/dynamixel_sdk
[ 10%] [32mBuilding CXX object CMakeFiles/dynamixel_sdk.dir/src/dynamixel_sdk/packet_handler.cpp.o[0m
[ 20%] [32mBuilding CXX object CMakeFiles/dynamixel_sdk.dir/src/dynamixel_sdk/protocol2_packet_handler.cpp.o[0m
[ 30%] [32mBuilding CXX object CMakeFiles/dynamixel_sdk.dir/src/dynamixel_sdk/group_sync_read.cpp.o[0m
[ 40%] [32mBuilding CXX object CMakeFiles/dynamixel_sdk.dir/src/dynamixel_sdk/group_sync_write.cpp.o[0m
[ 50%] [32mBuilding CXX object CMakeFiles/dynamixel_sdk.dir/src/dynamixel_sdk/protocol1_packet_handler.cpp.o[0m
[ 60%] [32mBuilding CXX object CMakeFiles/dynamixel_sdk.dir/src/dynamixel_sdk/group_bulk_read.cpp.o[0m
[ 70%] [32mBuilding CXX object CMakeFiles/dynamixel_sdk.dir/src/dynamixel_sdk/group_bulk_write.cpp.o[0m
[ 80%] [32mBuilding CXX object CMakeFiles/dynamixel_sdk.dir/src/dynamixel_sdk/port_handler.cpp.o[0m
[ 90%] [32mBuilding CXX object CMakeFiles/dynamixel_sdk.dir/src/dynamixel_sdk/port_handler_linux.cpp.o[0m
[100%] [32m[1mLinking CXX shared library libdynamixel_sdk.so[0m
[100%] Built target dynamixel_sdk
-- Install configuration: ""
-- Execute custom install script
-- Symlinking: /home/dev/HomeDirect_ws/install/dynamixel_sdk/include//dynamixel_sdk/dynamixel_sdk.h
-- Symlinking: /home/dev/HomeDirect_ws/install/dynamixel_sdk/include//dynamixel_sdk/group_bulk_read.h
-- Symlinking: /home/dev/HomeDirect_ws/install/dynamixel_sdk/include//dynamixel_sdk/group_bulk_write.h
-- Symlinking: /home/dev/HomeDirect_ws/install/dynamixel_sdk/include//dynamixel_sdk/group_sync_read.h
-- Symlinking: /home/dev/HomeDirect_ws/install/dynamixel_sdk/include//dynamixel_sdk/group_sync_write.h
-- Symlinking: /home/dev/HomeDirect_ws/install/dynamixel_sdk/include//dynamixel_sdk/packet_handler.h
-- Symlinking: /home/dev/HomeDirect_ws/install/dynamixel_sdk/include//dynamixel_sdk/port_handler.h
-- Symlinking: /home/dev/HomeDirect_ws/install/dynamixel_sdk/include//dynamixel_sdk/port_handler_arduino.h
-- Symlinking: /home/dev/HomeDirect_ws/install/dynamixel_sdk/include//dynamixel_sdk/port_handler_linux.h
-- Symlinking: /home/dev/HomeDirect_ws/install/dynamixel_sdk/include//dynamixel_sdk/port_handler_mac.h
-- Symlinking: /home/dev/HomeDirect_ws/install/dynamixel_sdk/include//dynamixel_sdk/port_handler_windows.h
-- Symlinking: /home/dev/HomeDirect_ws/install/dynamixel_sdk/include//dynamixel_sdk/protocol1_packet_handler.h
-- Symlinking: /home/dev/HomeDirect_ws/install/dynamixel_sdk/include//dynamixel_sdk/protocol2_packet_handler.h
-- Symlinking: /home/dev/HomeDirect_ws/install/dynamixel_sdk/lib/libdynamixel_sdk.so
-- Symlinking: /home/dev/HomeDirect_ws/install/dynamixel_sdk/share/dynamixel_sdk/environment/library_path.sh
-- Symlinking: /home/dev/HomeDirect_ws/install/dynamixel_sdk/share/dynamixel_sdk/environment/library_path.dsv
-- Symlinking: /home/dev/HomeDirect_ws/install/dynamixel_sdk/share/ament_index/resource_index/package_run_dependencies/dynamixel_sdk
-- Symlinking: /home/dev/HomeDirect_ws/install/dynamixel_sdk/share/ament_index/resource_index/parent_prefix_path/dynamixel_sdk
-- Symlinking: /home/dev/HomeDirect_ws/install/dynamixel_sdk/share/dynamixel_sdk/environment/ament_prefix_path.sh
-- Symlinking: /home/dev/HomeDirect_ws/install/dynamixel_sdk/share/dynamixel_sdk/environment/ament_prefix_path.dsv
-- Symlinking: /home/dev/HomeDirect_ws/install/dynamixel_sdk/share/dynamixel_sdk/environment/path.sh
-- Symlinking: /home/dev/HomeDirect_ws/install/dynamixel_sdk/share/dynamixel_sdk/environment/path.dsv
-- Symlinking: /home/dev/HomeDirect_ws/install/dynamixel_sdk/share/dynamixel_sdk/local_setup.bash
-- Symlinking: /home/dev/HomeDirect_ws/install/dynamixel_sdk/share/dynamixel_sdk/local_setup.sh
-- Symlinking: /home/dev/HomeDirect_ws/install/dynamixel_sdk/share/dynamixel_sdk/local_setup.zsh
-- Symlinking: /home/dev/HomeDirect_ws/install/dynamixel_sdk/share/dynamixel_sdk/local_setup.dsv
-- Symlinking: /home/dev/HomeDirect_ws/install/dynamixel_sdk/share/dynamixel_sdk/package.dsv
-- Symlinking: /home/dev/HomeDirect_ws/install/dynamixel_sdk/share/ament_index/resource_index/packages/dynamixel_sdk
-- Symlinking: /home/dev/HomeDirect_ws/install/dynamixel_sdk/share/dynamixel_sdk/cmake/ament_cmake_export_include_directories-extras.cmake
-- Symlinking: /home/dev/HomeDirect_ws/install/dynamixel_sdk/share/dynamixel_sdk/cmake/ament_cmake_export_libraries-extras.cmake
-- Symlinking: /home/dev/HomeDirect_ws/install/dynamixel_sdk/share/dynamixel_sdk/cmake/dynamixel_sdkConfig.cmake
-- Symlinking: /home/dev/HomeDirect_ws/install/dynamixel_sdk/share/dynamixel_sdk/cmake/dynamixel_sdkConfig-version.cmake
-- Symlinking: /home/dev/HomeDirect_ws/install/dynamixel_sdk/share/dynamixel_sdk/package.xml
