[0.141s] Invoking command in '/home/dev/HomeDirect_ws/build/dynamixel_sdk': CMAKE_PREFIX_PATH=${CMAKE_PREFIX_PATH}:/home/dev/HomeDirect_ws/install/nav_main:/opt/ros/humble /usr/bin/cmake /home/dev/HomeDirect_ws/src/DynamixelSDK/dynamixel_sdk -DAMENT_CMAKE_SYMLINK_INSTALL=1 -DCMAKE_INSTALL_PREFIX=/home/dev/HomeDirect_ws/install/dynamixel_sdk
[1.989s] -- The C compiler identification is GNU 11.3.0
[1.990s] -- The CXX compiler identification is GNU 11.3.0
[1.990s] -- Detecting C compiler ABI info
[1.990s] -- Detecting C compiler ABI info - done
[1.990s] -- Check for working C compiler: /usr/bin/cc - skipped
[1.990s] -- Detecting C compile features
[1.991s] -- Detecting C compile features - done
[1.991s] -- Detecting CXX compiler ABI info
[1.991s] -- Detecting CXX compiler ABI info - done
[1.991s] -- Check for working CXX compiler: /usr/bin/c++ - skipped
[1.991s] -- Detecting CXX compile features
[1.991s] -- Detecting CXX compile features - done
[1.991s] -- Found ament_cmake: 1.3.4 (/opt/ros/humble/share/ament_cmake/cmake)
[1.992s] -- Found Python3: /usr/bin/python3.10 (found version "3.10.6") found components: Interpreter 
[1.992s] -- Override CMake install command with custom implementation using symlinks instead of copying resources
[2.170s] -- Configuring done
[2.185s] -- Generating done
[2.188s] -- Build files have been written to: /home/dev/HomeDirect_ws/build/dynamixel_sdk
[2.208s] Invoked command in '/home/dev/HomeDirect_ws/build/dynamixel_sdk' returned '0': CMAKE_PREFIX_PATH=${CMAKE_PREFIX_PATH}:/home/dev/HomeDirect_ws/install/nav_main:/opt/ros/humble /usr/bin/cmake /home/dev/HomeDirect_ws/src/DynamixelSDK/dynamixel_sdk -DAMENT_CMAKE_SYMLINK_INSTALL=1 -DCMAKE_INSTALL_PREFIX=/home/dev/HomeDirect_ws/install/dynamixel_sdk
[2.209s] Invoking command in '/home/dev/HomeDirect_ws/build/dynamixel_sdk': CMAKE_PREFIX_PATH=${CMAKE_PREFIX_PATH}:/home/dev/HomeDirect_ws/install/nav_main:/opt/ros/humble /usr/bin/cmake --build /home/dev/HomeDirect_ws/build/dynamixel_sdk -- -j8 -l8
[2.353s] [ 10%] [32mBuilding CXX object CMakeFiles/dynamixel_sdk.dir/src/dynamixel_sdk/packet_handler.cpp.o[0m
[2.368s] [ 20%] [32mBuilding CXX object CMakeFiles/dynamixel_sdk.dir/src/dynamixel_sdk/protocol2_packet_handler.cpp.o[0m
[2.372s] [ 30%] [32mBuilding CXX object CMakeFiles/dynamixel_sdk.dir/src/dynamixel_sdk/group_sync_read.cpp.o[0m
[2.378s] [ 40%] [32mBuilding CXX object CMakeFiles/dynamixel_sdk.dir/src/dynamixel_sdk/group_sync_write.cpp.o[0m
[2.382s] [ 50%] [32mBuilding CXX object CMakeFiles/dynamixel_sdk.dir/src/dynamixel_sdk/protocol1_packet_handler.cpp.o[0m
[2.413s] [ 60%] [32mBuilding CXX object CMakeFiles/dynamixel_sdk.dir/src/dynamixel_sdk/group_bulk_read.cpp.o[0m
[2.471s] [ 70%] [32mBuilding CXX object CMakeFiles/dynamixel_sdk.dir/src/dynamixel_sdk/group_bulk_write.cpp.o[0m
[2.511s] [ 80%] [32mBuilding CXX object CMakeFiles/dynamixel_sdk.dir/src/dynamixel_sdk/port_handler.cpp.o[0m
[2.716s] [ 90%] [32mBuilding CXX object CMakeFiles/dynamixel_sdk.dir/src/dynamixel_sdk/port_handler_linux.cpp.o[0m
[4.663s] [100%] [32m[1mLinking CXX shared library libdynamixel_sdk.so[0m
[4.977s] [100%] Built target dynamixel_sdk
[5.006s] Invoked command in '/home/dev/HomeDirect_ws/build/dynamixel_sdk' returned '0': CMAKE_PREFIX_PATH=${CMAKE_PREFIX_PATH}:/home/dev/HomeDirect_ws/install/nav_main:/opt/ros/humble /usr/bin/cmake --build /home/dev/HomeDirect_ws/build/dynamixel_sdk -- -j8 -l8
[5.086s] Invoking command in '/home/dev/HomeDirect_ws/build/dynamixel_sdk': CMAKE_PREFIX_PATH=${CMAKE_PREFIX_PATH}:/home/dev/HomeDirect_ws/install/nav_main:/opt/ros/humble /usr/bin/cmake --install /home/dev/HomeDirect_ws/build/dynamixel_sdk
[5.102s] -- Install configuration: ""
[5.103s] -- Execute custom install script
[5.105s] -- Symlinking: /home/dev/HomeDirect_ws/install/dynamixel_sdk/include//dynamixel_sdk/dynamixel_sdk.h
[5.127s] -- Symlinking: /home/dev/HomeDirect_ws/install/dynamixel_sdk/include//dynamixel_sdk/group_bulk_read.h
[5.148s] -- Symlinking: /home/dev/HomeDirect_ws/install/dynamixel_sdk/include//dynamixel_sdk/group_bulk_write.h
[5.165s] -- Symlinking: /home/dev/HomeDirect_ws/install/dynamixel_sdk/include//dynamixel_sdk/group_sync_read.h
[5.188s] -- Symlinking: /home/dev/HomeDirect_ws/install/dynamixel_sdk/include//dynamixel_sdk/group_sync_write.h
[5.209s] -- Symlinking: /home/dev/HomeDirect_ws/install/dynamixel_sdk/include//dynamixel_sdk/packet_handler.h
[5.230s] -- Symlinking: /home/dev/HomeDirect_ws/install/dynamixel_sdk/include//dynamixel_sdk/port_handler.h
[5.246s] -- Symlinking: /home/dev/HomeDirect_ws/install/dynamixel_sdk/include//dynamixel_sdk/port_handler_arduino.h
[5.271s] -- Symlinking: /home/dev/HomeDirect_ws/install/dynamixel_sdk/include//dynamixel_sdk/port_handler_linux.h
[5.296s] -- Symlinking: /home/dev/HomeDirect_ws/install/dynamixel_sdk/include//dynamixel_sdk/port_handler_mac.h
[5.314s] -- Symlinking: /home/dev/HomeDirect_ws/install/dynamixel_sdk/include//dynamixel_sdk/port_handler_windows.h
[5.332s] -- Symlinking: /home/dev/HomeDirect_ws/install/dynamixel_sdk/include//dynamixel_sdk/protocol1_packet_handler.h
[5.350s] -- Symlinking: /home/dev/HomeDirect_ws/install/dynamixel_sdk/include//dynamixel_sdk/protocol2_packet_handler.h
[5.378s] -- Symlinking: /home/dev/HomeDirect_ws/install/dynamixel_sdk/lib/libdynamixel_sdk.so
[5.401s] -- Symlinking: /home/dev/HomeDirect_ws/install/dynamixel_sdk/share/dynamixel_sdk/environment/library_path.sh
[5.423s] -- Symlinking: /home/dev/HomeDirect_ws/install/dynamixel_sdk/share/dynamixel_sdk/environment/library_path.dsv
[5.446s] -- Symlinking: /home/dev/HomeDirect_ws/install/dynamixel_sdk/share/ament_index/resource_index/package_run_dependencies/dynamixel_sdk
[5.465s] -- Symlinking: /home/dev/HomeDirect_ws/install/dynamixel_sdk/share/ament_index/resource_index/parent_prefix_path/dynamixel_sdk
[5.481s] -- Symlinking: /home/dev/HomeDirect_ws/install/dynamixel_sdk/share/dynamixel_sdk/environment/ament_prefix_path.sh
[5.494s] -- Symlinking: /home/dev/HomeDirect_ws/install/dynamixel_sdk/share/dynamixel_sdk/environment/ament_prefix_path.dsv
[5.509s] -- Symlinking: /home/dev/HomeDirect_ws/install/dynamixel_sdk/share/dynamixel_sdk/environment/path.sh
[5.524s] -- Symlinking: /home/dev/HomeDirect_ws/install/dynamixel_sdk/share/dynamixel_sdk/environment/path.dsv
[5.547s] -- Symlinking: /home/dev/HomeDirect_ws/install/dynamixel_sdk/share/dynamixel_sdk/local_setup.bash
[5.564s] -- Symlinking: /home/dev/HomeDirect_ws/install/dynamixel_sdk/share/dynamixel_sdk/local_setup.sh
[5.581s] -- Symlinking: /home/dev/HomeDirect_ws/install/dynamixel_sdk/share/dynamixel_sdk/local_setup.zsh
[5.596s] -- Symlinking: /home/dev/HomeDirect_ws/install/dynamixel_sdk/share/dynamixel_sdk/local_setup.dsv
[5.614s] -- Symlinking: /home/dev/HomeDirect_ws/install/dynamixel_sdk/share/dynamixel_sdk/package.dsv
[5.632s] -- Symlinking: /home/dev/HomeDirect_ws/install/dynamixel_sdk/share/ament_index/resource_index/packages/dynamixel_sdk
[5.648s] -- Symlinking: /home/dev/HomeDirect_ws/install/dynamixel_sdk/share/dynamixel_sdk/cmake/ament_cmake_export_include_directories-extras.cmake
[5.663s] -- Symlinking: /home/dev/HomeDirect_ws/install/dynamixel_sdk/share/dynamixel_sdk/cmake/ament_cmake_export_libraries-extras.cmake
[5.678s] -- Symlinking: /home/dev/HomeDirect_ws/install/dynamixel_sdk/share/dynamixel_sdk/cmake/dynamixel_sdkConfig.cmake
[5.696s] -- Symlinking: /home/dev/HomeDirect_ws/install/dynamixel_sdk/share/dynamixel_sdk/cmake/dynamixel_sdkConfig-version.cmake
[5.714s] -- Symlinking: /home/dev/HomeDirect_ws/install/dynamixel_sdk/share/dynamixel_sdk/package.xml
[5.742s] Invoked command in '/home/dev/HomeDirect_ws/build/dynamixel_sdk' returned '0': CMAKE_PREFIX_PATH=${CMAKE_PREFIX_PATH}:/home/dev/HomeDirect_ws/install/nav_main:/opt/ros/humble /usr/bin/cmake --install /home/dev/HomeDirect_ws/build/dynamixel_sdk
