[1.067s] Invoking command in '/home/dev/HomeDirect_ws/src/nav_main': PYTHONPATH=/home/dev/HomeDirect_ws/build/nav_main/prefix_override:/home/dev/HomeDirect_ws/install/nav_main/lib/python3.10/site-packages:${PYTHONPATH} /usr/bin/python3 setup.py egg_info --egg-base ../../build/nav_main build --build-base /home/dev/HomeDirect_ws/build/nav_main/build install --record /home/dev/HomeDirect_ws/build/nav_main/install.log --single-version-externally-managed
[1.452s] running egg_info
[1.454s] writing ../../build/nav_main/nav_main.egg-info/PKG-INFO
[1.454s] writing dependency_links to ../../build/nav_main/nav_main.egg-info/dependency_links.txt
[1.454s] writing entry points to ../../build/nav_main/nav_main.egg-info/entry_points.txt
[1.455s] writing requirements to ../../build/nav_main/nav_main.egg-info/requires.txt
[1.455s] writing top-level names to ../../build/nav_main/nav_main.egg-info/top_level.txt
[1.458s] reading manifest file '../../build/nav_main/nav_main.egg-info/SOURCES.txt'
[1.459s] writing manifest file '../../build/nav_main/nav_main.egg-info/SOURCES.txt'
[1.459s] running build
[1.460s] running build_py
[1.460s] running install
[1.460s] /usr/lib/python3/dist-packages/setuptools/command/install.py:34: SetuptoolsDeprecationWarning: setup.py install is deprecated. Use build and pip and other standards-based tools.
[1.460s]   warnings.warn(
[1.461s] running install_lib
[1.463s] running install_data
[1.464s] running install_egg_info
[1.467s] removing '/home/dev/HomeDirect_ws/install/nav_main/lib/python3.10/site-packages/nav_main-0.0.0-py3.10.egg-info' (and everything under it)
[1.467s] Copying ../../build/nav_main/nav_main.egg-info to /home/dev/HomeDirect_ws/install/nav_main/lib/python3.10/site-packages/nav_main-0.0.0-py3.10.egg-info
[1.468s] running install_scripts
[1.502s] Installing main.py script to /home/dev/HomeDirect_ws/install/nav_main/lib/nav_main
[1.503s] writing list of installed files to '/home/dev/HomeDirect_ws/build/nav_main/install.log'
[1.569s] Invoked command in '/home/dev/HomeDirect_ws/src/nav_main' returned '0': PYTHONPATH=/home/dev/HomeDirect_ws/build/nav_main/prefix_override:/home/dev/HomeDirect_ws/install/nav_main/lib/python3.10/site-packages:${PYTHONPATH} /usr/bin/python3 setup.py egg_info --egg-base ../../build/nav_main build --build-base /home/dev/HomeDirect_ws/build/nav_main/build install --record /home/dev/HomeDirect_ws/build/nav_main/install.log --single-version-externally-managed
