[0.105s] Invoking command in '/home/dev/HomeDirect_ws/build/turtlebot3_cartographer': CMAKE_PREFIX_PATH=${CMAKE_PREFIX_PATH}:/home/dev/HomeDirect_ws/install/turtlebot3_teleop:/home/dev/HomeDirect_ws/install/turtlebot3_example:/home/dev/HomeDirect_ws/install/nav_main:/opt/ros/humble /usr/bin/cmake --build /home/dev/HomeDirect_ws/build/turtlebot3_cartographer -- -j8 -l8
[1.052s] Invoked command in '/home/dev/HomeDirect_ws/build/turtlebot3_cartographer' returned '0': CMAKE_PREFIX_PATH=${CMAKE_PREFIX_PATH}:/home/dev/HomeDirect_ws/install/turtlebot3_teleop:/home/dev/HomeDirect_ws/install/turtlebot3_example:/home/dev/HomeDirect_ws/install/nav_main:/opt/ros/humble /usr/bin/cmake --build /home/dev/HomeDirect_ws/build/turtlebot3_cartographer -- -j8 -l8
[1.143s] Invoking command in '/home/dev/HomeDirect_ws/build/turtlebot3_cartographer': CMAKE_PREFIX_PATH=${CMAKE_PREFIX_PATH}:/home/dev/HomeDirect_ws/install/turtlebot3_teleop:/home/dev/HomeDirect_ws/install/turtlebot3_example:/home/dev/HomeDirect_ws/install/nav_main:/opt/ros/humble /usr/bin/cmake --install /home/dev/HomeDirect_ws/build/turtlebot3_cartographer
[1.184s] -- Install configuration: ""
[1.185s] -- Execute custom install script
[1.196s] -- Up-to-date symlink: /home/dev/HomeDirect_ws/install/turtlebot3_cartographer/share/turtlebot3_cartographer/config/turtlebot3_lds_2d.lua
[1.197s] -- Up-to-date symlink: /home/dev/HomeDirect_ws/install/turtlebot3_cartographer/share/turtlebot3_cartographer/launch/cartographer.launch.py
[1.197s] -- Up-to-date symlink: /home/dev/HomeDirect_ws/install/turtlebot3_cartographer/share/turtlebot3_cartographer/launch/occupancy_grid.launch.py
[1.197s] -- Up-to-date symlink: /home/dev/HomeDirect_ws/install/turtlebot3_cartographer/share/turtlebot3_cartographer/rviz/tb3_cartographer.rviz
[1.197s] -- Up-to-date symlink: /home/dev/HomeDirect_ws/install/turtlebot3_cartographer/share/ament_index/resource_index/package_run_dependencies/turtlebot3_cartographer
[1.198s] -- Up-to-date symlink: /home/dev/HomeDirect_ws/install/turtlebot3_cartographer/share/ament_index/resource_index/parent_prefix_path/turtlebot3_cartographer
[1.198s] -- Up-to-date symlink: /home/dev/HomeDirect_ws/install/turtlebot3_cartographer/share/turtlebot3_cartographer/environment/ament_prefix_path.sh
[1.198s] -- Up-to-date symlink: /home/dev/HomeDirect_ws/install/turtlebot3_cartographer/share/turtlebot3_cartographer/environment/ament_prefix_path.dsv
[1.198s] -- Up-to-date symlink: /home/dev/HomeDirect_ws/install/turtlebot3_cartographer/share/turtlebot3_cartographer/environment/path.sh
[1.198s] -- Up-to-date symlink: /home/dev/HomeDirect_ws/install/turtlebot3_cartographer/share/turtlebot3_cartographer/environment/path.dsv
[1.198s] -- Up-to-date symlink: /home/dev/HomeDirect_ws/install/turtlebot3_cartographer/share/turtlebot3_cartographer/local_setup.bash
[1.199s] -- Up-to-date symlink: /home/dev/HomeDirect_ws/install/turtlebot3_cartographer/share/turtlebot3_cartographer/local_setup.sh
[1.199s] -- Up-to-date symlink: /home/dev/HomeDirect_ws/install/turtlebot3_cartographer/share/turtlebot3_cartographer/local_setup.zsh
[1.199s] -- Up-to-date symlink: /home/dev/HomeDirect_ws/install/turtlebot3_cartographer/share/turtlebot3_cartographer/local_setup.dsv
[1.199s] -- Symlinking: /home/dev/HomeDirect_ws/install/turtlebot3_cartographer/share/turtlebot3_cartographer/package.dsv
[1.223s] -- Up-to-date symlink: /home/dev/HomeDirect_ws/install/turtlebot3_cartographer/share/ament_index/resource_index/packages/turtlebot3_cartographer
[1.223s] -- Up-to-date symlink: /home/dev/HomeDirect_ws/install/turtlebot3_cartographer/share/turtlebot3_cartographer/cmake/turtlebot3_cartographerConfig.cmake
[1.224s] -- Up-to-date symlink: /home/dev/HomeDirect_ws/install/turtlebot3_cartographer/share/turtlebot3_cartographer/cmake/turtlebot3_cartographerConfig-version.cmake
[1.225s] -- Up-to-date symlink: /home/dev/HomeDirect_ws/install/turtlebot3_cartographer/share/turtlebot3_cartographer/package.xml
[1.273s] Invoked command in '/home/dev/HomeDirect_ws/build/turtlebot3_cartographer' returned '0': CMAKE_PREFIX_PATH=${CMAKE_PREFIX_PATH}:/home/dev/HomeDirect_ws/install/turtlebot3_teleop:/home/dev/HomeDirect_ws/install/turtlebot3_example:/home/dev/HomeDirect_ws/install/nav_main:/opt/ros/humble /usr/bin/cmake --install /home/dev/HomeDirect_ws/build/turtlebot3_cartographer
