[0.018s] Invoking command in '/home/dev/HomeDirect_ws/build/dynamixel_sdk_examples': AMENT_PREFIX_PATH=/home/dev/HomeDirect_ws/install/dynamixel_sdk_custom_interfaces:/home/dev/HomeDirect_ws/install/dynamixel_sdk:${AMENT_PREFIX_PATH} CMAKE_PREFIX_PATH=/home/dev/HomeDirect_ws/install/dynamixel_sdk_custom_interfaces:/home/dev/HomeDirect_ws/install/dynamixel_sdk:/home/dev/aws_ws/navigation_tb3/install/navigation_tb3:/home/dev/HomeDirect_ws/install/nav_main:/opt/ros/humble LD_LIBRARY_PATH=/home/dev/HomeDirect_ws/install/dynamixel_sdk_custom_interfaces/lib:/home/dev/HomeDirect_ws/install/dynamixel_sdk/lib:${LD_LIBRARY_PATH} PYTHONPATH=/home/dev/HomeDirect_ws/install/dynamixel_sdk_custom_interfaces/local/lib/python3.10/dist-packages:${PYTHONPATH} /usr/bin/cmake /home/dev/HomeDirect_ws/src/DynamixelSDK/dynamixel_sdk_examples -DAMENT_CMAKE_SYMLINK_INSTALL=1 -DCMAKE_INSTALL_PREFIX=/home/dev/HomeDirect_ws/install/dynamixel_sdk_examples
[0.084s] -- The C compiler identification is GNU 11.3.0
[0.166s] -- The CXX compiler identification is GNU 11.3.0
[0.175s] -- Detecting C compiler ABI info
[0.268s] -- Detecting C compiler ABI info - done
[0.277s] -- Check for working C compiler: /usr/bin/cc - skipped
[0.278s] -- Detecting C compile features
[0.278s] -- Detecting C compile features - done
[0.282s] -- Detecting CXX compiler ABI info
[0.394s] -- Detecting CXX compiler ABI info - done
[0.407s] -- Check for working CXX compiler: /usr/bin/c++ - skipped
[0.407s] -- Detecting CXX compile features
[0.407s] -- Detecting CXX compile features - done
[0.411s] -- Found ament_cmake: 1.3.4 (/opt/ros/humble/share/ament_cmake/cmake)
[0.709s] -- Found Python3: /usr/bin/python3.10 (found version "3.10.6") found components: Interpreter 
[0.801s] -- Override CMake install command with custom implementation using symlinks instead of copying resources
[0.880s] -- Found dynamixel_sdk: 3.7.60 (/home/dev/HomeDirect_ws/install/dynamixel_sdk/share/dynamixel_sdk/cmake)
[0.882s] -- Found dynamixel_sdk_custom_interfaces: 3.7.60 (/home/dev/HomeDirect_ws/install/dynamixel_sdk_custom_interfaces/share/dynamixel_sdk_custom_interfaces/cmake)
[0.954s] -- Found rosidl_generator_c: 3.1.4 (/opt/ros/humble/share/rosidl_generator_c/cmake)
[0.965s] -- Found rosidl_adapter: 3.1.4 (/opt/ros/humble/share/rosidl_adapter/cmake)
[0.981s] -- Found rosidl_generator_cpp: 3.1.4 (/opt/ros/humble/share/rosidl_generator_cpp/cmake)
[1.006s] -- Using all available rosidl_typesupport_c: rosidl_typesupport_fastrtps_c;rosidl_typesupport_introspection_c
[1.041s] -- Using all available rosidl_typesupport_cpp: rosidl_typesupport_fastrtps_cpp;rosidl_typesupport_introspection_cpp
[1.147s] -- Found rclcpp: 16.0.4 (/opt/ros/humble/share/rclcpp/cmake)
[1.261s] -- Found rmw_implementation_cmake: 6.1.1 (/opt/ros/humble/share/rmw_implementation_cmake/cmake)
[1.267s] -- Found rmw_fastrtps_cpp: 6.2.2 (/opt/ros/humble/share/rmw_fastrtps_cpp/cmake)
[1.467s] -- Found OpenSSL: /usr/lib/x86_64-linux-gnu/libcrypto.so (found version "3.0.2")  
[1.540s] -- Found FastRTPS: /opt/ros/humble/include  
[1.627s] -- Using RMW implementation 'rmw_fastrtps_cpp' as default
[1.645s] -- Looking for pthread.h
[1.790s] -- Looking for pthread.h - found
[1.790s] -- Performing Test CMAKE_HAVE_LIBC_PTHREAD
[1.950s] -- Performing Test CMAKE_HAVE_LIBC_PTHREAD - Success
[1.952s] -- Found Threads: TRUE  
[2.271s] -- Found ament_lint_auto: 0.12.6 (/opt/ros/humble/share/ament_lint_auto/cmake)
[2.463s] -- Added test 'copyright' to check source files copyright and LICENSE
[2.465s] -- Added test 'cppcheck' to perform static code analysis on C / C++ code
[2.465s] -- Configured cppcheck include dirs: /home/dev/HomeDirect_ws/src/DynamixelSDK/dynamixel_sdk_examples/include
[2.465s] -- Configured cppcheck exclude dirs and/or files: 
[2.467s] -- Added test 'cpplint' to check C / C++ code against the Google style
[2.467s] -- Configured cpplint exclude dirs and/or files: 
[2.469s] -- Added test 'lint_cmake' to check CMake code style
[2.471s] -- Added test 'uncrustify' to check C / C++ code style
[2.471s] -- Configured uncrustify additional arguments: 
[2.472s] -- Added test 'xmllint' to check XML markup files
[2.475s] -- Configuring done
[2.492s] -- Generating done
[2.495s] -- Build files have been written to: /home/dev/HomeDirect_ws/build/dynamixel_sdk_examples
[2.516s] Invoked command in '/home/dev/HomeDirect_ws/build/dynamixel_sdk_examples' returned '0': AMENT_PREFIX_PATH=/home/dev/HomeDirect_ws/install/dynamixel_sdk_custom_interfaces:/home/dev/HomeDirect_ws/install/dynamixel_sdk:${AMENT_PREFIX_PATH} CMAKE_PREFIX_PATH=/home/dev/HomeDirect_ws/install/dynamixel_sdk_custom_interfaces:/home/dev/HomeDirect_ws/install/dynamixel_sdk:/home/dev/aws_ws/navigation_tb3/install/navigation_tb3:/home/dev/HomeDirect_ws/install/nav_main:/opt/ros/humble LD_LIBRARY_PATH=/home/dev/HomeDirect_ws/install/dynamixel_sdk_custom_interfaces/lib:/home/dev/HomeDirect_ws/install/dynamixel_sdk/lib:${LD_LIBRARY_PATH} PYTHONPATH=/home/dev/HomeDirect_ws/install/dynamixel_sdk_custom_interfaces/local/lib/python3.10/dist-packages:${PYTHONPATH} /usr/bin/cmake /home/dev/HomeDirect_ws/src/DynamixelSDK/dynamixel_sdk_examples -DAMENT_CMAKE_SYMLINK_INSTALL=1 -DCMAKE_INSTALL_PREFIX=/home/dev/HomeDirect_ws/install/dynamixel_sdk_examples
[2.519s] Invoking command in '/home/dev/HomeDirect_ws/build/dynamixel_sdk_examples': AMENT_PREFIX_PATH=/home/dev/HomeDirect_ws/install/dynamixel_sdk_custom_interfaces:/home/dev/HomeDirect_ws/install/dynamixel_sdk:${AMENT_PREFIX_PATH} CMAKE_PREFIX_PATH=/home/dev/HomeDirect_ws/install/dynamixel_sdk_custom_interfaces:/home/dev/HomeDirect_ws/install/dynamixel_sdk:/home/dev/aws_ws/navigation_tb3/install/navigation_tb3:/home/dev/HomeDirect_ws/install/nav_main:/opt/ros/humble LD_LIBRARY_PATH=/home/dev/HomeDirect_ws/install/dynamixel_sdk_custom_interfaces/lib:/home/dev/HomeDirect_ws/install/dynamixel_sdk/lib:${LD_LIBRARY_PATH} PYTHONPATH=/home/dev/HomeDirect_ws/install/dynamixel_sdk_custom_interfaces/local/lib/python3.10/dist-packages:${PYTHONPATH} /usr/bin/cmake --build /home/dev/HomeDirect_ws/build/dynamixel_sdk_examples -- -j8 -l8
[2.613s] [ 50%] [32mBuilding CXX object CMakeFiles/read_write_node.dir/src/read_write_node.cpp.o[0m
[33.279s] [100%] [32m[1mLinking CXX executable read_write_node[0m
[34.878s] [100%] Built target read_write_node
[34.901s] Invoked command in '/home/dev/HomeDirect_ws/build/dynamixel_sdk_examples' returned '0': AMENT_PREFIX_PATH=/home/dev/HomeDirect_ws/install/dynamixel_sdk_custom_interfaces:/home/dev/HomeDirect_ws/install/dynamixel_sdk:${AMENT_PREFIX_PATH} CMAKE_PREFIX_PATH=/home/dev/HomeDirect_ws/install/dynamixel_sdk_custom_interfaces:/home/dev/HomeDirect_ws/install/dynamixel_sdk:/home/dev/aws_ws/navigation_tb3/install/navigation_tb3:/home/dev/HomeDirect_ws/install/nav_main:/opt/ros/humble LD_LIBRARY_PATH=/home/dev/HomeDirect_ws/install/dynamixel_sdk_custom_interfaces/lib:/home/dev/HomeDirect_ws/install/dynamixel_sdk/lib:${LD_LIBRARY_PATH} PYTHONPATH=/home/dev/HomeDirect_ws/install/dynamixel_sdk_custom_interfaces/local/lib/python3.10/dist-packages:${PYTHONPATH} /usr/bin/cmake --build /home/dev/HomeDirect_ws/build/dynamixel_sdk_examples -- -j8 -l8
[34.968s] Invoking command in '/home/dev/HomeDirect_ws/build/dynamixel_sdk_examples': AMENT_PREFIX_PATH=/home/dev/HomeDirect_ws/install/dynamixel_sdk_custom_interfaces:/home/dev/HomeDirect_ws/install/dynamixel_sdk:${AMENT_PREFIX_PATH} CMAKE_PREFIX_PATH=/home/dev/HomeDirect_ws/install/dynamixel_sdk_custom_interfaces:/home/dev/HomeDirect_ws/install/dynamixel_sdk:/home/dev/aws_ws/navigation_tb3/install/navigation_tb3:/home/dev/HomeDirect_ws/install/nav_main:/opt/ros/humble LD_LIBRARY_PATH=/home/dev/HomeDirect_ws/install/dynamixel_sdk_custom_interfaces/lib:/home/dev/HomeDirect_ws/install/dynamixel_sdk/lib:${LD_LIBRARY_PATH} PYTHONPATH=/home/dev/HomeDirect_ws/install/dynamixel_sdk_custom_interfaces/local/lib/python3.10/dist-packages:${PYTHONPATH} /usr/bin/cmake --install /home/dev/HomeDirect_ws/build/dynamixel_sdk_examples
[34.986s] -- Install configuration: ""
[34.987s] -- Execute custom install script
[34.988s] -- Symlinking: /home/dev/HomeDirect_ws/install/dynamixel_sdk_examples/lib/dynamixel_sdk_examples/read_write_node
[35.008s] -- Symlinking: /home/dev/HomeDirect_ws/install/dynamixel_sdk_examples/share/ament_index/resource_index/package_run_dependencies/dynamixel_sdk_examples
[35.029s] -- Symlinking: /home/dev/HomeDirect_ws/install/dynamixel_sdk_examples/share/ament_index/resource_index/parent_prefix_path/dynamixel_sdk_examples
[35.055s] -- Symlinking: /home/dev/HomeDirect_ws/install/dynamixel_sdk_examples/share/dynamixel_sdk_examples/environment/ament_prefix_path.sh
[35.076s] -- Symlinking: /home/dev/HomeDirect_ws/install/dynamixel_sdk_examples/share/dynamixel_sdk_examples/environment/ament_prefix_path.dsv
[35.098s] -- Symlinking: /home/dev/HomeDirect_ws/install/dynamixel_sdk_examples/share/dynamixel_sdk_examples/environment/path.sh
[35.121s] -- Symlinking: /home/dev/HomeDirect_ws/install/dynamixel_sdk_examples/share/dynamixel_sdk_examples/environment/path.dsv
[35.146s] -- Symlinking: /home/dev/HomeDirect_ws/install/dynamixel_sdk_examples/share/dynamixel_sdk_examples/local_setup.bash
[35.167s] -- Symlinking: /home/dev/HomeDirect_ws/install/dynamixel_sdk_examples/share/dynamixel_sdk_examples/local_setup.sh
[35.188s] -- Symlinking: /home/dev/HomeDirect_ws/install/dynamixel_sdk_examples/share/dynamixel_sdk_examples/local_setup.zsh
[35.211s] -- Symlinking: /home/dev/HomeDirect_ws/install/dynamixel_sdk_examples/share/dynamixel_sdk_examples/local_setup.dsv
[35.237s] -- Symlinking: /home/dev/HomeDirect_ws/install/dynamixel_sdk_examples/share/dynamixel_sdk_examples/package.dsv
[35.265s] -- Symlinking: /home/dev/HomeDirect_ws/install/dynamixel_sdk_examples/share/ament_index/resource_index/packages/dynamixel_sdk_examples
[35.295s] -- Symlinking: /home/dev/HomeDirect_ws/install/dynamixel_sdk_examples/share/dynamixel_sdk_examples/cmake/dynamixel_sdk_examplesConfig.cmake
[35.324s] -- Symlinking: /home/dev/HomeDirect_ws/install/dynamixel_sdk_examples/share/dynamixel_sdk_examples/cmake/dynamixel_sdk_examplesConfig-version.cmake
[35.358s] -- Symlinking: /home/dev/HomeDirect_ws/install/dynamixel_sdk_examples/share/dynamixel_sdk_examples/package.xml
[35.396s] Invoked command in '/home/dev/HomeDirect_ws/build/dynamixel_sdk_examples' returned '0': AMENT_PREFIX_PATH=/home/dev/HomeDirect_ws/install/dynamixel_sdk_custom_interfaces:/home/dev/HomeDirect_ws/install/dynamixel_sdk:${AMENT_PREFIX_PATH} CMAKE_PREFIX_PATH=/home/dev/HomeDirect_ws/install/dynamixel_sdk_custom_interfaces:/home/dev/HomeDirect_ws/install/dynamixel_sdk:/home/dev/aws_ws/navigation_tb3/install/navigation_tb3:/home/dev/HomeDirect_ws/install/nav_main:/opt/ros/humble LD_LIBRARY_PATH=/home/dev/HomeDirect_ws/install/dynamixel_sdk_custom_interfaces/lib:/home/dev/HomeDirect_ws/install/dynamixel_sdk/lib:${LD_LIBRARY_PATH} PYTHONPATH=/home/dev/HomeDirect_ws/install/dynamixel_sdk_custom_interfaces/local/lib/python3.10/dist-packages:${PYTHONPATH} /usr/bin/cmake --install /home/dev/HomeDirect_ws/build/dynamixel_sdk_examples
