[0.128s] Invoking command in '/home/dev/HomeDirect_ws/build/turtlebot3_msgs': CMAKE_PREFIX_PATH=${CMAKE_PREFIX_PATH}:/home/dev/HomeDirect_ws/install/turtlebot3_teleop:/home/dev/HomeDirect_ws/install/turtlebot3_example:/home/dev/HomeDirect_ws/install/nav_main:/opt/ros/humble /usr/bin/cmake --build /home/dev/HomeDirect_ws/build/turtlebot3_msgs -- -j8 -l8
[1.082s] [35m[1mConsolidate compiler generated dependencies of target turtlebot3_msgs__rosidl_generator_c[0m
[1.082s] [  1%] Built target turtlebot3_msgs__cpp
[1.083s] [ 12%] Built target turtlebot3_msgs__rosidl_generator_c
[1.084s] [35m[1mConsolidate compiler generated dependencies of target turtlebot3_msgs__rosidl_typesupport_cpp[0m
[1.085s] [35m[1mConsolidate compiler generated dependencies of target turtlebot3_msgs__rosidl_typesupport_fastrtps_cpp[0m
[1.085s] [35m[1mConsolidate compiler generated dependencies of target turtlebot3_msgs__rosidl_typesupport_introspection_cpp[0m
[1.086s] [35m[1mConsolidate compiler generated dependencies of target turtlebot3_msgs__rosidl_typesupport_introspection_c[0m
[1.088s] [35m[1mConsolidate compiler generated dependencies of target turtlebot3_msgs__rosidl_typesupport_fastrtps_c[0m
[1.089s] [ 12%] Built target ament_cmake_python_symlink_turtlebot3_msgs
[1.089s] [ 23%] Built target turtlebot3_msgs__rosidl_typesupport_cpp
[1.091s] [ 35%] Built target turtlebot3_msgs__rosidl_typesupport_fastrtps_cpp
[1.092s] [35m[1mConsolidate compiler generated dependencies of target turtlebot3_msgs__rosidl_typesupport_c[0m
[1.092s] [ 46%] Built target turtlebot3_msgs__rosidl_typesupport_introspection_c
[1.092s] [ 66%] Built target turtlebot3_msgs__rosidl_typesupport_introspection_cpp
[1.092s] [ 69%] Built target turtlebot3_msgs__rosidl_typesupport_c
[1.092s] [ 80%] Built target turtlebot3_msgs__rosidl_typesupport_fastrtps_c
[1.093s] [ 80%] Built target turtlebot3_msgs
[1.093s] [ 81%] Built target turtlebot3_msgs__py
[1.093s] [35m[1mConsolidate compiler generated dependencies of target turtlebot3_msgs__rosidl_generator_py[0m
[1.093s] [ 91%] Built target turtlebot3_msgs__rosidl_generator_py
[1.093s] [35m[1mConsolidate compiler generated dependencies of target turtlebot3_msgs__rosidl_typesupport_introspection_c__pyext[0m
[1.094s] [35m[1mConsolidate compiler generated dependencies of target turtlebot3_msgs__rosidl_typesupport_fastrtps_c__pyext[0m
[1.094s] [35m[1mConsolidate compiler generated dependencies of target turtlebot3_msgs__rosidl_typesupport_c__pyext[0m
[1.094s] [ 94%] Built target turtlebot3_msgs__rosidl_typesupport_introspection_c__pyext
[1.094s] [ 97%] Built target turtlebot3_msgs__rosidl_typesupport_fastrtps_c__pyext
[1.094s] [100%] Built target turtlebot3_msgs__rosidl_typesupport_c__pyext
[1.237s] running egg_info
[1.237s] writing turtlebot3_msgs.egg-info/PKG-INFO
[1.238s] writing dependency_links to turtlebot3_msgs.egg-info/dependency_links.txt
[1.238s] writing top-level names to turtlebot3_msgs.egg-info/top_level.txt
[1.254s] reading manifest file 'turtlebot3_msgs.egg-info/SOURCES.txt'
[1.276s] writing manifest file 'turtlebot3_msgs.egg-info/SOURCES.txt'
[1.378s] [100%] Built target ament_cmake_python_build_turtlebot3_msgs_egg
[1.416s] Invoked command in '/home/dev/HomeDirect_ws/build/turtlebot3_msgs' returned '0': CMAKE_PREFIX_PATH=${CMAKE_PREFIX_PATH}:/home/dev/HomeDirect_ws/install/turtlebot3_teleop:/home/dev/HomeDirect_ws/install/turtlebot3_example:/home/dev/HomeDirect_ws/install/nav_main:/opt/ros/humble /usr/bin/cmake --build /home/dev/HomeDirect_ws/build/turtlebot3_msgs -- -j8 -l8
[2.276s] Invoking command in '/home/dev/HomeDirect_ws/build/turtlebot3_msgs': CMAKE_PREFIX_PATH=${CMAKE_PREFIX_PATH}:/home/dev/HomeDirect_ws/install/turtlebot3_teleop:/home/dev/HomeDirect_ws/install/turtlebot3_example:/home/dev/HomeDirect_ws/install/nav_main:/opt/ros/humble /usr/bin/cmake --install /home/dev/HomeDirect_ws/build/turtlebot3_msgs
[2.286s] -- Install configuration: ""
[2.286s] -- Execute custom install script
[2.286s] -- Up-to-date symlink: /home/dev/HomeDirect_ws/install/turtlebot3_msgs/share/ament_index/resource_index/rosidl_interfaces/turtlebot3_msgs
[2.286s] -- Up-to-date symlink: /home/dev/HomeDirect_ws/install/turtlebot3_msgs/include/turtlebot3_msgs/turtlebot3_msgs/action/detail/patrol__functions.h
[2.287s] -- Up-to-date symlink: /home/dev/HomeDirect_ws/install/turtlebot3_msgs/include/turtlebot3_msgs/turtlebot3_msgs/action/detail/patrol__struct.h
[2.287s] -- Up-to-date symlink: /home/dev/HomeDirect_ws/install/turtlebot3_msgs/include/turtlebot3_msgs/turtlebot3_msgs/action/detail/patrol__type_support.h
[2.287s] -- Up-to-date symlink: /home/dev/HomeDirect_ws/install/turtlebot3_msgs/include/turtlebot3_msgs/turtlebot3_msgs/action/patrol.h
[2.288s] -- Up-to-date symlink: /home/dev/HomeDirect_ws/install/turtlebot3_msgs/include/turtlebot3_msgs/turtlebot3_msgs/msg/detail/sensor_state__functions.h
[2.288s] -- Up-to-date symlink: /home/dev/HomeDirect_ws/install/turtlebot3_msgs/include/turtlebot3_msgs/turtlebot3_msgs/msg/detail/sensor_state__struct.h
[2.288s] -- Up-to-date symlink: /home/dev/HomeDirect_ws/install/turtlebot3_msgs/include/turtlebot3_msgs/turtlebot3_msgs/msg/detail/sensor_state__type_support.h
[2.288s] -- Up-to-date symlink: /home/dev/HomeDirect_ws/install/turtlebot3_msgs/include/turtlebot3_msgs/turtlebot3_msgs/msg/detail/sound__functions.h
[2.288s] -- Up-to-date symlink: /home/dev/HomeDirect_ws/install/turtlebot3_msgs/include/turtlebot3_msgs/turtlebot3_msgs/msg/detail/sound__struct.h
[2.289s] -- Up-to-date symlink: /home/dev/HomeDirect_ws/install/turtlebot3_msgs/include/turtlebot3_msgs/turtlebot3_msgs/msg/detail/sound__type_support.h
[2.289s] -- Up-to-date symlink: /home/dev/HomeDirect_ws/install/turtlebot3_msgs/include/turtlebot3_msgs/turtlebot3_msgs/msg/detail/version_info__functions.h
[2.289s] -- Up-to-date symlink: /home/dev/HomeDirect_ws/install/turtlebot3_msgs/include/turtlebot3_msgs/turtlebot3_msgs/msg/detail/version_info__struct.h
[2.289s] -- Up-to-date symlink: /home/dev/HomeDirect_ws/install/turtlebot3_msgs/include/turtlebot3_msgs/turtlebot3_msgs/msg/detail/version_info__type_support.h
[2.290s] -- Up-to-date symlink: /home/dev/HomeDirect_ws/install/turtlebot3_msgs/include/turtlebot3_msgs/turtlebot3_msgs/msg/rosidl_generator_c__visibility_control.h
[2.290s] -- Up-to-date symlink: /home/dev/HomeDirect_ws/install/turtlebot3_msgs/include/turtlebot3_msgs/turtlebot3_msgs/msg/sensor_state.h
[2.290s] -- Up-to-date symlink: /home/dev/HomeDirect_ws/install/turtlebot3_msgs/include/turtlebot3_msgs/turtlebot3_msgs/msg/sound.h
[2.290s] -- Up-to-date symlink: /home/dev/HomeDirect_ws/install/turtlebot3_msgs/include/turtlebot3_msgs/turtlebot3_msgs/msg/version_info.h
[2.290s] -- Up-to-date symlink: /home/dev/HomeDirect_ws/install/turtlebot3_msgs/include/turtlebot3_msgs/turtlebot3_msgs/srv/detail/dqn__functions.h
[2.291s] -- Up-to-date symlink: /home/dev/HomeDirect_ws/install/turtlebot3_msgs/include/turtlebot3_msgs/turtlebot3_msgs/srv/detail/dqn__struct.h
[2.291s] -- Up-to-date symlink: /home/dev/HomeDirect_ws/install/turtlebot3_msgs/include/turtlebot3_msgs/turtlebot3_msgs/srv/detail/dqn__type_support.h
[2.291s] -- Up-to-date symlink: /home/dev/HomeDirect_ws/install/turtlebot3_msgs/include/turtlebot3_msgs/turtlebot3_msgs/srv/detail/sound__functions.h
[2.291s] -- Up-to-date symlink: /home/dev/HomeDirect_ws/install/turtlebot3_msgs/include/turtlebot3_msgs/turtlebot3_msgs/srv/detail/sound__struct.h
[2.292s] -- Up-to-date symlink: /home/dev/HomeDirect_ws/install/turtlebot3_msgs/include/turtlebot3_msgs/turtlebot3_msgs/srv/detail/sound__type_support.h
[2.292s] -- Up-to-date symlink: /home/dev/HomeDirect_ws/install/turtlebot3_msgs/include/turtlebot3_msgs/turtlebot3_msgs/srv/dqn.h
[2.292s] -- Up-to-date symlink: /home/dev/HomeDirect_ws/install/turtlebot3_msgs/include/turtlebot3_msgs/turtlebot3_msgs/srv/sound.h
[2.292s] -- Up-to-date symlink: /home/dev/HomeDirect_ws/install/turtlebot3_msgs/share/turtlebot3_msgs/environment/library_path.sh
[2.292s] -- Up-to-date symlink: /home/dev/HomeDirect_ws/install/turtlebot3_msgs/share/turtlebot3_msgs/environment/library_path.dsv
[2.293s] -- Up-to-date symlink: /home/dev/HomeDirect_ws/install/turtlebot3_msgs/include/turtlebot3_msgs/turtlebot3_msgs/action/detail/patrol__rosidl_typesupport_fastrtps_c.h
[2.293s] -- Up-to-date symlink: /home/dev/HomeDirect_ws/install/turtlebot3_msgs/include/turtlebot3_msgs/turtlebot3_msgs/msg/detail/sensor_state__rosidl_typesupport_fastrtps_c.h
[2.293s] -- Up-to-date symlink: /home/dev/HomeDirect_ws/install/turtlebot3_msgs/include/turtlebot3_msgs/turtlebot3_msgs/msg/detail/sound__rosidl_typesupport_fastrtps_c.h
[2.293s] -- Up-to-date symlink: /home/dev/HomeDirect_ws/install/turtlebot3_msgs/include/turtlebot3_msgs/turtlebot3_msgs/msg/detail/version_info__rosidl_typesupport_fastrtps_c.h
[2.293s] -- Up-to-date symlink: /home/dev/HomeDirect_ws/install/turtlebot3_msgs/include/turtlebot3_msgs/turtlebot3_msgs/msg/rosidl_typesupport_fastrtps_c__visibility_control.h
[2.294s] -- Up-to-date symlink: /home/dev/HomeDirect_ws/install/turtlebot3_msgs/include/turtlebot3_msgs/turtlebot3_msgs/srv/detail/dqn__rosidl_typesupport_fastrtps_c.h
[2.294s] -- Up-to-date symlink: /home/dev/HomeDirect_ws/install/turtlebot3_msgs/include/turtlebot3_msgs/turtlebot3_msgs/srv/detail/sound__rosidl_typesupport_fastrtps_c.h
[2.294s] -- Up-to-date symlink: /home/dev/HomeDirect_ws/install/turtlebot3_msgs/include/turtlebot3_msgs/turtlebot3_msgs/action/detail/patrol__builder.hpp
[2.294s] -- Up-to-date symlink: /home/dev/HomeDirect_ws/install/turtlebot3_msgs/include/turtlebot3_msgs/turtlebot3_msgs/action/detail/patrol__struct.hpp
[2.294s] -- Up-to-date symlink: /home/dev/HomeDirect_ws/install/turtlebot3_msgs/include/turtlebot3_msgs/turtlebot3_msgs/action/detail/patrol__traits.hpp
[2.294s] -- Up-to-date symlink: /home/dev/HomeDirect_ws/install/turtlebot3_msgs/include/turtlebot3_msgs/turtlebot3_msgs/action/patrol.hpp
[2.295s] -- Up-to-date symlink: /home/dev/HomeDirect_ws/install/turtlebot3_msgs/include/turtlebot3_msgs/turtlebot3_msgs/msg/detail/sensor_state__builder.hpp
[2.295s] -- Up-to-date symlink: /home/dev/HomeDirect_ws/install/turtlebot3_msgs/include/turtlebot3_msgs/turtlebot3_msgs/msg/detail/sensor_state__struct.hpp
[2.295s] -- Up-to-date symlink: /home/dev/HomeDirect_ws/install/turtlebot3_msgs/include/turtlebot3_msgs/turtlebot3_msgs/msg/detail/sensor_state__traits.hpp
[2.295s] -- Up-to-date symlink: /home/dev/HomeDirect_ws/install/turtlebot3_msgs/include/turtlebot3_msgs/turtlebot3_msgs/msg/detail/sound__builder.hpp
[2.295s] -- Up-to-date symlink: /home/dev/HomeDirect_ws/install/turtlebot3_msgs/include/turtlebot3_msgs/turtlebot3_msgs/msg/detail/sound__struct.hpp
[2.295s] -- Up-to-date symlink: /home/dev/HomeDirect_ws/install/turtlebot3_msgs/include/turtlebot3_msgs/turtlebot3_msgs/msg/detail/sound__traits.hpp
[2.296s] -- Up-to-date symlink: /home/dev/HomeDirect_ws/install/turtlebot3_msgs/include/turtlebot3_msgs/turtlebot3_msgs/msg/detail/version_info__builder.hpp
[2.296s] -- Up-to-date symlink: /home/dev/HomeDirect_ws/install/turtlebot3_msgs/include/turtlebot3_msgs/turtlebot3_msgs/msg/detail/version_info__struct.hpp
[2.296s] -- Up-to-date symlink: /home/dev/HomeDirect_ws/install/turtlebot3_msgs/include/turtlebot3_msgs/turtlebot3_msgs/msg/detail/version_info__traits.hpp
[2.296s] -- Up-to-date symlink: /home/dev/HomeDirect_ws/install/turtlebot3_msgs/include/turtlebot3_msgs/turtlebot3_msgs/msg/sensor_state.hpp
[2.296s] -- Up-to-date symlink: /home/dev/HomeDirect_ws/install/turtlebot3_msgs/include/turtlebot3_msgs/turtlebot3_msgs/msg/sound.hpp
[2.296s] -- Up-to-date symlink: /home/dev/HomeDirect_ws/install/turtlebot3_msgs/include/turtlebot3_msgs/turtlebot3_msgs/msg/version_info.hpp
[2.296s] -- Up-to-date symlink: /home/dev/HomeDirect_ws/install/turtlebot3_msgs/include/turtlebot3_msgs/turtlebot3_msgs/srv/detail/dqn__builder.hpp
[2.297s] -- Up-to-date symlink: /home/dev/HomeDirect_ws/install/turtlebot3_msgs/include/turtlebot3_msgs/turtlebot3_msgs/srv/detail/dqn__struct.hpp
[2.297s] -- Up-to-date symlink: /home/dev/HomeDirect_ws/install/turtlebot3_msgs/include/turtlebot3_msgs/turtlebot3_msgs/srv/detail/dqn__traits.hpp
[2.297s] -- Up-to-date symlink: /home/dev/HomeDirect_ws/install/turtlebot3_msgs/include/turtlebot3_msgs/turtlebot3_msgs/srv/detail/sound__builder.hpp
[2.298s] -- Up-to-date symlink: /home/dev/HomeDirect_ws/install/turtlebot3_msgs/include/turtlebot3_msgs/turtlebot3_msgs/srv/detail/sound__struct.hpp
[2.298s] -- Up-to-date symlink: /home/dev/HomeDirect_ws/install/turtlebot3_msgs/include/turtlebot3_msgs/turtlebot3_msgs/srv/detail/sound__traits.hpp
[2.298s] -- Up-to-date symlink: /home/dev/HomeDirect_ws/install/turtlebot3_msgs/include/turtlebot3_msgs/turtlebot3_msgs/srv/dqn.hpp
[2.298s] -- Up-to-date symlink: /home/dev/HomeDirect_ws/install/turtlebot3_msgs/include/turtlebot3_msgs/turtlebot3_msgs/srv/sound.hpp
[2.298s] -- Up-to-date symlink: /home/dev/HomeDirect_ws/install/turtlebot3_msgs/include/turtlebot3_msgs/turtlebot3_msgs/action/detail/patrol__rosidl_typesupport_fastrtps_cpp.hpp
[2.298s] -- Up-to-date symlink: /home/dev/HomeDirect_ws/install/turtlebot3_msgs/include/turtlebot3_msgs/turtlebot3_msgs/msg/detail/sensor_state__rosidl_typesupport_fastrtps_cpp.hpp
[2.298s] -- Up-to-date symlink: /home/dev/HomeDirect_ws/install/turtlebot3_msgs/include/turtlebot3_msgs/turtlebot3_msgs/msg/detail/sound__rosidl_typesupport_fastrtps_cpp.hpp
[2.299s] -- Up-to-date symlink: /home/dev/HomeDirect_ws/install/turtlebot3_msgs/include/turtlebot3_msgs/turtlebot3_msgs/msg/detail/version_info__rosidl_typesupport_fastrtps_cpp.hpp
[2.299s] -- Up-to-date symlink: /home/dev/HomeDirect_ws/install/turtlebot3_msgs/include/turtlebot3_msgs/turtlebot3_msgs/msg/rosidl_typesupport_fastrtps_cpp__visibility_control.h
[2.299s] -- Up-to-date symlink: /home/dev/HomeDirect_ws/install/turtlebot3_msgs/include/turtlebot3_msgs/turtlebot3_msgs/srv/detail/dqn__rosidl_typesupport_fastrtps_cpp.hpp
[2.299s] -- Up-to-date symlink: /home/dev/HomeDirect_ws/install/turtlebot3_msgs/include/turtlebot3_msgs/turtlebot3_msgs/srv/detail/sound__rosidl_typesupport_fastrtps_cpp.hpp
[2.299s] -- Up-to-date symlink: /home/dev/HomeDirect_ws/install/turtlebot3_msgs/include/turtlebot3_msgs/turtlebot3_msgs/action/detail/patrol__rosidl_typesupport_introspection_c.h
[2.300s] -- Up-to-date symlink: /home/dev/HomeDirect_ws/install/turtlebot3_msgs/include/turtlebot3_msgs/turtlebot3_msgs/msg/detail/sensor_state__rosidl_typesupport_introspection_c.h
[2.300s] -- Up-to-date symlink: /home/dev/HomeDirect_ws/install/turtlebot3_msgs/include/turtlebot3_msgs/turtlebot3_msgs/msg/detail/sound__rosidl_typesupport_introspection_c.h
[2.300s] -- Up-to-date symlink: /home/dev/HomeDirect_ws/install/turtlebot3_msgs/include/turtlebot3_msgs/turtlebot3_msgs/msg/detail/version_info__rosidl_typesupport_introspection_c.h
[2.300s] -- Up-to-date symlink: /home/dev/HomeDirect_ws/install/turtlebot3_msgs/include/turtlebot3_msgs/turtlebot3_msgs/msg/rosidl_typesupport_introspection_c__visibility_control.h
[2.300s] -- Up-to-date symlink: /home/dev/HomeDirect_ws/install/turtlebot3_msgs/include/turtlebot3_msgs/turtlebot3_msgs/srv/detail/dqn__rosidl_typesupport_introspection_c.h
[2.311s] -- Up-to-date symlink: /home/dev/HomeDirect_ws/install/turtlebot3_msgs/include/turtlebot3_msgs/turtlebot3_msgs/srv/detail/sound__rosidl_typesupport_introspection_c.h
[2.311s] -- Up-to-date symlink: /home/dev/HomeDirect_ws/install/turtlebot3_msgs/include/turtlebot3_msgs/turtlebot3_msgs/action/detail/patrol__rosidl_typesupport_introspection_cpp.hpp
[2.312s] -- Up-to-date symlink: /home/dev/HomeDirect_ws/install/turtlebot3_msgs/include/turtlebot3_msgs/turtlebot3_msgs/msg/detail/sensor_state__rosidl_typesupport_introspection_cpp.hpp
[2.312s] -- Up-to-date symlink: /home/dev/HomeDirect_ws/install/turtlebot3_msgs/include/turtlebot3_msgs/turtlebot3_msgs/msg/detail/sound__rosidl_typesupport_introspection_cpp.hpp
[2.312s] -- Up-to-date symlink: /home/dev/HomeDirect_ws/install/turtlebot3_msgs/include/turtlebot3_msgs/turtlebot3_msgs/msg/detail/version_info__rosidl_typesupport_introspection_cpp.hpp
[2.312s] -- Up-to-date symlink: /home/dev/HomeDirect_ws/install/turtlebot3_msgs/include/turtlebot3_msgs/turtlebot3_msgs/srv/detail/dqn__rosidl_typesupport_introspection_cpp.hpp
[2.312s] -- Up-to-date symlink: /home/dev/HomeDirect_ws/install/turtlebot3_msgs/include/turtlebot3_msgs/turtlebot3_msgs/srv/detail/sound__rosidl_typesupport_introspection_cpp.hpp
[2.313s] -- Up-to-date symlink: /home/dev/HomeDirect_ws/install/turtlebot3_msgs/share/turtlebot3_msgs/environment/pythonpath.sh
[2.313s] -- Up-to-date symlink: /home/dev/HomeDirect_ws/install/turtlebot3_msgs/share/turtlebot3_msgs/environment/pythonpath.dsv
[2.313s] -- Up-to-date symlink: /home/dev/HomeDirect_ws/install/turtlebot3_msgs/local/lib/python3.10/dist-packages/turtlebot3_msgs-2.2.3-py3.10.egg-info/PKG-INFO
[2.313s] -- Up-to-date symlink: /home/dev/HomeDirect_ws/install/turtlebot3_msgs/local/lib/python3.10/dist-packages/turtlebot3_msgs-2.2.3-py3.10.egg-info/SOURCES.txt
[2.314s] -- Up-to-date symlink: /home/dev/HomeDirect_ws/install/turtlebot3_msgs/local/lib/python3.10/dist-packages/turtlebot3_msgs-2.2.3-py3.10.egg-info/dependency_links.txt
[2.314s] -- Up-to-date symlink: /home/dev/HomeDirect_ws/install/turtlebot3_msgs/local/lib/python3.10/dist-packages/turtlebot3_msgs-2.2.3-py3.10.egg-info/top_level.txt
[2.314s] -- Up-to-date symlink: /home/dev/HomeDirect_ws/install/turtlebot3_msgs/local/lib/python3.10/dist-packages/turtlebot3_msgs/__init__.py
[2.314s] -- Up-to-date symlink: /home/dev/HomeDirect_ws/install/turtlebot3_msgs/local/lib/python3.10/dist-packages/turtlebot3_msgs/_turtlebot3_msgs_s.ep.rosidl_typesupport_c.c
[2.314s] -- Up-to-date symlink: /home/dev/HomeDirect_ws/install/turtlebot3_msgs/local/lib/python3.10/dist-packages/turtlebot3_msgs/_turtlebot3_msgs_s.ep.rosidl_typesupport_fastrtps_c.c
[2.314s] -- Up-to-date symlink: /home/dev/HomeDirect_ws/install/turtlebot3_msgs/local/lib/python3.10/dist-packages/turtlebot3_msgs/_turtlebot3_msgs_s.ep.rosidl_typesupport_introspection_c.c
[2.315s] -- Up-to-date symlink: /home/dev/HomeDirect_ws/install/turtlebot3_msgs/local/lib/python3.10/dist-packages/turtlebot3_msgs/action/__init__.py
[2.315s] -- Up-to-date symlink: /home/dev/HomeDirect_ws/install/turtlebot3_msgs/local/lib/python3.10/dist-packages/turtlebot3_msgs/action/_patrol.py
[2.315s] -- Up-to-date symlink: /home/dev/HomeDirect_ws/install/turtlebot3_msgs/local/lib/python3.10/dist-packages/turtlebot3_msgs/action/_patrol_s.c
[2.315s] -- Up-to-date symlink: /home/dev/HomeDirect_ws/install/turtlebot3_msgs/local/lib/python3.10/dist-packages/turtlebot3_msgs/libturtlebot3_msgs__rosidl_generator_py.so
[2.316s] -- Up-to-date symlink: /home/dev/HomeDirect_ws/install/turtlebot3_msgs/local/lib/python3.10/dist-packages/turtlebot3_msgs/msg/__init__.py
[2.316s] -- Up-to-date symlink: /home/dev/HomeDirect_ws/install/turtlebot3_msgs/local/lib/python3.10/dist-packages/turtlebot3_msgs/msg/_sensor_state.py
[2.316s] -- Up-to-date symlink: /home/dev/HomeDirect_ws/install/turtlebot3_msgs/local/lib/python3.10/dist-packages/turtlebot3_msgs/msg/_sensor_state_s.c
[2.316s] -- Up-to-date symlink: /home/dev/HomeDirect_ws/install/turtlebot3_msgs/local/lib/python3.10/dist-packages/turtlebot3_msgs/msg/_sound.py
[2.316s] -- Up-to-date symlink: /home/dev/HomeDirect_ws/install/turtlebot3_msgs/local/lib/python3.10/dist-packages/turtlebot3_msgs/msg/_sound_s.c
[2.317s] -- Up-to-date symlink: /home/dev/HomeDirect_ws/install/turtlebot3_msgs/local/lib/python3.10/dist-packages/turtlebot3_msgs/msg/_version_info.py
[2.317s] -- Up-to-date symlink: /home/dev/HomeDirect_ws/install/turtlebot3_msgs/local/lib/python3.10/dist-packages/turtlebot3_msgs/msg/_version_info_s.c
[2.317s] -- Up-to-date symlink: /home/dev/HomeDirect_ws/install/turtlebot3_msgs/local/lib/python3.10/dist-packages/turtlebot3_msgs/srv/__init__.py
[2.317s] -- Up-to-date symlink: /home/dev/HomeDirect_ws/install/turtlebot3_msgs/local/lib/python3.10/dist-packages/turtlebot3_msgs/srv/_dqn.py
[2.317s] -- Up-to-date symlink: /home/dev/HomeDirect_ws/install/turtlebot3_msgs/local/lib/python3.10/dist-packages/turtlebot3_msgs/srv/_dqn_s.c
[2.317s] -- Up-to-date symlink: /home/dev/HomeDirect_ws/install/turtlebot3_msgs/local/lib/python3.10/dist-packages/turtlebot3_msgs/srv/_sound.py
[2.318s] -- Up-to-date symlink: /home/dev/HomeDirect_ws/install/turtlebot3_msgs/local/lib/python3.10/dist-packages/turtlebot3_msgs/srv/_sound_s.c
[2.318s] -- Up-to-date symlink: /home/dev/HomeDirect_ws/install/turtlebot3_msgs/local/lib/python3.10/dist-packages/turtlebot3_msgs/turtlebot3_msgs_s__rosidl_typesupport_c.cpython-310-x86_64-linux-gnu.so
[2.318s] -- Up-to-date symlink: /home/dev/HomeDirect_ws/install/turtlebot3_msgs/local/lib/python3.10/dist-packages/turtlebot3_msgs/turtlebot3_msgs_s__rosidl_typesupport_fastrtps_c.cpython-310-x86_64-linux-gnu.so
[2.318s] -- Up-to-date symlink: /home/dev/HomeDirect_ws/install/turtlebot3_msgs/local/lib/python3.10/dist-packages/turtlebot3_msgs/turtlebot3_msgs_s__rosidl_typesupport_introspection_c.cpython-310-x86_64-linux-gnu.so
[2.318s] -- Up-to-date symlink: /home/dev/HomeDirect_ws/install/turtlebot3_msgs/local/lib/python3.10/dist-packages/turtlebot3_msgs/turtlebot3_msgs_s__rosidl_typesupport_fastrtps_c.cpython-310-x86_64-linux-gnu.so
[2.319s] -- Up-to-date symlink: /home/dev/HomeDirect_ws/install/turtlebot3_msgs/local/lib/python3.10/dist-packages/turtlebot3_msgs/turtlebot3_msgs_s__rosidl_typesupport_introspection_c.cpython-310-x86_64-linux-gnu.so
[2.319s] -- Up-to-date symlink: /home/dev/HomeDirect_ws/install/turtlebot3_msgs/local/lib/python3.10/dist-packages/turtlebot3_msgs/turtlebot3_msgs_s__rosidl_typesupport_c.cpython-310-x86_64-linux-gnu.so
[2.319s] -- Up-to-date symlink: /home/dev/HomeDirect_ws/install/turtlebot3_msgs/share/turtlebot3_msgs/msg/SensorState.idl
[2.319s] -- Up-to-date symlink: /home/dev/HomeDirect_ws/install/turtlebot3_msgs/share/turtlebot3_msgs/msg/Sound.idl
[2.320s] -- Up-to-date symlink: /home/dev/HomeDirect_ws/install/turtlebot3_msgs/share/turtlebot3_msgs/msg/VersionInfo.idl
[2.320s] -- Up-to-date symlink: /home/dev/HomeDirect_ws/install/turtlebot3_msgs/share/turtlebot3_msgs/srv/Sound.idl
[2.321s] -- Up-to-date symlink: /home/dev/HomeDirect_ws/install/turtlebot3_msgs/share/turtlebot3_msgs/srv/Dqn.idl
[2.321s] -- Up-to-date symlink: /home/dev/HomeDirect_ws/install/turtlebot3_msgs/share/turtlebot3_msgs/action/Patrol.idl
[2.321s] -- Up-to-date symlink: /home/dev/HomeDirect_ws/install/turtlebot3_msgs/share/turtlebot3_msgs/msg/SensorState.msg
[2.322s] -- Up-to-date symlink: /home/dev/HomeDirect_ws/install/turtlebot3_msgs/share/turtlebot3_msgs/msg/Sound.msg
[2.322s] -- Up-to-date symlink: /home/dev/HomeDirect_ws/install/turtlebot3_msgs/share/turtlebot3_msgs/msg/VersionInfo.msg
[2.323s] -- Up-to-date symlink: /home/dev/HomeDirect_ws/install/turtlebot3_msgs/share/turtlebot3_msgs/srv/Sound.srv
[2.323s] -- Up-to-date symlink: /home/dev/HomeDirect_ws/install/turtlebot3_msgs/share/turtlebot3_msgs/srv/Sound_Request.msg
[2.323s] -- Up-to-date symlink: /home/dev/HomeDirect_ws/install/turtlebot3_msgs/share/turtlebot3_msgs/srv/Sound_Response.msg
[2.324s] -- Up-to-date symlink: /home/dev/HomeDirect_ws/install/turtlebot3_msgs/share/turtlebot3_msgs/srv/Dqn.srv
[2.324s] -- Up-to-date symlink: /home/dev/HomeDirect_ws/install/turtlebot3_msgs/share/turtlebot3_msgs/srv/Dqn_Request.msg
[2.325s] -- Up-to-date symlink: /home/dev/HomeDirect_ws/install/turtlebot3_msgs/share/turtlebot3_msgs/srv/Dqn_Response.msg
[2.325s] -- Up-to-date symlink: /home/dev/HomeDirect_ws/install/turtlebot3_msgs/share/turtlebot3_msgs/action/Patrol.action
[2.325s] -- Up-to-date symlink: /home/dev/HomeDirect_ws/install/turtlebot3_msgs/share/ament_index/resource_index/package_run_dependencies/turtlebot3_msgs
[2.326s] -- Up-to-date symlink: /home/dev/HomeDirect_ws/install/turtlebot3_msgs/share/ament_index/resource_index/parent_prefix_path/turtlebot3_msgs
[2.326s] -- Up-to-date symlink: /home/dev/HomeDirect_ws/install/turtlebot3_msgs/share/turtlebot3_msgs/environment/ament_prefix_path.sh
[2.327s] -- Up-to-date symlink: /home/dev/HomeDirect_ws/install/turtlebot3_msgs/share/turtlebot3_msgs/environment/ament_prefix_path.dsv
[2.327s] -- Up-to-date symlink: /home/dev/HomeDirect_ws/install/turtlebot3_msgs/share/turtlebot3_msgs/environment/path.sh
[2.329s] -- Up-to-date symlink: /home/dev/HomeDirect_ws/install/turtlebot3_msgs/share/turtlebot3_msgs/environment/path.dsv
[2.329s] -- Up-to-date symlink: /home/dev/HomeDirect_ws/install/turtlebot3_msgs/share/turtlebot3_msgs/local_setup.bash
[2.329s] -- Up-to-date symlink: /home/dev/HomeDirect_ws/install/turtlebot3_msgs/share/turtlebot3_msgs/local_setup.sh
[2.330s] -- Up-to-date symlink: /home/dev/HomeDirect_ws/install/turtlebot3_msgs/share/turtlebot3_msgs/local_setup.zsh
[2.330s] -- Up-to-date symlink: /home/dev/HomeDirect_ws/install/turtlebot3_msgs/share/turtlebot3_msgs/local_setup.dsv
[2.330s] -- Symlinking: /home/dev/HomeDirect_ws/install/turtlebot3_msgs/share/turtlebot3_msgs/package.dsv
[2.358s] -- Up-to-date symlink: /home/dev/HomeDirect_ws/install/turtlebot3_msgs/share/ament_index/resource_index/packages/turtlebot3_msgs
[2.358s] -- Up-to-date symlink: /home/dev/HomeDirect_ws/install/turtlebot3_msgs/share/turtlebot3_msgs/cmake/rosidl_cmake-extras.cmake
[2.359s] -- Up-to-date symlink: /home/dev/HomeDirect_ws/install/turtlebot3_msgs/share/turtlebot3_msgs/cmake/ament_cmake_export_dependencies-extras.cmake
[2.359s] -- Up-to-date symlink: /home/dev/HomeDirect_ws/install/turtlebot3_msgs/share/turtlebot3_msgs/cmake/ament_cmake_export_include_directories-extras.cmake
[2.360s] -- Up-to-date symlink: /home/dev/HomeDirect_ws/install/turtlebot3_msgs/share/turtlebot3_msgs/cmake/ament_cmake_export_libraries-extras.cmake
[2.360s] -- Up-to-date symlink: /home/dev/HomeDirect_ws/install/turtlebot3_msgs/share/turtlebot3_msgs/cmake/ament_cmake_export_targets-extras.cmake
[2.360s] -- Up-to-date symlink: /home/dev/HomeDirect_ws/install/turtlebot3_msgs/share/turtlebot3_msgs/cmake/rosidl_cmake_export_typesupport_targets-extras.cmake
[2.361s] -- Up-to-date symlink: /home/dev/HomeDirect_ws/install/turtlebot3_msgs/share/turtlebot3_msgs/cmake/rosidl_cmake_export_typesupport_libraries-extras.cmake
[2.364s] -- Up-to-date symlink: /home/dev/HomeDirect_ws/install/turtlebot3_msgs/share/turtlebot3_msgs/cmake/turtlebot3_msgsConfig.cmake
[2.364s] -- Up-to-date symlink: /home/dev/HomeDirect_ws/install/turtlebot3_msgs/share/turtlebot3_msgs/cmake/turtlebot3_msgsConfig-version.cmake
[2.365s] -- Up-to-date symlink: /home/dev/HomeDirect_ws/install/turtlebot3_msgs/share/turtlebot3_msgs/package.xml
[2.365s] -- Up-to-date: /home/dev/HomeDirect_ws/install/turtlebot3_msgs/lib/libturtlebot3_msgs__rosidl_generator_c.so
[2.366s] -- Up-to-date: /home/dev/HomeDirect_ws/install/turtlebot3_msgs/lib/libturtlebot3_msgs__rosidl_typesupport_fastrtps_c.so
[2.367s] -- Up-to-date: /home/dev/HomeDirect_ws/install/turtlebot3_msgs/lib/libturtlebot3_msgs__rosidl_typesupport_fastrtps_cpp.so
[2.368s] -- Up-to-date: /home/dev/HomeDirect_ws/install/turtlebot3_msgs/lib/libturtlebot3_msgs__rosidl_typesupport_introspection_c.so
[2.368s] -- Up-to-date: /home/dev/HomeDirect_ws/install/turtlebot3_msgs/lib/libturtlebot3_msgs__rosidl_typesupport_c.so
[2.368s] -- Up-to-date: /home/dev/HomeDirect_ws/install/turtlebot3_msgs/lib/libturtlebot3_msgs__rosidl_typesupport_introspection_cpp.so
[2.369s] -- Up-to-date: /home/dev/HomeDirect_ws/install/turtlebot3_msgs/lib/libturtlebot3_msgs__rosidl_typesupport_cpp.so
[2.465s] Listing '/home/dev/HomeDirect_ws/install/turtlebot3_msgs/local/lib/python3.10/dist-packages/turtlebot3_msgs'...
[2.466s] Listing '/home/dev/HomeDirect_ws/install/turtlebot3_msgs/local/lib/python3.10/dist-packages/turtlebot3_msgs/action'...
[2.466s] Listing '/home/dev/HomeDirect_ws/install/turtlebot3_msgs/local/lib/python3.10/dist-packages/turtlebot3_msgs/msg'...
[2.466s] Listing '/home/dev/HomeDirect_ws/install/turtlebot3_msgs/local/lib/python3.10/dist-packages/turtlebot3_msgs/srv'...
[2.480s] -- Up-to-date: /home/dev/HomeDirect_ws/install/turtlebot3_msgs/lib/libturtlebot3_msgs__rosidl_generator_py.so
[2.480s] -- Up-to-date: /home/dev/HomeDirect_ws/install/turtlebot3_msgs/share/turtlebot3_msgs/cmake/export_turtlebot3_msgs__rosidl_generator_cExport.cmake
[2.480s] -- Up-to-date: /home/dev/HomeDirect_ws/install/turtlebot3_msgs/share/turtlebot3_msgs/cmake/export_turtlebot3_msgs__rosidl_generator_cExport-noconfig.cmake
[2.480s] -- Up-to-date: /home/dev/HomeDirect_ws/install/turtlebot3_msgs/share/turtlebot3_msgs/cmake/export_turtlebot3_msgs__rosidl_typesupport_fastrtps_cExport.cmake
[2.480s] -- Up-to-date: /home/dev/HomeDirect_ws/install/turtlebot3_msgs/share/turtlebot3_msgs/cmake/export_turtlebot3_msgs__rosidl_typesupport_fastrtps_cExport-noconfig.cmake
[2.481s] -- Up-to-date: /home/dev/HomeDirect_ws/install/turtlebot3_msgs/share/turtlebot3_msgs/cmake/export_turtlebot3_msgs__rosidl_generator_cppExport.cmake
[2.481s] -- Up-to-date: /home/dev/HomeDirect_ws/install/turtlebot3_msgs/share/turtlebot3_msgs/cmake/export_turtlebot3_msgs__rosidl_typesupport_fastrtps_cppExport.cmake
[2.481s] -- Up-to-date: /home/dev/HomeDirect_ws/install/turtlebot3_msgs/share/turtlebot3_msgs/cmake/export_turtlebot3_msgs__rosidl_typesupport_fastrtps_cppExport-noconfig.cmake
[2.481s] -- Up-to-date: /home/dev/HomeDirect_ws/install/turtlebot3_msgs/share/turtlebot3_msgs/cmake/turtlebot3_msgs__rosidl_typesupport_introspection_cExport.cmake
[2.482s] -- Up-to-date: /home/dev/HomeDirect_ws/install/turtlebot3_msgs/share/turtlebot3_msgs/cmake/turtlebot3_msgs__rosidl_typesupport_introspection_cExport-noconfig.cmake
[2.482s] -- Up-to-date: /home/dev/HomeDirect_ws/install/turtlebot3_msgs/share/turtlebot3_msgs/cmake/turtlebot3_msgs__rosidl_typesupport_cExport.cmake
[2.482s] -- Up-to-date: /home/dev/HomeDirect_ws/install/turtlebot3_msgs/share/turtlebot3_msgs/cmake/turtlebot3_msgs__rosidl_typesupport_cExport-noconfig.cmake
[2.482s] -- Up-to-date: /home/dev/HomeDirect_ws/install/turtlebot3_msgs/share/turtlebot3_msgs/cmake/turtlebot3_msgs__rosidl_typesupport_introspection_cppExport.cmake
[2.482s] -- Up-to-date: /home/dev/HomeDirect_ws/install/turtlebot3_msgs/share/turtlebot3_msgs/cmake/turtlebot3_msgs__rosidl_typesupport_introspection_cppExport-noconfig.cmake
[2.483s] -- Up-to-date: /home/dev/HomeDirect_ws/install/turtlebot3_msgs/share/turtlebot3_msgs/cmake/turtlebot3_msgs__rosidl_typesupport_cppExport.cmake
[2.483s] -- Up-to-date: /home/dev/HomeDirect_ws/install/turtlebot3_msgs/share/turtlebot3_msgs/cmake/turtlebot3_msgs__rosidl_typesupport_cppExport-noconfig.cmake
[2.483s] -- Up-to-date: /home/dev/HomeDirect_ws/install/turtlebot3_msgs/share/turtlebot3_msgs/cmake/export_turtlebot3_msgs__rosidl_generator_pyExport.cmake
[2.484s] -- Up-to-date: /home/dev/HomeDirect_ws/install/turtlebot3_msgs/share/turtlebot3_msgs/cmake/export_turtlebot3_msgs__rosidl_generator_pyExport-noconfig.cmake
[2.493s] Invoked command in '/home/dev/HomeDirect_ws/build/turtlebot3_msgs' returned '0': CMAKE_PREFIX_PATH=${CMAKE_PREFIX_PATH}:/home/dev/HomeDirect_ws/install/turtlebot3_teleop:/home/dev/HomeDirect_ws/install/turtlebot3_example:/home/dev/HomeDirect_ws/install/nav_main:/opt/ros/humble /usr/bin/cmake --install /home/dev/HomeDirect_ws/build/turtlebot3_msgs
