[0.096s] Invoking command in '/home/dev/HomeDirect_ws/build/turtlebot3_navigation2': CMAKE_PREFIX_PATH=${CMAKE_PREFIX_PATH}:/home/dev/HomeDirect_ws/install/nav_main:/opt/ros/humble /usr/bin/cmake /home/dev/HomeDirect_ws/src/turtlebot3/turtlebot3_navigation2 -DAMENT_CMAKE_SYMLINK_INSTALL=1 -DCMAKE_INSTALL_PREFIX=/home/dev/HomeDirect_ws/install/turtlebot3_navigation2
[1.946s] -- The C compiler identification is GNU 11.3.0
[1.946s] -- The CXX compiler identification is GNU 11.3.0
[1.946s] -- Detecting C compiler ABI info
[1.947s] -- Detecting C compiler ABI info - done
[1.947s] -- Check for working C compiler: /usr/bin/cc - skipped
[1.947s] -- Detecting C compile features
[1.947s] -- Detecting C compile features - done
[1.947s] -- Detecting CXX compiler ABI info
[1.947s] -- Detecting CXX compiler ABI info - done
[1.948s] -- Check for working CXX compiler: /usr/bin/c++ - skipped
[1.948s] -- Detecting CXX compile features
[1.948s] -- Detecting CXX compile features - done
[1.948s] -- Found ament_cmake: 1.3.4 (/opt/ros/humble/share/ament_cmake/cmake)
[1.948s] -- Found Python3: /usr/bin/python3.10 (found version "3.10.6") found components: Interpreter 
[1.948s] -- Override CMake install command with custom implementation using symlinks instead of copying resources
[2.066s] -- Configuring done
[2.080s] -- Generating done
[2.083s] -- Build files have been written to: /home/dev/HomeDirect_ws/build/turtlebot3_navigation2
[2.100s] Invoked command in '/home/dev/HomeDirect_ws/build/turtlebot3_navigation2' returned '0': CMAKE_PREFIX_PATH=${CMAKE_PREFIX_PATH}:/home/dev/HomeDirect_ws/install/nav_main:/opt/ros/humble /usr/bin/cmake /home/dev/HomeDirect_ws/src/turtlebot3/turtlebot3_navigation2 -DAMENT_CMAKE_SYMLINK_INSTALL=1 -DCMAKE_INSTALL_PREFIX=/home/dev/HomeDirect_ws/install/turtlebot3_navigation2
[2.104s] Invoking command in '/home/dev/HomeDirect_ws/build/turtlebot3_navigation2': CMAKE_PREFIX_PATH=${CMAKE_PREFIX_PATH}:/home/dev/HomeDirect_ws/install/nav_main:/opt/ros/humble /usr/bin/cmake --build /home/dev/HomeDirect_ws/build/turtlebot3_navigation2 -- -j8 -l8
[2.206s] Invoked command in '/home/dev/HomeDirect_ws/build/turtlebot3_navigation2' returned '0': CMAKE_PREFIX_PATH=${CMAKE_PREFIX_PATH}:/home/dev/HomeDirect_ws/install/nav_main:/opt/ros/humble /usr/bin/cmake --build /home/dev/HomeDirect_ws/build/turtlebot3_navigation2 -- -j8 -l8
[2.293s] Invoking command in '/home/dev/HomeDirect_ws/build/turtlebot3_navigation2': CMAKE_PREFIX_PATH=${CMAKE_PREFIX_PATH}:/home/dev/HomeDirect_ws/install/nav_main:/opt/ros/humble /usr/bin/cmake --install /home/dev/HomeDirect_ws/build/turtlebot3_navigation2
[2.324s] -- Install configuration: ""
[2.340s] -- Execute custom install script
[2.343s] -- Symlinking: /home/dev/HomeDirect_ws/install/turtlebot3_navigation2/share/turtlebot3_navigation2/launch/navigation2.launch.py
[2.352s] -- Symlinking: /home/dev/HomeDirect_ws/install/turtlebot3_navigation2/share/turtlebot3_navigation2/map/map.pgm
[2.433s] -- Symlinking: /home/dev/HomeDirect_ws/install/turtlebot3_navigation2/share/turtlebot3_navigation2/map/map.yaml
[2.507s] -- Symlinking: /home/dev/HomeDirect_ws/install/turtlebot3_navigation2/share/turtlebot3_navigation2/param/burger.yaml
[2.561s] -- Symlinking: /home/dev/HomeDirect_ws/install/turtlebot3_navigation2/share/turtlebot3_navigation2/param/waffle.yaml
[2.642s] -- Symlinking: /home/dev/HomeDirect_ws/install/turtlebot3_navigation2/share/turtlebot3_navigation2/param/waffle_pi.yaml
[2.733s] -- Symlinking: /home/dev/HomeDirect_ws/install/turtlebot3_navigation2/share/turtlebot3_navigation2/rviz/tb3_navigation2.rviz
[2.795s] -- Symlinking: /home/dev/HomeDirect_ws/install/turtlebot3_navigation2/share/ament_index/resource_index/package_run_dependencies/turtlebot3_navigation2
[2.865s] -- Symlinking: /home/dev/HomeDirect_ws/install/turtlebot3_navigation2/share/ament_index/resource_index/parent_prefix_path/turtlebot3_navigation2
[2.922s] -- Symlinking: /home/dev/HomeDirect_ws/install/turtlebot3_navigation2/share/turtlebot3_navigation2/environment/ament_prefix_path.sh
[2.984s] -- Symlinking: /home/dev/HomeDirect_ws/install/turtlebot3_navigation2/share/turtlebot3_navigation2/environment/ament_prefix_path.dsv
[3.040s] -- Symlinking: /home/dev/HomeDirect_ws/install/turtlebot3_navigation2/share/turtlebot3_navigation2/environment/path.sh
[3.092s] -- Symlinking: /home/dev/HomeDirect_ws/install/turtlebot3_navigation2/share/turtlebot3_navigation2/environment/path.dsv
[3.154s] -- Symlinking: /home/dev/HomeDirect_ws/install/turtlebot3_navigation2/share/turtlebot3_navigation2/local_setup.bash
[3.222s] -- Symlinking: /home/dev/HomeDirect_ws/install/turtlebot3_navigation2/share/turtlebot3_navigation2/local_setup.sh
[3.282s] -- Symlinking: /home/dev/HomeDirect_ws/install/turtlebot3_navigation2/share/turtlebot3_navigation2/local_setup.zsh
[3.357s] -- Symlinking: /home/dev/HomeDirect_ws/install/turtlebot3_navigation2/share/turtlebot3_navigation2/local_setup.dsv
[3.432s] -- Symlinking: /home/dev/HomeDirect_ws/install/turtlebot3_navigation2/share/turtlebot3_navigation2/package.dsv
[3.486s] -- Symlinking: /home/dev/HomeDirect_ws/install/turtlebot3_navigation2/share/ament_index/resource_index/packages/turtlebot3_navigation2
[3.585s] -- Symlinking: /home/dev/HomeDirect_ws/install/turtlebot3_navigation2/share/turtlebot3_navigation2/cmake/turtlebot3_navigation2Config.cmake
[3.636s] -- Symlinking: /home/dev/HomeDirect_ws/install/turtlebot3_navigation2/share/turtlebot3_navigation2/cmake/turtlebot3_navigation2Config-version.cmake
[3.705s] -- Symlinking: /home/dev/HomeDirect_ws/install/turtlebot3_navigation2/share/turtlebot3_navigation2/package.xml
[3.780s] Invoked command in '/home/dev/HomeDirect_ws/build/turtlebot3_navigation2' returned '0': CMAKE_PREFIX_PATH=${CMAKE_PREFIX_PATH}:/home/dev/HomeDirect_ws/install/nav_main:/opt/ros/humble /usr/bin/cmake --install /home/dev/HomeDirect_ws/build/turtlebot3_navigation2
