[0.378s] DEBUG:colcon:Command line arguments: ['/usr/bin/colcon', 'list', '-p', '--base-paths', '/home/adev/HomeDirect_ws']
[0.378s] DEBUG:colcon:Parsed command line arguments: Namespace(log_base=None, log_level=None, verb_name='list', build_base='build', ignore_user_meta=False, metas=['./colcon.meta'], base_paths=['/home/adev/HomeDirect_ws'], packages_ignore=None, packages_ignore_regex=None, paths=None, packages_up_to=None, packages_up_to_regex=None, packages_above=None, packages_above_and_dependencies=None, packages_above_depth=None, packages_select_by_dep=None, packages_skip_by_dep=None, packages_skip_up_to=None, packages_select_build_failed=False, packages_skip_build_finished=False, packages_select_test_failures=False, packages_skip_test_passed=False, packages_select=None, packages_skip=None, packages_select_regex=None, packages_skip_regex=None, packages_start=None, packages_end=None, allow_overriding=[], topological_order=False, names_only=False, paths_only=True, topological_graph=False, topological_graph_dot=False, topological_graph_density=False, topological_graph_legend=False, topological_graph_dot_cluster=False, topological_graph_dot_include_skipped=False, verb_parser=<colcon_defaults.argument_parser.defaults.DefaultArgumentsDecorator object at 0x7f685f19bc70>, verb_extension=<colcon_package_information.verb.list.ListVerb object at 0x7f685f6e0a00>, main=<bound method ListVerb.main of <colcon_package_information.verb.list.ListVerb object at 0x7f685f6e0a00>>)
[0.430s] Level 1:colcon.colcon_core.package_discovery:discover_packages(colcon_meta) check parameters
[0.431s] Level 1:colcon.colcon_core.package_discovery:discover_packages(recursive) check parameters
[0.431s] Level 1:colcon.colcon_core.package_discovery:discover_packages(ignore) check parameters
[0.431s] Level 1:colcon.colcon_core.package_discovery:discover_packages(path) check parameters
[0.431s] Level 1:colcon.colcon_core.package_discovery:discover_packages(recursive) discover
[0.431s] INFO:colcon.colcon_core.package_discovery:Crawling recursively for packages in '/home/adev/HomeDirect_ws'
[0.431s] Level 1:colcon.colcon_core.package_identification:_identify(/home/adev/HomeDirect_ws) by extensions ['ignore', 'ignore_ament_install']
[0.431s] Level 1:colcon.colcon_core.package_identification:_identify(/home/adev/HomeDirect_ws) by extension 'ignore'
[0.431s] Level 1:colcon.colcon_core.package_identification:_identify(/home/adev/HomeDirect_ws) by extension 'ignore_ament_install'
[0.431s] Level 1:colcon.colcon_core.package_identification:_identify(/home/adev/HomeDirect_ws) by extensions ['colcon_pkg']
[0.431s] Level 1:colcon.colcon_core.package_identification:_identify(/home/adev/HomeDirect_ws) by extension 'colcon_pkg'
[0.431s] Level 1:colcon.colcon_core.package_identification:_identify(/home/adev/HomeDirect_ws) by extensions ['colcon_meta']
[0.431s] Level 1:colcon.colcon_core.package_identification:_identify(/home/adev/HomeDirect_ws) by extension 'colcon_meta'
[0.431s] Level 1:colcon.colcon_core.package_identification:_identify(/home/adev/HomeDirect_ws) by extensions ['ros']
[0.431s] Level 1:colcon.colcon_core.package_identification:_identify(/home/adev/HomeDirect_ws) by extension 'ros'
[0.444s] Level 1:colcon.colcon_core.package_identification:_identify(/home/adev/HomeDirect_ws) by extensions ['cmake', 'python']
[0.444s] Level 1:colcon.colcon_core.package_identification:_identify(/home/adev/HomeDirect_ws) by extension 'cmake'
[0.444s] Level 1:colcon.colcon_core.package_identification:_identify(/home/adev/HomeDirect_ws) by extension 'python'
[0.444s] Level 1:colcon.colcon_core.package_identification:_identify(/home/adev/HomeDirect_ws) by extensions ['python_setup_py']
[0.444s] Level 1:colcon.colcon_core.package_identification:_identify(/home/adev/HomeDirect_ws) by extension 'python_setup_py'
[0.444s] Level 1:colcon.colcon_core.package_identification:_identify(/home/adev/HomeDirect_ws/build) by extensions ['ignore', 'ignore_ament_install']
[0.444s] Level 1:colcon.colcon_core.package_identification:_identify(/home/adev/HomeDirect_ws/build) by extension 'ignore'
[0.444s] Level 1:colcon.colcon_core.package_identification:_identify(/home/adev/HomeDirect_ws/build) ignored
[0.444s] Level 1:colcon.colcon_core.package_identification:_identify(/home/adev/HomeDirect_ws/config) by extensions ['ignore', 'ignore_ament_install']
[0.445s] Level 1:colcon.colcon_core.package_identification:_identify(/home/adev/HomeDirect_ws/config) by extension 'ignore'
[0.445s] Level 1:colcon.colcon_core.package_identification:_identify(/home/adev/HomeDirect_ws/config) by extension 'ignore_ament_install'
[0.445s] Level 1:colcon.colcon_core.package_identification:_identify(/home/adev/HomeDirect_ws/config) by extensions ['colcon_pkg']
[0.445s] Level 1:colcon.colcon_core.package_identification:_identify(/home/adev/HomeDirect_ws/config) by extension 'colcon_pkg'
[0.445s] Level 1:colcon.colcon_core.package_identification:_identify(/home/adev/HomeDirect_ws/config) by extensions ['colcon_meta']
[0.445s] Level 1:colcon.colcon_core.package_identification:_identify(/home/adev/HomeDirect_ws/config) by extension 'colcon_meta'
[0.445s] Level 1:colcon.colcon_core.package_identification:_identify(/home/adev/HomeDirect_ws/config) by extensions ['ros']
[0.445s] Level 1:colcon.colcon_core.package_identification:_identify(/home/adev/HomeDirect_ws/config) by extension 'ros'
[0.445s] Level 1:colcon.colcon_core.package_identification:_identify(/home/adev/HomeDirect_ws/config) by extensions ['cmake', 'python']
[0.445s] Level 1:colcon.colcon_core.package_identification:_identify(/home/adev/HomeDirect_ws/config) by extension 'cmake'
[0.445s] Level 1:colcon.colcon_core.package_identification:_identify(/home/adev/HomeDirect_ws/config) by extension 'python'
[0.445s] Level 1:colcon.colcon_core.package_identification:_identify(/home/adev/HomeDirect_ws/config) by extensions ['python_setup_py']
[0.445s] Level 1:colcon.colcon_core.package_identification:_identify(/home/adev/HomeDirect_ws/config) by extension 'python_setup_py'
[0.445s] Level 1:colcon.colcon_core.package_identification:_identify(/home/adev/HomeDirect_ws/config/Maps) by extensions ['ignore', 'ignore_ament_install']
[0.445s] Level 1:colcon.colcon_core.package_identification:_identify(/home/adev/HomeDirect_ws/config/Maps) by extension 'ignore'
[0.445s] Level 1:colcon.colcon_core.package_identification:_identify(/home/adev/HomeDirect_ws/config/Maps) by extension 'ignore_ament_install'
[0.445s] Level 1:colcon.colcon_core.package_identification:_identify(/home/adev/HomeDirect_ws/config/Maps) by extensions ['colcon_pkg']
[0.445s] Level 1:colcon.colcon_core.package_identification:_identify(/home/adev/HomeDirect_ws/config/Maps) by extension 'colcon_pkg'
[0.446s] Level 1:colcon.colcon_core.package_identification:_identify(/home/adev/HomeDirect_ws/config/Maps) by extensions ['colcon_meta']
[0.446s] Level 1:colcon.colcon_core.package_identification:_identify(/home/adev/HomeDirect_ws/config/Maps) by extension 'colcon_meta'
[0.446s] Level 1:colcon.colcon_core.package_identification:_identify(/home/adev/HomeDirect_ws/config/Maps) by extensions ['ros']
[0.446s] Level 1:colcon.colcon_core.package_identification:_identify(/home/adev/HomeDirect_ws/config/Maps) by extension 'ros'
[0.446s] Level 1:colcon.colcon_core.package_identification:_identify(/home/adev/HomeDirect_ws/config/Maps) by extensions ['cmake', 'python']
[0.446s] Level 1:colcon.colcon_core.package_identification:_identify(/home/adev/HomeDirect_ws/config/Maps) by extension 'cmake'
[0.446s] Level 1:colcon.colcon_core.package_identification:_identify(/home/adev/HomeDirect_ws/config/Maps) by extension 'python'
[0.446s] Level 1:colcon.colcon_core.package_identification:_identify(/home/adev/HomeDirect_ws/config/Maps) by extensions ['python_setup_py']
[0.446s] Level 1:colcon.colcon_core.package_identification:_identify(/home/adev/HomeDirect_ws/config/Maps) by extension 'python_setup_py'
[0.446s] Level 1:colcon.colcon_core.package_identification:_identify(/home/adev/HomeDirect_ws/install) by extensions ['ignore', 'ignore_ament_install']
[0.446s] Level 1:colcon.colcon_core.package_identification:_identify(/home/adev/HomeDirect_ws/install) by extension 'ignore'
[0.446s] Level 1:colcon.colcon_core.package_identification:_identify(/home/adev/HomeDirect_ws/install) ignored
[0.446s] Level 1:colcon.colcon_core.package_identification:_identify(/home/adev/HomeDirect_ws/log) by extensions ['ignore', 'ignore_ament_install']
[0.446s] Level 1:colcon.colcon_core.package_identification:_identify(/home/adev/HomeDirect_ws/log) by extension 'ignore'
[0.447s] Level 1:colcon.colcon_core.package_identification:_identify(/home/adev/HomeDirect_ws/log) ignored
[0.447s] Level 1:colcon.colcon_core.package_identification:_identify(/home/adev/HomeDirect_ws/src) by extensions ['ignore', 'ignore_ament_install']
[0.447s] Level 1:colcon.colcon_core.package_identification:_identify(/home/adev/HomeDirect_ws/src) by extension 'ignore'
[0.447s] Level 1:colcon.colcon_core.package_identification:_identify(/home/adev/HomeDirect_ws/src) by extension 'ignore_ament_install'
[0.447s] Level 1:colcon.colcon_core.package_identification:_identify(/home/adev/HomeDirect_ws/src) by extensions ['colcon_pkg']
[0.447s] Level 1:colcon.colcon_core.package_identification:_identify(/home/adev/HomeDirect_ws/src) by extension 'colcon_pkg'
[0.447s] Level 1:colcon.colcon_core.package_identification:_identify(/home/adev/HomeDirect_ws/src) by extensions ['colcon_meta']
[0.447s] Level 1:colcon.colcon_core.package_identification:_identify(/home/adev/HomeDirect_ws/src) by extension 'colcon_meta'
[0.447s] Level 1:colcon.colcon_core.package_identification:_identify(/home/adev/HomeDirect_ws/src) by extensions ['ros']
[0.447s] Level 1:colcon.colcon_core.package_identification:_identify(/home/adev/HomeDirect_ws/src) by extension 'ros'
[0.447s] Level 1:colcon.colcon_core.package_identification:_identify(/home/adev/HomeDirect_ws/src) by extensions ['cmake', 'python']
[0.447s] Level 1:colcon.colcon_core.package_identification:_identify(/home/adev/HomeDirect_ws/src) by extension 'cmake'
[0.447s] Level 1:colcon.colcon_core.package_identification:_identify(/home/adev/HomeDirect_ws/src) by extension 'python'
[0.447s] Level 1:colcon.colcon_core.package_identification:_identify(/home/adev/HomeDirect_ws/src) by extensions ['python_setup_py']
[0.447s] Level 1:colcon.colcon_core.package_identification:_identify(/home/adev/HomeDirect_ws/src) by extension 'python_setup_py'
[0.447s] Level 1:colcon.colcon_core.package_identification:_identify(/home/adev/HomeDirect_ws/src/nav_main) by extensions ['ignore', 'ignore_ament_install']
[0.447s] Level 1:colcon.colcon_core.package_identification:_identify(/home/adev/HomeDirect_ws/src/nav_main) by extension 'ignore'
[0.448s] Level 1:colcon.colcon_core.package_identification:_identify(/home/adev/HomeDirect_ws/src/nav_main) by extension 'ignore_ament_install'
[0.448s] Level 1:colcon.colcon_core.package_identification:_identify(/home/adev/HomeDirect_ws/src/nav_main) by extensions ['colcon_pkg']
[0.448s] Level 1:colcon.colcon_core.package_identification:_identify(/home/adev/HomeDirect_ws/src/nav_main) by extension 'colcon_pkg'
[0.448s] Level 1:colcon.colcon_core.package_identification:_identify(/home/adev/HomeDirect_ws/src/nav_main) by extensions ['colcon_meta']
[0.448s] Level 1:colcon.colcon_core.package_identification:_identify(/home/adev/HomeDirect_ws/src/nav_main) by extension 'colcon_meta'
[0.448s] Level 1:colcon.colcon_core.package_identification:_identify(/home/adev/HomeDirect_ws/src/nav_main) by extensions ['ros']
[0.448s] Level 1:colcon.colcon_core.package_identification:_identify(/home/adev/HomeDirect_ws/src/nav_main) by extension 'ros'
[0.450s] DEBUG:colcon.colcon_core.package_identification:Package '/home/adev/HomeDirect_ws/src/nav_main' with type 'ros.ament_python' and name 'nav_main'
[0.450s] Level 1:colcon.colcon_core.package_identification:_identify(/home/adev/HomeDirect_ws/src/tb3_rfid) by extensions ['ignore', 'ignore_ament_install']
[0.450s] Level 1:colcon.colcon_core.package_identification:_identify(/home/adev/HomeDirect_ws/src/tb3_rfid) by extension 'ignore'
[0.450s] Level 1:colcon.colcon_core.package_identification:_identify(/home/adev/HomeDirect_ws/src/tb3_rfid) by extension 'ignore_ament_install'
[0.450s] Level 1:colcon.colcon_core.package_identification:_identify(/home/adev/HomeDirect_ws/src/tb3_rfid) by extensions ['colcon_pkg']
[0.450s] Level 1:colcon.colcon_core.package_identification:_identify(/home/adev/HomeDirect_ws/src/tb3_rfid) by extension 'colcon_pkg'
[0.450s] Level 1:colcon.colcon_core.package_identification:_identify(/home/adev/HomeDirect_ws/src/tb3_rfid) by extensions ['colcon_meta']
[0.451s] Level 1:colcon.colcon_core.package_identification:_identify(/home/adev/HomeDirect_ws/src/tb3_rfid) by extension 'colcon_meta'
[0.451s] Level 1:colcon.colcon_core.package_identification:_identify(/home/adev/HomeDirect_ws/src/tb3_rfid) by extensions ['ros']
[0.451s] Level 1:colcon.colcon_core.package_identification:_identify(/home/adev/HomeDirect_ws/src/tb3_rfid) by extension 'ros'
[0.452s] DEBUG:colcon.colcon_core.package_identification:Package '/home/adev/HomeDirect_ws/src/tb3_rfid' with type 'ros.ament_python' and name 'tb3_rfid'
[0.452s] Level 1:colcon.colcon_core.package_discovery:discover_packages(recursive) using defaults
