running egg_info
writing ../../build/nav_main/nav_main.egg-info/PKG-INFO
writing dependency_links to ../../build/nav_main/nav_main.egg-info/dependency_links.txt
writing entry points to ../../build/nav_main/nav_main.egg-info/entry_points.txt
writing requirements to ../../build/nav_main/nav_main.egg-info/requires.txt
writing top-level names to ../../build/nav_main/nav_main.egg-info/top_level.txt
reading manifest file '../../build/nav_main/nav_main.egg-info/SOURCES.txt'
writing manifest file '../../build/nav_main/nav_main.egg-info/SOURCES.txt'
running build
running build_py
copying nav_main/__init__.py -> /home/dev/HomeDirect_ws/build/nav_main/build/lib/nav_main
copying nav_main/controller_main.py -> /home/dev/HomeDirect_ws/build/nav_main/build/lib/nav_main
running install
running install_lib
copying /home/dev/HomeDirect_ws/build/nav_main/build/lib/nav_main/__init__.py -> /home/dev/HomeDirect_ws/install/nav_main/lib/python3.10/site-packages/nav_main
copying /home/dev/HomeDirect_ws/build/nav_main/build/lib/nav_main/controller_main.py -> /home/dev/HomeDirect_ws/install/nav_main/lib/python3.10/site-packages/nav_main
byte-compiling /home/dev/HomeDirect_ws/install/nav_main/lib/python3.10/site-packages/nav_main/__init__.py to __init__.cpython-310.pyc
byte-compiling /home/dev/HomeDirect_ws/install/nav_main/lib/python3.10/site-packages/nav_main/controller_main.py to controller_main.cpython-310.pyc
running install_data
copying resource/nav_main -> /home/dev/HomeDirect_ws/install/nav_main/share/ament_index/resource_index/packages
copying package.xml -> /home/dev/HomeDirect_ws/install/nav_main/share/nav_main
running install_egg_info
removing '/home/dev/HomeDirect_ws/install/nav_main/lib/python3.10/site-packages/nav_main-0.0.0-py3.10.egg-info' (and everything under it)
Copying ../../build/nav_main/nav_main.egg-info to /home/dev/HomeDirect_ws/install/nav_main/lib/python3.10/site-packages/nav_main-0.0.0-py3.10.egg-info
running install_scripts
Installing controller_main script to /home/dev/HomeDirect_ws/install/nav_main/lib/nav_main
writing list of installed files to '/home/dev/HomeDirect_ws/build/nav_main/install.log'
