[3.841s] Invoking command in '/home/dev/HomeDirect_ws/build/nav_main': PYTHONPATH=/home/dev/HomeDirect_ws/build/nav_main/prefix_override:/home/dev/HomeDirect_ws/install/nav_main/lib/python3.10/site-packages:${PYTHONPATH} /usr/bin/python3 setup.py develop --editable --build-directory /home/dev/HomeDirect_ws/build/nav_main/build --no-deps install_data
[4.749s] running develop
[4.750s] /usr/lib/python3/dist-packages/setuptools/command/easy_install.py:158: EasyInstallDeprecationWarning: easy_install command is deprecated. Use build and pip and other standards-based tools.
[4.750s]   warnings.warn(
[4.753s] /usr/lib/python3/dist-packages/setuptools/command/install.py:34: SetuptoolsDeprecationWarning: setup.py install is deprecated. Use build and pip and other standards-based tools.
[4.753s]   warnings.warn(
[4.887s] /usr/lib/python3/dist-packages/pkg_resources/__init__.py:116: PkgResourcesDeprecationWarning: 1.16.0-unknown is an invalid version and will not be supported in a future release
[4.887s]   warnings.warn(
[4.890s] /usr/lib/python3/dist-packages/pkg_resources/__init__.py:116: PkgResourcesDeprecationWarning: 1.1build1 is an invalid version and will not be supported in a future release
[4.890s]   warnings.warn(
[4.891s] /usr/lib/python3/dist-packages/pkg_resources/__init__.py:116: PkgResourcesDeprecationWarning: 0.1.43ubuntu1 is an invalid version and will not be supported in a future release
[4.893s]   warnings.warn(
[5.136s] running egg_info
[5.137s] writing nav_main.egg-info/PKG-INFO
[5.138s] writing dependency_links to nav_main.egg-info/dependency_links.txt
[5.138s] writing entry points to nav_main.egg-info/entry_points.txt
[5.139s] writing requirements to nav_main.egg-info/requires.txt
[5.139s] writing top-level names to nav_main.egg-info/top_level.txt
[5.152s] reading manifest file 'nav_main.egg-info/SOURCES.txt'
[5.152s] writing manifest file 'nav_main.egg-info/SOURCES.txt'
[5.155s] running build_ext
[5.155s] Creating /home/dev/HomeDirect_ws/install/nav_main/lib/python3.10/site-packages/nav-main.egg-link (link to .)
[5.157s] Installing controller_main script to /home/dev/HomeDirect_ws/install/nav_main/lib/nav_main
[5.158s] 
[5.158s] Installed /home/dev/HomeDirect_ws/build/nav_main
[5.158s] running install_data
[5.159s] copying resource/nav_main -> /home/dev/HomeDirect_ws/install/nav_main/share/ament_index/resource_index/packages
[5.331s] Invoked command in '/home/dev/HomeDirect_ws/build/nav_main' returned '0': PYTHONPATH=/home/dev/HomeDirect_ws/build/nav_main/prefix_override:/home/dev/HomeDirect_ws/install/nav_main/lib/python3.10/site-packages:${PYTHONPATH} /usr/bin/python3 setup.py develop --editable --build-directory /home/dev/HomeDirect_ws/build/nav_main/build --no-deps install_data
