[0.000000] (-) TimerEvent: {}
[0.000979] (-) JobUnselected: {'identifier': 'dynamixel_sdk'}
[0.001698] (-) JobUnselected: {'identifier': 'dynamixel_sdk_custom_interfaces'}
[0.001780] (-) JobUnselected: {'identifier': 'dynamixel_sdk_examples'}
[0.001838] (-) JobUnselected: {'identifier': 'nav_main'}
[0.001895] (-) JobUnselected: {'identifier': 'turtlebot3'}
[0.002289] (-) JobUnselected: {'identifier': 'turtlebot3_bringup'}
[0.002353] (-) JobUnselected: {'identifier': 'turtlebot3_cartographer'}
[0.002408] (-) JobUnselected: {'identifier': 'turtlebot3_description'}
[0.002461] (-) JobUnselected: {'identifier': 'turtlebot3_example'}
[0.002516] (-) JobUnselected: {'identifier': 'turtlebot3_fake_node'}
[0.004226] (-) JobUnselected: {'identifier': 'turtlebot3_gazebo'}
[0.004340] (-) JobUnselected: {'identifier': 'turtlebot3_msgs'}
[0.004425] (-) JobUnselected: {'identifier': 'turtlebot3_navigation2'}
[0.004533] (-) JobUnselected: {'identifier': 'turtlebot3_node'}
[0.004617] (-) JobUnselected: {'identifier': 'turtlebot3_teleop'}
[0.004707] (turtlebot3_simulations) JobQueued: {'identifier': 'turtlebot3_simulations', 'dependencies': OrderedDict([('turtlebot3_gazebo', '/home/dev/HomeDirect_ws/install/turtlebot3_gazebo'), ('turtlebot3_msgs', '/home/dev/HomeDirect_ws/install/turtlebot3_msgs'), ('turtlebot3_fake_node', '/home/dev/HomeDirect_ws/install/turtlebot3_fake_node')])}
[0.004893] (turtlebot3_simulations) JobStarted: {'identifier': 'turtlebot3_simulations'}
[0.040970] (turtlebot3_simulations) JobEnded: {'identifier': 'turtlebot3_simulations', 'rc': 1}
[0.051671] (-) EventReactorShutdown: {}
