[0.127s] Invoking command in '/home/dev/HomeDirect_ws/build/turtlebot3_msgs': CMAKE_PREFIX_PATH=${CMAKE_PREFIX_PATH}:/home/dev/HomeDirect_ws/install/nav_main:/opt/ros/humble /usr/bin/cmake /home/dev/HomeDirect_ws/src/turtlebot3_msgs -DAMENT_CMAKE_SYMLINK_INSTALL=1 -DCMAKE_INSTALL_PREFIX=/home/dev/HomeDirect_ws/install/turtlebot3_msgs
[1.974s] -- The C compiler identification is GNU 11.3.0
[1.976s] -- The CXX compiler identification is GNU 11.3.0
[1.976s] -- Detecting C compiler ABI info
[1.976s] -- Detecting C compiler ABI info - done
[1.977s] -- Check for working C compiler: /usr/bin/cc - skipped
[1.977s] -- Detecting C compile features
[1.977s] -- Detecting C compile features - done
[1.977s] -- Detecting CXX compiler ABI info
[1.977s] -- Detecting CXX compiler ABI info - done
[1.977s] -- Check for working CXX compiler: /usr/bin/c++ - skipped
[1.978s] -- Detecting CXX compile features
[1.978s] -- Detecting CXX compile features - done
[1.978s] -- Found action_msgs: 1.2.1 (/opt/ros/humble/share/action_msgs/cmake)
[1.978s] -- Found Python3: /usr/bin/python3.10 (found version "3.10.6") found components: Interpreter 
[1.978s] -- Override CMake install command with custom implementation using symlinks instead of copying resources
[1.982s] -- Found rosidl_generator_c: 3.1.4 (/opt/ros/humble/share/rosidl_generator_c/cmake)
[2.001s] -- Found rosidl_adapter: 3.1.4 (/opt/ros/humble/share/rosidl_adapter/cmake)
[2.018s] -- Found rosidl_generator_cpp: 3.1.4 (/opt/ros/humble/share/rosidl_generator_cpp/cmake)
[2.073s] -- Using all available rosidl_typesupport_c: rosidl_typesupport_fastrtps_c;rosidl_typesupport_introspection_c
[2.138s] -- Using all available rosidl_typesupport_cpp: rosidl_typesupport_fastrtps_cpp;rosidl_typesupport_introspection_cpp
[2.476s] -- Found rosidl_default_generators: 1.2.0 (/opt/ros/humble/share/rosidl_default_generators/cmake)
[2.522s] -- Found std_msgs: 4.2.3 (/opt/ros/humble/share/std_msgs/cmake)
[4.519s] -- Found ament_cmake_cppcheck: 0.12.6 (/opt/ros/humble/share/ament_cmake_cppcheck/cmake)
[4.520s] -- Found ament_cmake_cpplint: 0.12.6 (/opt/ros/humble/share/ament_cmake_cpplint/cmake)
[4.528s] -- Found ament_cmake_uncrustify: 0.12.6 (/opt/ros/humble/share/ament_cmake_uncrustify/cmake)
[4.534s] -- Found ament_cmake_ros: 0.10.0 (/opt/ros/humble/share/ament_cmake_ros/cmake)
[5.604s] -- Using all available rosidl_typesupport_c: rosidl_typesupport_fastrtps_c;rosidl_typesupport_introspection_c
[5.969s] -- Using all available rosidl_typesupport_cpp: rosidl_typesupport_fastrtps_cpp;rosidl_typesupport_introspection_cpp
[6.025s] -- Found PythonInterp: /usr/bin/python3 (found suitable version "3.10.6", minimum required is "3.6") 
[6.029s] -- Found python_cmake_module: 0.10.0 (/opt/ros/humble/share/python_cmake_module/cmake)
[6.084s] -- Found PythonLibs: /usr/lib/x86_64-linux-gnu/libpython3.10.so (found suitable version "3.10.6", minimum required is "3.5") 
[6.084s] -- Using PYTHON_EXECUTABLE: /usr/bin/python3
[6.084s] -- Using PYTHON_INCLUDE_DIRS: /usr/include/python3.10
[6.084s] -- Using PYTHON_LIBRARIES: /usr/lib/x86_64-linux-gnu/libpython3.10.so
[6.137s] -- Found PythonExtra: .so  
[6.277s] -- Found ament_cmake_flake8: 0.12.6 (/opt/ros/humble/share/ament_cmake_flake8/cmake)
[6.282s] -- Found ament_cmake_pep257: 0.12.6 (/opt/ros/humble/share/ament_cmake_pep257/cmake)
[6.305s] -- Configuring done
[6.392s] -- Generating done
[6.398s] -- Build files have been written to: /home/dev/HomeDirect_ws/build/turtlebot3_msgs
[6.423s] Invoked command in '/home/dev/HomeDirect_ws/build/turtlebot3_msgs' returned '0': CMAKE_PREFIX_PATH=${CMAKE_PREFIX_PATH}:/home/dev/HomeDirect_ws/install/nav_main:/opt/ros/humble /usr/bin/cmake /home/dev/HomeDirect_ws/src/turtlebot3_msgs -DAMENT_CMAKE_SYMLINK_INSTALL=1 -DCMAKE_INSTALL_PREFIX=/home/dev/HomeDirect_ws/install/turtlebot3_msgs
[6.426s] Invoking command in '/home/dev/HomeDirect_ws/build/turtlebot3_msgs': CMAKE_PREFIX_PATH=${CMAKE_PREFIX_PATH}:/home/dev/HomeDirect_ws/install/nav_main:/opt/ros/humble /usr/bin/cmake --build /home/dev/HomeDirect_ws/build/turtlebot3_msgs -- -j8 -l8
[6.495s] [  1%] [34m[1mGenerating C code for ROS interfaces[0m
[6.513s] [  2%] [34m[1mGenerating C++ code for ROS interfaces[0m
[6.562s] [  2%] Built target ament_cmake_python_symlink_turtlebot3_msgs
[7.353s] running egg_info
[7.354s] creating turtlebot3_msgs.egg-info
[7.355s] writing turtlebot3_msgs.egg-info/PKG-INFO
[7.356s] writing dependency_links to turtlebot3_msgs.egg-info/dependency_links.txt
[7.356s] writing top-level names to turtlebot3_msgs.egg-info/top_level.txt
[7.357s] writing manifest file 'turtlebot3_msgs.egg-info/SOURCES.txt'
[7.364s] reading manifest file 'turtlebot3_msgs.egg-info/SOURCES.txt'
[7.365s] writing manifest file 'turtlebot3_msgs.egg-info/SOURCES.txt'
[7.548s] [  2%] Built target ament_cmake_python_build_turtlebot3_msgs_egg
[10.115s] [  2%] Built target turtlebot3_msgs__cpp
[10.167s] [  4%] [34m[1mGenerating C++ introspection for ROS interfaces[0m
[10.169s] [  5%] [34m[1mGenerating C++ type support dispatch for ROS interfaces[0m
[10.179s] [  7%] [34m[1mGenerating C++ type support for eProsima Fast-RTPS[0m
[10.524s] [  8%] [32mBuilding C object CMakeFiles/turtlebot3_msgs__rosidl_generator_c.dir/rosidl_generator_c/turtlebot3_msgs/msg/detail/sensor_state__functions.c.o[0m
[10.527s] [  9%] [32mBuilding C object CMakeFiles/turtlebot3_msgs__rosidl_generator_c.dir/rosidl_generator_c/turtlebot3_msgs/srv/detail/dqn__functions.c.o[0m
[10.528s] [ 11%] [32mBuilding C object CMakeFiles/turtlebot3_msgs__rosidl_generator_c.dir/rosidl_generator_c/turtlebot3_msgs/srv/detail/sound__functions.c.o[0m
[10.534s] [ 12%] [32mBuilding C object CMakeFiles/turtlebot3_msgs__rosidl_generator_c.dir/rosidl_generator_c/turtlebot3_msgs/msg/detail/sound__functions.c.o[0m
[10.544s] [ 14%] [32mBuilding C object CMakeFiles/turtlebot3_msgs__rosidl_generator_c.dir/rosidl_generator_c/turtlebot3_msgs/msg/detail/version_info__functions.c.o[0m
[10.667s] [ 15%] [32mBuilding C object CMakeFiles/turtlebot3_msgs__rosidl_generator_c.dir/rosidl_generator_c/turtlebot3_msgs/action/detail/patrol__functions.c.o[0m
[10.984s] [ 16%] [32m[1mLinking C shared library libturtlebot3_msgs__rosidl_generator_c.so[0m
[11.092s] [ 16%] Built target turtlebot3_msgs__rosidl_generator_c
[11.114s] [ 19%] [34m[1mGenerating C type support for eProsima Fast-RTPS[0m
[11.114s] [ 21%] [34m[1mGenerating C type support dispatch for ROS interfaces[0m
[11.114s] [ 19%] [34m[1mGenerating C introspection for ROS interfaces[0m
[12.200s] [ 22%] [32mBuilding CXX object CMakeFiles/turtlebot3_msgs__rosidl_typesupport_cpp.dir/rosidl_typesupport_cpp/turtlebot3_msgs/msg/sound__type_support.cpp.o[0m
[12.218s] [ 23%] [32mBuilding CXX object CMakeFiles/turtlebot3_msgs__rosidl_typesupport_cpp.dir/rosidl_typesupport_cpp/turtlebot3_msgs/msg/version_info__type_support.cpp.o[0m
[12.244s] [ 25%] [32mBuilding CXX object CMakeFiles/turtlebot3_msgs__rosidl_typesupport_cpp.dir/rosidl_typesupport_cpp/turtlebot3_msgs/msg/sensor_state__type_support.cpp.o[0m
[12.916s] [ 26%] [32mBuilding CXX object CMakeFiles/turtlebot3_msgs__rosidl_typesupport_introspection_cpp.dir/rosidl_typesupport_introspection_cpp/turtlebot3_msgs/msg/detail/sensor_state__type_support.cpp.o[0m
[13.003s] [ 28%] [32mBuilding CXX object CMakeFiles/turtlebot3_msgs__rosidl_typesupport_cpp.dir/rosidl_typesupport_cpp/turtlebot3_msgs/srv/sound__type_support.cpp.o[0m
[13.132s] [ 29%] [32mBuilding CXX object CMakeFiles/turtlebot3_msgs__rosidl_typesupport_cpp.dir/rosidl_typesupport_cpp/turtlebot3_msgs/srv/dqn__type_support.cpp.o[0m
[13.199s] [ 30%] [32mBuilding CXX object CMakeFiles/turtlebot3_msgs__rosidl_typesupport_cpp.dir/rosidl_typesupport_cpp/turtlebot3_msgs/action/patrol__type_support.cpp.o[0m
[13.541s] [ 32%] [32mBuilding CXX object CMakeFiles/turtlebot3_msgs__rosidl_typesupport_fastrtps_cpp.dir/rosidl_typesupport_fastrtps_cpp/turtlebot3_msgs/msg/detail/dds_fastrtps/sensor_state__type_support.cpp.o[0m
[13.854s] [ 33%] [32mBuilding CXX object CMakeFiles/turtlebot3_msgs__rosidl_typesupport_introspection_cpp.dir/rosidl_typesupport_introspection_cpp/turtlebot3_msgs/msg/detail/sound__type_support.cpp.o[0m
[13.885s] [ 35%] [32mBuilding CXX object CMakeFiles/turtlebot3_msgs__rosidl_typesupport_c.dir/rosidl_typesupport_c/turtlebot3_msgs/msg/sensor_state__type_support.cpp.o[0m
[13.963s] [ 36%] [32mBuilding CXX object CMakeFiles/turtlebot3_msgs__rosidl_typesupport_c.dir/rosidl_typesupport_c/turtlebot3_msgs/msg/sound__type_support.cpp.o[0m
[13.997s] [ 38%] [32mBuilding CXX object CMakeFiles/turtlebot3_msgs__rosidl_typesupport_introspection_cpp.dir/rosidl_typesupport_introspection_cpp/turtlebot3_msgs/msg/detail/version_info__type_support.cpp.o[0m
[14.072s] [ 39%] [32mBuilding CXX object CMakeFiles/turtlebot3_msgs__rosidl_typesupport_c.dir/rosidl_typesupport_c/turtlebot3_msgs/msg/version_info__type_support.cpp.o[0m
[14.150s] [ 40%] [32mBuilding CXX object CMakeFiles/turtlebot3_msgs__rosidl_typesupport_introspection_cpp.dir/rosidl_typesupport_introspection_cpp/turtlebot3_msgs/srv/detail/sound__type_support.cpp.o[0m
[14.199s] [ 42%] [32mBuilding CXX object CMakeFiles/turtlebot3_msgs__rosidl_typesupport_c.dir/rosidl_typesupport_c/turtlebot3_msgs/srv/sound__type_support.cpp.o[0m
[14.200s] [ 43%] [32mBuilding C object CMakeFiles/turtlebot3_msgs__rosidl_typesupport_introspection_c.dir/rosidl_typesupport_introspection_c/turtlebot3_msgs/msg/detail/sensor_state__type_support.c.o[0m
[14.339s] [ 45%] [32mBuilding CXX object CMakeFiles/turtlebot3_msgs__rosidl_typesupport_c.dir/rosidl_typesupport_c/turtlebot3_msgs/srv/dqn__type_support.cpp.o[0m
[14.370s] [ 46%] [32mBuilding C object CMakeFiles/turtlebot3_msgs__rosidl_typesupport_introspection_c.dir/rosidl_typesupport_introspection_c/turtlebot3_msgs/msg/detail/sound__type_support.c.o[0m
[14.474s] [ 47%] [32mBuilding CXX object CMakeFiles/turtlebot3_msgs__rosidl_typesupport_c.dir/rosidl_typesupport_c/turtlebot3_msgs/action/patrol__type_support.cpp.o[0m
[14.495s] [ 49%] [32mBuilding C object CMakeFiles/turtlebot3_msgs__rosidl_typesupport_introspection_c.dir/rosidl_typesupport_introspection_c/turtlebot3_msgs/msg/detail/version_info__type_support.c.o[0m
[14.616s] [ 50%] [32mBuilding C object CMakeFiles/turtlebot3_msgs__rosidl_typesupport_introspection_c.dir/rosidl_typesupport_introspection_c/turtlebot3_msgs/srv/detail/sound__type_support.c.o[0m
[14.638s] [ 52%] [32mBuilding CXX object CMakeFiles/turtlebot3_msgs__rosidl_typesupport_fastrtps_cpp.dir/rosidl_typesupport_fastrtps_cpp/turtlebot3_msgs/msg/detail/dds_fastrtps/sound__type_support.cpp.o[0m
[14.646s] [ 53%] [32mBuilding CXX object CMakeFiles/turtlebot3_msgs__rosidl_typesupport_fastrtps_c.dir/rosidl_typesupport_fastrtps_c/turtlebot3_msgs/msg/detail/sensor_state__type_support_c.cpp.o[0m
[14.712s] [ 54%] [32m[1mLinking CXX shared library libturtlebot3_msgs__rosidl_typesupport_c.so[0m
[14.768s] [ 56%] [32mBuilding C object CMakeFiles/turtlebot3_msgs__rosidl_typesupport_introspection_c.dir/rosidl_typesupport_introspection_c/turtlebot3_msgs/srv/detail/dqn__type_support.c.o[0m
[14.852s] [ 56%] Built target turtlebot3_msgs__rosidl_typesupport_c
[14.875s] [ 57%] [32m[1mLinking CXX shared library libturtlebot3_msgs__rosidl_typesupport_cpp.so[0m
[14.912s] [ 59%] [32mBuilding CXX object CMakeFiles/turtlebot3_msgs__rosidl_typesupport_fastrtps_c.dir/rosidl_typesupport_fastrtps_c/turtlebot3_msgs/msg/detail/sound__type_support_c.cpp.o[0m
[14.984s] [ 60%] [32mBuilding C object CMakeFiles/turtlebot3_msgs__rosidl_typesupport_introspection_c.dir/rosidl_typesupport_introspection_c/turtlebot3_msgs/action/detail/patrol__type_support.c.o[0m
[15.012s] [ 60%] Built target turtlebot3_msgs__rosidl_typesupport_cpp
[15.026s] [ 61%] [32mBuilding CXX object CMakeFiles/turtlebot3_msgs__rosidl_typesupport_introspection_cpp.dir/rosidl_typesupport_introspection_cpp/turtlebot3_msgs/srv/detail/dqn__type_support.cpp.o[0m
[15.047s] [ 63%] [32mBuilding CXX object CMakeFiles/turtlebot3_msgs__rosidl_typesupport_introspection_cpp.dir/rosidl_typesupport_introspection_cpp/turtlebot3_msgs/action/detail/patrol__type_support.cpp.o[0m
[15.079s] [ 64%] [32mBuilding CXX object CMakeFiles/turtlebot3_msgs__rosidl_typesupport_fastrtps_cpp.dir/rosidl_typesupport_fastrtps_cpp/turtlebot3_msgs/msg/detail/dds_fastrtps/version_info__type_support.cpp.o[0m
[15.158s] [ 66%] [32m[1mLinking C shared library libturtlebot3_msgs__rosidl_typesupport_introspection_c.so[0m
[15.197s] [ 67%] [32mBuilding CXX object CMakeFiles/turtlebot3_msgs__rosidl_typesupport_fastrtps_cpp.dir/rosidl_typesupport_fastrtps_cpp/turtlebot3_msgs/srv/detail/dds_fastrtps/sound__type_support.cpp.o[0m
[15.286s] [ 67%] Built target turtlebot3_msgs__rosidl_typesupport_introspection_c
[15.303s] [ 69%] [32mBuilding CXX object CMakeFiles/turtlebot3_msgs__rosidl_typesupport_fastrtps_cpp.dir/rosidl_typesupport_fastrtps_cpp/turtlebot3_msgs/srv/detail/dds_fastrtps/dqn__type_support.cpp.o[0m
[15.786s] [ 70%] [32mBuilding CXX object CMakeFiles/turtlebot3_msgs__rosidl_typesupport_fastrtps_c.dir/rosidl_typesupport_fastrtps_c/turtlebot3_msgs/msg/detail/version_info__type_support_c.cpp.o[0m
[15.932s] [ 71%] [32mBuilding CXX object CMakeFiles/turtlebot3_msgs__rosidl_typesupport_fastrtps_c.dir/rosidl_typesupport_fastrtps_c/turtlebot3_msgs/srv/detail/sound__type_support_c.cpp.o[0m
[16.076s] [ 73%] [32mBuilding CXX object CMakeFiles/turtlebot3_msgs__rosidl_typesupport_fastrtps_c.dir/rosidl_typesupport_fastrtps_c/turtlebot3_msgs/srv/detail/dqn__type_support_c.cpp.o[0m
[16.576s] [ 74%] [32mBuilding CXX object CMakeFiles/turtlebot3_msgs__rosidl_typesupport_fastrtps_cpp.dir/rosidl_typesupport_fastrtps_cpp/turtlebot3_msgs/action/detail/dds_fastrtps/patrol__type_support.cpp.o[0m
[16.597s] [ 76%] [32mBuilding CXX object CMakeFiles/turtlebot3_msgs__rosidl_typesupport_fastrtps_c.dir/rosidl_typesupport_fastrtps_c/turtlebot3_msgs/action/detail/patrol__type_support_c.cpp.o[0m
[17.050s] [ 77%] [32m[1mLinking CXX shared library libturtlebot3_msgs__rosidl_typesupport_introspection_cpp.so[0m
[17.251s] [ 77%] Built target turtlebot3_msgs__rosidl_typesupport_introspection_cpp
[17.340s] [ 78%] [32m[1mLinking CXX shared library libturtlebot3_msgs__rosidl_typesupport_fastrtps_c.so[0m
[17.563s] [ 78%] Built target turtlebot3_msgs__rosidl_typesupport_fastrtps_c
[17.647s] [ 80%] [32m[1mLinking CXX shared library libturtlebot3_msgs__rosidl_typesupport_fastrtps_cpp.so[0m
[17.795s] [ 80%] Built target turtlebot3_msgs__rosidl_typesupport_fastrtps_cpp
[17.826s] [ 80%] Built target turtlebot3_msgs
[17.852s] [ 81%] [34m[1mGenerating Python code for ROS interfaces[0m
[20.444s] [ 81%] Built target turtlebot3_msgs__py
[20.476s] [ 87%] [32mBuilding C object CMakeFiles/turtlebot3_msgs__rosidl_generator_py.dir/rosidl_generator_py/turtlebot3_msgs/msg/_sound_s.c.o[0m
[20.476s] [ 87%] [32mBuilding C object CMakeFiles/turtlebot3_msgs__rosidl_generator_py.dir/rosidl_generator_py/turtlebot3_msgs/msg/_version_info_s.c.o[0m
[20.476s] [ 87%] [32mBuilding C object CMakeFiles/turtlebot3_msgs__rosidl_generator_py.dir/rosidl_generator_py/turtlebot3_msgs/msg/_sensor_state_s.c.o[0m
[20.476s] [ 87%] [32mBuilding C object CMakeFiles/turtlebot3_msgs__rosidl_generator_py.dir/rosidl_generator_py/turtlebot3_msgs/srv/_dqn_s.c.o[0m
[20.477s] [ 88%] [32mBuilding C object CMakeFiles/turtlebot3_msgs__rosidl_generator_py.dir/rosidl_generator_py/turtlebot3_msgs/srv/_sound_s.c.o[0m
[20.479s] [ 90%] [32mBuilding C object CMakeFiles/turtlebot3_msgs__rosidl_generator_py.dir/rosidl_generator_py/turtlebot3_msgs/action/_patrol_s.c.o[0m
[20.806s] [ 91%] [32m[1mLinking C shared library rosidl_generator_py/turtlebot3_msgs/libturtlebot3_msgs__rosidl_generator_py.so[0m
[20.877s] [ 91%] Built target turtlebot3_msgs__rosidl_generator_py
[20.908s] [ 95%] [32mBuilding C object CMakeFiles/turtlebot3_msgs__rosidl_typesupport_c__pyext.dir/rosidl_generator_py/turtlebot3_msgs/_turtlebot3_msgs_s.ep.rosidl_typesupport_c.c.o[0m
[20.908s] [ 95%] [32mBuilding C object CMakeFiles/turtlebot3_msgs__rosidl_typesupport_introspection_c__pyext.dir/rosidl_generator_py/turtlebot3_msgs/_turtlebot3_msgs_s.ep.rosidl_typesupport_introspection_c.c.o[0m
[20.908s] [ 95%] [32mBuilding C object CMakeFiles/turtlebot3_msgs__rosidl_typesupport_fastrtps_c__pyext.dir/rosidl_generator_py/turtlebot3_msgs/_turtlebot3_msgs_s.ep.rosidl_typesupport_fastrtps_c.c.o[0m
[21.135s] [ 97%] [32m[1mLinking C shared library rosidl_generator_py/turtlebot3_msgs/turtlebot3_msgs_s__rosidl_typesupport_c.cpython-310-x86_64-linux-gnu.so[0m
[21.168s] [100%] [32m[1mLinking C shared library rosidl_generator_py/turtlebot3_msgs/turtlebot3_msgs_s__rosidl_typesupport_fastrtps_c.cpython-310-x86_64-linux-gnu.so[0m
[21.168s] [100%] [32m[1mLinking C shared library rosidl_generator_py/turtlebot3_msgs/turtlebot3_msgs_s__rosidl_typesupport_introspection_c.cpython-310-x86_64-linux-gnu.so[0m
[21.213s] [100%] Built target turtlebot3_msgs__rosidl_typesupport_c__pyext
[21.253s] [100%] Built target turtlebot3_msgs__rosidl_typesupport_fastrtps_c__pyext
[21.255s] [100%] Built target turtlebot3_msgs__rosidl_typesupport_introspection_c__pyext
[21.276s] Invoked command in '/home/dev/HomeDirect_ws/build/turtlebot3_msgs' returned '0': CMAKE_PREFIX_PATH=${CMAKE_PREFIX_PATH}:/home/dev/HomeDirect_ws/install/nav_main:/opt/ros/humble /usr/bin/cmake --build /home/dev/HomeDirect_ws/build/turtlebot3_msgs -- -j8 -l8
[21.498s] Invoking command in '/home/dev/HomeDirect_ws/build/turtlebot3_msgs': CMAKE_PREFIX_PATH=${CMAKE_PREFIX_PATH}:/home/dev/HomeDirect_ws/install/nav_main:/opt/ros/humble /usr/bin/cmake --install /home/dev/HomeDirect_ws/build/turtlebot3_msgs
[21.510s] -- Install configuration: ""
[21.510s] -- Execute custom install script
[21.511s] -- Symlinking: /home/dev/HomeDirect_ws/install/turtlebot3_msgs/share/ament_index/resource_index/rosidl_interfaces/turtlebot3_msgs
[21.526s] -- Symlinking: /home/dev/HomeDirect_ws/install/turtlebot3_msgs/include/turtlebot3_msgs/turtlebot3_msgs/action/detail/patrol__functions.h
[21.540s] -- Symlinking: /home/dev/HomeDirect_ws/install/turtlebot3_msgs/include/turtlebot3_msgs/turtlebot3_msgs/action/detail/patrol__struct.h
[21.554s] -- Symlinking: /home/dev/HomeDirect_ws/install/turtlebot3_msgs/include/turtlebot3_msgs/turtlebot3_msgs/action/detail/patrol__type_support.h
[21.567s] -- Symlinking: /home/dev/HomeDirect_ws/install/turtlebot3_msgs/include/turtlebot3_msgs/turtlebot3_msgs/action/patrol.h
[21.582s] -- Symlinking: /home/dev/HomeDirect_ws/install/turtlebot3_msgs/include/turtlebot3_msgs/turtlebot3_msgs/msg/detail/sensor_state__functions.h
[21.595s] -- Symlinking: /home/dev/HomeDirect_ws/install/turtlebot3_msgs/include/turtlebot3_msgs/turtlebot3_msgs/msg/detail/sensor_state__struct.h
[21.610s] -- Symlinking: /home/dev/HomeDirect_ws/install/turtlebot3_msgs/include/turtlebot3_msgs/turtlebot3_msgs/msg/detail/sensor_state__type_support.h
[21.623s] -- Symlinking: /home/dev/HomeDirect_ws/install/turtlebot3_msgs/include/turtlebot3_msgs/turtlebot3_msgs/msg/detail/sound__functions.h
[21.644s] -- Symlinking: /home/dev/HomeDirect_ws/install/turtlebot3_msgs/include/turtlebot3_msgs/turtlebot3_msgs/msg/detail/sound__struct.h
[21.658s] -- Symlinking: /home/dev/HomeDirect_ws/install/turtlebot3_msgs/include/turtlebot3_msgs/turtlebot3_msgs/msg/detail/sound__type_support.h
[21.672s] -- Symlinking: /home/dev/HomeDirect_ws/install/turtlebot3_msgs/include/turtlebot3_msgs/turtlebot3_msgs/msg/detail/version_info__functions.h
[21.685s] -- Symlinking: /home/dev/HomeDirect_ws/install/turtlebot3_msgs/include/turtlebot3_msgs/turtlebot3_msgs/msg/detail/version_info__struct.h
[21.701s] -- Symlinking: /home/dev/HomeDirect_ws/install/turtlebot3_msgs/include/turtlebot3_msgs/turtlebot3_msgs/msg/detail/version_info__type_support.h
[21.716s] -- Symlinking: /home/dev/HomeDirect_ws/install/turtlebot3_msgs/include/turtlebot3_msgs/turtlebot3_msgs/msg/rosidl_generator_c__visibility_control.h
[21.732s] -- Symlinking: /home/dev/HomeDirect_ws/install/turtlebot3_msgs/include/turtlebot3_msgs/turtlebot3_msgs/msg/sensor_state.h
[21.748s] -- Symlinking: /home/dev/HomeDirect_ws/install/turtlebot3_msgs/include/turtlebot3_msgs/turtlebot3_msgs/msg/sound.h
[21.766s] -- Symlinking: /home/dev/HomeDirect_ws/install/turtlebot3_msgs/include/turtlebot3_msgs/turtlebot3_msgs/msg/version_info.h
[21.782s] -- Symlinking: /home/dev/HomeDirect_ws/install/turtlebot3_msgs/include/turtlebot3_msgs/turtlebot3_msgs/srv/detail/dqn__functions.h
[21.799s] -- Symlinking: /home/dev/HomeDirect_ws/install/turtlebot3_msgs/include/turtlebot3_msgs/turtlebot3_msgs/srv/detail/dqn__struct.h
[21.816s] -- Symlinking: /home/dev/HomeDirect_ws/install/turtlebot3_msgs/include/turtlebot3_msgs/turtlebot3_msgs/srv/detail/dqn__type_support.h
[21.834s] -- Symlinking: /home/dev/HomeDirect_ws/install/turtlebot3_msgs/include/turtlebot3_msgs/turtlebot3_msgs/srv/detail/sound__functions.h
[21.850s] -- Symlinking: /home/dev/HomeDirect_ws/install/turtlebot3_msgs/include/turtlebot3_msgs/turtlebot3_msgs/srv/detail/sound__struct.h
[21.866s] -- Symlinking: /home/dev/HomeDirect_ws/install/turtlebot3_msgs/include/turtlebot3_msgs/turtlebot3_msgs/srv/detail/sound__type_support.h
[21.882s] -- Symlinking: /home/dev/HomeDirect_ws/install/turtlebot3_msgs/include/turtlebot3_msgs/turtlebot3_msgs/srv/dqn.h
[21.898s] -- Symlinking: /home/dev/HomeDirect_ws/install/turtlebot3_msgs/include/turtlebot3_msgs/turtlebot3_msgs/srv/sound.h
[21.917s] -- Symlinking: /home/dev/HomeDirect_ws/install/turtlebot3_msgs/share/turtlebot3_msgs/environment/library_path.sh
[21.934s] -- Symlinking: /home/dev/HomeDirect_ws/install/turtlebot3_msgs/share/turtlebot3_msgs/environment/library_path.dsv
[21.959s] -- Symlinking: /home/dev/HomeDirect_ws/install/turtlebot3_msgs/include/turtlebot3_msgs/turtlebot3_msgs/action/detail/patrol__rosidl_typesupport_fastrtps_c.h
[21.980s] -- Symlinking: /home/dev/HomeDirect_ws/install/turtlebot3_msgs/include/turtlebot3_msgs/turtlebot3_msgs/msg/detail/sensor_state__rosidl_typesupport_fastrtps_c.h
[22.002s] -- Symlinking: /home/dev/HomeDirect_ws/install/turtlebot3_msgs/include/turtlebot3_msgs/turtlebot3_msgs/msg/detail/sound__rosidl_typesupport_fastrtps_c.h
[22.018s] -- Symlinking: /home/dev/HomeDirect_ws/install/turtlebot3_msgs/include/turtlebot3_msgs/turtlebot3_msgs/msg/detail/version_info__rosidl_typesupport_fastrtps_c.h
[22.039s] -- Symlinking: /home/dev/HomeDirect_ws/install/turtlebot3_msgs/include/turtlebot3_msgs/turtlebot3_msgs/msg/rosidl_typesupport_fastrtps_c__visibility_control.h
[22.054s] -- Symlinking: /home/dev/HomeDirect_ws/install/turtlebot3_msgs/include/turtlebot3_msgs/turtlebot3_msgs/srv/detail/dqn__rosidl_typesupport_fastrtps_c.h
[22.071s] -- Symlinking: /home/dev/HomeDirect_ws/install/turtlebot3_msgs/include/turtlebot3_msgs/turtlebot3_msgs/srv/detail/sound__rosidl_typesupport_fastrtps_c.h
[22.088s] -- Symlinking: /home/dev/HomeDirect_ws/install/turtlebot3_msgs/include/turtlebot3_msgs/turtlebot3_msgs/action/detail/patrol__builder.hpp
[22.104s] -- Symlinking: /home/dev/HomeDirect_ws/install/turtlebot3_msgs/include/turtlebot3_msgs/turtlebot3_msgs/action/detail/patrol__struct.hpp
[22.120s] -- Symlinking: /home/dev/HomeDirect_ws/install/turtlebot3_msgs/include/turtlebot3_msgs/turtlebot3_msgs/action/detail/patrol__traits.hpp
[22.136s] -- Symlinking: /home/dev/HomeDirect_ws/install/turtlebot3_msgs/include/turtlebot3_msgs/turtlebot3_msgs/action/patrol.hpp
[22.151s] -- Symlinking: /home/dev/HomeDirect_ws/install/turtlebot3_msgs/include/turtlebot3_msgs/turtlebot3_msgs/msg/detail/sensor_state__builder.hpp
[22.170s] -- Symlinking: /home/dev/HomeDirect_ws/install/turtlebot3_msgs/include/turtlebot3_msgs/turtlebot3_msgs/msg/detail/sensor_state__struct.hpp
[22.184s] -- Symlinking: /home/dev/HomeDirect_ws/install/turtlebot3_msgs/include/turtlebot3_msgs/turtlebot3_msgs/msg/detail/sensor_state__traits.hpp
[22.198s] -- Symlinking: /home/dev/HomeDirect_ws/install/turtlebot3_msgs/include/turtlebot3_msgs/turtlebot3_msgs/msg/detail/sound__builder.hpp
[22.211s] -- Symlinking: /home/dev/HomeDirect_ws/install/turtlebot3_msgs/include/turtlebot3_msgs/turtlebot3_msgs/msg/detail/sound__struct.hpp
[22.225s] -- Symlinking: /home/dev/HomeDirect_ws/install/turtlebot3_msgs/include/turtlebot3_msgs/turtlebot3_msgs/msg/detail/sound__traits.hpp
[22.239s] -- Symlinking: /home/dev/HomeDirect_ws/install/turtlebot3_msgs/include/turtlebot3_msgs/turtlebot3_msgs/msg/detail/version_info__builder.hpp
[22.254s] -- Symlinking: /home/dev/HomeDirect_ws/install/turtlebot3_msgs/include/turtlebot3_msgs/turtlebot3_msgs/msg/detail/version_info__struct.hpp
[22.269s] -- Symlinking: /home/dev/HomeDirect_ws/install/turtlebot3_msgs/include/turtlebot3_msgs/turtlebot3_msgs/msg/detail/version_info__traits.hpp
[22.282s] -- Symlinking: /home/dev/HomeDirect_ws/install/turtlebot3_msgs/include/turtlebot3_msgs/turtlebot3_msgs/msg/sensor_state.hpp
[22.297s] -- Symlinking: /home/dev/HomeDirect_ws/install/turtlebot3_msgs/include/turtlebot3_msgs/turtlebot3_msgs/msg/sound.hpp
[22.311s] -- Symlinking: /home/dev/HomeDirect_ws/install/turtlebot3_msgs/include/turtlebot3_msgs/turtlebot3_msgs/msg/version_info.hpp
[22.327s] -- Symlinking: /home/dev/HomeDirect_ws/install/turtlebot3_msgs/include/turtlebot3_msgs/turtlebot3_msgs/srv/detail/dqn__builder.hpp
[22.342s] -- Symlinking: /home/dev/HomeDirect_ws/install/turtlebot3_msgs/include/turtlebot3_msgs/turtlebot3_msgs/srv/detail/dqn__struct.hpp
[22.358s] -- Symlinking: /home/dev/HomeDirect_ws/install/turtlebot3_msgs/include/turtlebot3_msgs/turtlebot3_msgs/srv/detail/dqn__traits.hpp
[22.372s] -- Symlinking: /home/dev/HomeDirect_ws/install/turtlebot3_msgs/include/turtlebot3_msgs/turtlebot3_msgs/srv/detail/sound__builder.hpp
[22.387s] -- Symlinking: /home/dev/HomeDirect_ws/install/turtlebot3_msgs/include/turtlebot3_msgs/turtlebot3_msgs/srv/detail/sound__struct.hpp
[22.402s] -- Symlinking: /home/dev/HomeDirect_ws/install/turtlebot3_msgs/include/turtlebot3_msgs/turtlebot3_msgs/srv/detail/sound__traits.hpp
[22.417s] -- Symlinking: /home/dev/HomeDirect_ws/install/turtlebot3_msgs/include/turtlebot3_msgs/turtlebot3_msgs/srv/dqn.hpp
[22.431s] -- Symlinking: /home/dev/HomeDirect_ws/install/turtlebot3_msgs/include/turtlebot3_msgs/turtlebot3_msgs/srv/sound.hpp
[22.447s] -- Symlinking: /home/dev/HomeDirect_ws/install/turtlebot3_msgs/include/turtlebot3_msgs/turtlebot3_msgs/action/detail/patrol__rosidl_typesupport_fastrtps_cpp.hpp
[22.461s] -- Symlinking: /home/dev/HomeDirect_ws/install/turtlebot3_msgs/include/turtlebot3_msgs/turtlebot3_msgs/msg/detail/sensor_state__rosidl_typesupport_fastrtps_cpp.hpp
[22.475s] -- Symlinking: /home/dev/HomeDirect_ws/install/turtlebot3_msgs/include/turtlebot3_msgs/turtlebot3_msgs/msg/detail/sound__rosidl_typesupport_fastrtps_cpp.hpp
[22.489s] -- Symlinking: /home/dev/HomeDirect_ws/install/turtlebot3_msgs/include/turtlebot3_msgs/turtlebot3_msgs/msg/detail/version_info__rosidl_typesupport_fastrtps_cpp.hpp
[22.508s] -- Symlinking: /home/dev/HomeDirect_ws/install/turtlebot3_msgs/include/turtlebot3_msgs/turtlebot3_msgs/msg/rosidl_typesupport_fastrtps_cpp__visibility_control.h
[22.521s] -- Symlinking: /home/dev/HomeDirect_ws/install/turtlebot3_msgs/include/turtlebot3_msgs/turtlebot3_msgs/srv/detail/dqn__rosidl_typesupport_fastrtps_cpp.hpp
[22.542s] -- Symlinking: /home/dev/HomeDirect_ws/install/turtlebot3_msgs/include/turtlebot3_msgs/turtlebot3_msgs/srv/detail/sound__rosidl_typesupport_fastrtps_cpp.hpp
[22.556s] -- Symlinking: /home/dev/HomeDirect_ws/install/turtlebot3_msgs/include/turtlebot3_msgs/turtlebot3_msgs/action/detail/patrol__rosidl_typesupport_introspection_c.h
[22.569s] -- Symlinking: /home/dev/HomeDirect_ws/install/turtlebot3_msgs/include/turtlebot3_msgs/turtlebot3_msgs/msg/detail/sensor_state__rosidl_typesupport_introspection_c.h
[22.590s] -- Symlinking: /home/dev/HomeDirect_ws/install/turtlebot3_msgs/include/turtlebot3_msgs/turtlebot3_msgs/msg/detail/sound__rosidl_typesupport_introspection_c.h
[22.604s] -- Symlinking: /home/dev/HomeDirect_ws/install/turtlebot3_msgs/include/turtlebot3_msgs/turtlebot3_msgs/msg/detail/version_info__rosidl_typesupport_introspection_c.h
[22.617s] -- Symlinking: /home/dev/HomeDirect_ws/install/turtlebot3_msgs/include/turtlebot3_msgs/turtlebot3_msgs/msg/rosidl_typesupport_introspection_c__visibility_control.h
[22.637s] -- Symlinking: /home/dev/HomeDirect_ws/install/turtlebot3_msgs/include/turtlebot3_msgs/turtlebot3_msgs/srv/detail/dqn__rosidl_typesupport_introspection_c.h
[22.651s] -- Symlinking: /home/dev/HomeDirect_ws/install/turtlebot3_msgs/include/turtlebot3_msgs/turtlebot3_msgs/srv/detail/sound__rosidl_typesupport_introspection_c.h
[22.673s] -- Symlinking: /home/dev/HomeDirect_ws/install/turtlebot3_msgs/include/turtlebot3_msgs/turtlebot3_msgs/action/detail/patrol__rosidl_typesupport_introspection_cpp.hpp
[22.694s] -- Symlinking: /home/dev/HomeDirect_ws/install/turtlebot3_msgs/include/turtlebot3_msgs/turtlebot3_msgs/msg/detail/sensor_state__rosidl_typesupport_introspection_cpp.hpp
[22.715s] -- Symlinking: /home/dev/HomeDirect_ws/install/turtlebot3_msgs/include/turtlebot3_msgs/turtlebot3_msgs/msg/detail/sound__rosidl_typesupport_introspection_cpp.hpp
[22.736s] -- Symlinking: /home/dev/HomeDirect_ws/install/turtlebot3_msgs/include/turtlebot3_msgs/turtlebot3_msgs/msg/detail/version_info__rosidl_typesupport_introspection_cpp.hpp
[22.757s] -- Symlinking: /home/dev/HomeDirect_ws/install/turtlebot3_msgs/include/turtlebot3_msgs/turtlebot3_msgs/srv/detail/dqn__rosidl_typesupport_introspection_cpp.hpp
[22.778s] -- Symlinking: /home/dev/HomeDirect_ws/install/turtlebot3_msgs/include/turtlebot3_msgs/turtlebot3_msgs/srv/detail/sound__rosidl_typesupport_introspection_cpp.hpp
[22.799s] -- Symlinking: /home/dev/HomeDirect_ws/install/turtlebot3_msgs/share/turtlebot3_msgs/environment/pythonpath.sh
[22.821s] -- Symlinking: /home/dev/HomeDirect_ws/install/turtlebot3_msgs/share/turtlebot3_msgs/environment/pythonpath.dsv
[22.837s] -- Symlinking: /home/dev/HomeDirect_ws/install/turtlebot3_msgs/local/lib/python3.10/dist-packages/turtlebot3_msgs-2.2.3-py3.10.egg-info/PKG-INFO
[22.859s] -- Symlinking: /home/dev/HomeDirect_ws/install/turtlebot3_msgs/local/lib/python3.10/dist-packages/turtlebot3_msgs-2.2.3-py3.10.egg-info/SOURCES.txt
[22.880s] -- Symlinking: /home/dev/HomeDirect_ws/install/turtlebot3_msgs/local/lib/python3.10/dist-packages/turtlebot3_msgs-2.2.3-py3.10.egg-info/dependency_links.txt
[22.901s] -- Symlinking: /home/dev/HomeDirect_ws/install/turtlebot3_msgs/local/lib/python3.10/dist-packages/turtlebot3_msgs-2.2.3-py3.10.egg-info/top_level.txt
[22.925s] -- Symlinking: /home/dev/HomeDirect_ws/install/turtlebot3_msgs/local/lib/python3.10/dist-packages/turtlebot3_msgs/__init__.py
[22.946s] -- Symlinking: /home/dev/HomeDirect_ws/install/turtlebot3_msgs/local/lib/python3.10/dist-packages/turtlebot3_msgs/_turtlebot3_msgs_s.ep.rosidl_typesupport_c.c
[22.967s] -- Symlinking: /home/dev/HomeDirect_ws/install/turtlebot3_msgs/local/lib/python3.10/dist-packages/turtlebot3_msgs/_turtlebot3_msgs_s.ep.rosidl_typesupport_fastrtps_c.c
[22.988s] -- Symlinking: /home/dev/HomeDirect_ws/install/turtlebot3_msgs/local/lib/python3.10/dist-packages/turtlebot3_msgs/_turtlebot3_msgs_s.ep.rosidl_typesupport_introspection_c.c
[23.009s] -- Symlinking: /home/dev/HomeDirect_ws/install/turtlebot3_msgs/local/lib/python3.10/dist-packages/turtlebot3_msgs/action/__init__.py
[23.030s] -- Symlinking: /home/dev/HomeDirect_ws/install/turtlebot3_msgs/local/lib/python3.10/dist-packages/turtlebot3_msgs/action/_patrol.py
[23.053s] -- Symlinking: /home/dev/HomeDirect_ws/install/turtlebot3_msgs/local/lib/python3.10/dist-packages/turtlebot3_msgs/action/_patrol_s.c
[23.074s] -- Symlinking: /home/dev/HomeDirect_ws/install/turtlebot3_msgs/local/lib/python3.10/dist-packages/turtlebot3_msgs/libturtlebot3_msgs__rosidl_generator_py.so
[23.095s] -- Symlinking: /home/dev/HomeDirect_ws/install/turtlebot3_msgs/local/lib/python3.10/dist-packages/turtlebot3_msgs/msg/__init__.py
[23.116s] -- Symlinking: /home/dev/HomeDirect_ws/install/turtlebot3_msgs/local/lib/python3.10/dist-packages/turtlebot3_msgs/msg/_sensor_state.py
[23.139s] -- Symlinking: /home/dev/HomeDirect_ws/install/turtlebot3_msgs/local/lib/python3.10/dist-packages/turtlebot3_msgs/msg/_sensor_state_s.c
[23.161s] -- Symlinking: /home/dev/HomeDirect_ws/install/turtlebot3_msgs/local/lib/python3.10/dist-packages/turtlebot3_msgs/msg/_sound.py
[23.182s] -- Symlinking: /home/dev/HomeDirect_ws/install/turtlebot3_msgs/local/lib/python3.10/dist-packages/turtlebot3_msgs/msg/_sound_s.c
[23.203s] -- Symlinking: /home/dev/HomeDirect_ws/install/turtlebot3_msgs/local/lib/python3.10/dist-packages/turtlebot3_msgs/msg/_version_info.py
[23.225s] -- Symlinking: /home/dev/HomeDirect_ws/install/turtlebot3_msgs/local/lib/python3.10/dist-packages/turtlebot3_msgs/msg/_version_info_s.c
[23.246s] -- Symlinking: /home/dev/HomeDirect_ws/install/turtlebot3_msgs/local/lib/python3.10/dist-packages/turtlebot3_msgs/srv/__init__.py
[23.267s] -- Symlinking: /home/dev/HomeDirect_ws/install/turtlebot3_msgs/local/lib/python3.10/dist-packages/turtlebot3_msgs/srv/_dqn.py
[23.289s] -- Symlinking: /home/dev/HomeDirect_ws/install/turtlebot3_msgs/local/lib/python3.10/dist-packages/turtlebot3_msgs/srv/_dqn_s.c
[23.309s] -- Symlinking: /home/dev/HomeDirect_ws/install/turtlebot3_msgs/local/lib/python3.10/dist-packages/turtlebot3_msgs/srv/_sound.py
[23.329s] -- Symlinking: /home/dev/HomeDirect_ws/install/turtlebot3_msgs/local/lib/python3.10/dist-packages/turtlebot3_msgs/srv/_sound_s.c
[23.344s] -- Symlinking: /home/dev/HomeDirect_ws/install/turtlebot3_msgs/local/lib/python3.10/dist-packages/turtlebot3_msgs/turtlebot3_msgs_s__rosidl_typesupport_c.cpython-310-x86_64-linux-gnu.so
[23.359s] -- Symlinking: /home/dev/HomeDirect_ws/install/turtlebot3_msgs/local/lib/python3.10/dist-packages/turtlebot3_msgs/turtlebot3_msgs_s__rosidl_typesupport_fastrtps_c.cpython-310-x86_64-linux-gnu.so
[23.373s] -- Symlinking: /home/dev/HomeDirect_ws/install/turtlebot3_msgs/local/lib/python3.10/dist-packages/turtlebot3_msgs/turtlebot3_msgs_s__rosidl_typesupport_introspection_c.cpython-310-x86_64-linux-gnu.so
[23.388s] -- Up-to-date symlink: /home/dev/HomeDirect_ws/install/turtlebot3_msgs/local/lib/python3.10/dist-packages/turtlebot3_msgs/turtlebot3_msgs_s__rosidl_typesupport_fastrtps_c.cpython-310-x86_64-linux-gnu.so
[23.388s] -- Up-to-date symlink: /home/dev/HomeDirect_ws/install/turtlebot3_msgs/local/lib/python3.10/dist-packages/turtlebot3_msgs/turtlebot3_msgs_s__rosidl_typesupport_introspection_c.cpython-310-x86_64-linux-gnu.so
[23.389s] -- Up-to-date symlink: /home/dev/HomeDirect_ws/install/turtlebot3_msgs/local/lib/python3.10/dist-packages/turtlebot3_msgs/turtlebot3_msgs_s__rosidl_typesupport_c.cpython-310-x86_64-linux-gnu.so
[23.390s] -- Symlinking: /home/dev/HomeDirect_ws/install/turtlebot3_msgs/share/turtlebot3_msgs/msg/SensorState.idl
[23.404s] -- Symlinking: /home/dev/HomeDirect_ws/install/turtlebot3_msgs/share/turtlebot3_msgs/msg/Sound.idl
[23.420s] -- Symlinking: /home/dev/HomeDirect_ws/install/turtlebot3_msgs/share/turtlebot3_msgs/msg/VersionInfo.idl
[23.434s] -- Symlinking: /home/dev/HomeDirect_ws/install/turtlebot3_msgs/share/turtlebot3_msgs/srv/Sound.idl
[23.449s] -- Symlinking: /home/dev/HomeDirect_ws/install/turtlebot3_msgs/share/turtlebot3_msgs/srv/Dqn.idl
[23.463s] -- Symlinking: /home/dev/HomeDirect_ws/install/turtlebot3_msgs/share/turtlebot3_msgs/action/Patrol.idl
[23.484s] -- Symlinking: /home/dev/HomeDirect_ws/install/turtlebot3_msgs/share/turtlebot3_msgs/msg/SensorState.msg
[23.506s] -- Symlinking: /home/dev/HomeDirect_ws/install/turtlebot3_msgs/share/turtlebot3_msgs/msg/Sound.msg
[23.520s] -- Symlinking: /home/dev/HomeDirect_ws/install/turtlebot3_msgs/share/turtlebot3_msgs/msg/VersionInfo.msg
[23.540s] -- Symlinking: /home/dev/HomeDirect_ws/install/turtlebot3_msgs/share/turtlebot3_msgs/srv/Sound.srv
[23.561s] -- Symlinking: /home/dev/HomeDirect_ws/install/turtlebot3_msgs/share/turtlebot3_msgs/srv/Sound_Request.msg
[23.582s] -- Symlinking: /home/dev/HomeDirect_ws/install/turtlebot3_msgs/share/turtlebot3_msgs/srv/Sound_Response.msg
[23.603s] -- Symlinking: /home/dev/HomeDirect_ws/install/turtlebot3_msgs/share/turtlebot3_msgs/srv/Dqn.srv
[23.625s] -- Symlinking: /home/dev/HomeDirect_ws/install/turtlebot3_msgs/share/turtlebot3_msgs/srv/Dqn_Request.msg
[23.646s] -- Symlinking: /home/dev/HomeDirect_ws/install/turtlebot3_msgs/share/turtlebot3_msgs/srv/Dqn_Response.msg
[23.667s] -- Symlinking: /home/dev/HomeDirect_ws/install/turtlebot3_msgs/share/turtlebot3_msgs/action/Patrol.action
[23.688s] -- Symlinking: /home/dev/HomeDirect_ws/install/turtlebot3_msgs/share/ament_index/resource_index/package_run_dependencies/turtlebot3_msgs
[23.710s] -- Symlinking: /home/dev/HomeDirect_ws/install/turtlebot3_msgs/share/ament_index/resource_index/parent_prefix_path/turtlebot3_msgs
[23.731s] -- Symlinking: /home/dev/HomeDirect_ws/install/turtlebot3_msgs/share/turtlebot3_msgs/environment/ament_prefix_path.sh
[23.752s] -- Symlinking: /home/dev/HomeDirect_ws/install/turtlebot3_msgs/share/turtlebot3_msgs/environment/ament_prefix_path.dsv
[23.773s] -- Symlinking: /home/dev/HomeDirect_ws/install/turtlebot3_msgs/share/turtlebot3_msgs/environment/path.sh
[23.794s] -- Symlinking: /home/dev/HomeDirect_ws/install/turtlebot3_msgs/share/turtlebot3_msgs/environment/path.dsv
[23.814s] -- Symlinking: /home/dev/HomeDirect_ws/install/turtlebot3_msgs/share/turtlebot3_msgs/local_setup.bash
[23.832s] -- Symlinking: /home/dev/HomeDirect_ws/install/turtlebot3_msgs/share/turtlebot3_msgs/local_setup.sh
[23.854s] -- Symlinking: /home/dev/HomeDirect_ws/install/turtlebot3_msgs/share/turtlebot3_msgs/local_setup.zsh
[23.868s] -- Symlinking: /home/dev/HomeDirect_ws/install/turtlebot3_msgs/share/turtlebot3_msgs/local_setup.dsv
[23.889s] -- Symlinking: /home/dev/HomeDirect_ws/install/turtlebot3_msgs/share/turtlebot3_msgs/package.dsv
[23.910s] -- Symlinking: /home/dev/HomeDirect_ws/install/turtlebot3_msgs/share/ament_index/resource_index/packages/turtlebot3_msgs
[23.932s] -- Symlinking: /home/dev/HomeDirect_ws/install/turtlebot3_msgs/share/turtlebot3_msgs/cmake/rosidl_cmake-extras.cmake
[23.953s] -- Symlinking: /home/dev/HomeDirect_ws/install/turtlebot3_msgs/share/turtlebot3_msgs/cmake/ament_cmake_export_dependencies-extras.cmake
[23.974s] -- Symlinking: /home/dev/HomeDirect_ws/install/turtlebot3_msgs/share/turtlebot3_msgs/cmake/ament_cmake_export_include_directories-extras.cmake
[23.995s] -- Symlinking: /home/dev/HomeDirect_ws/install/turtlebot3_msgs/share/turtlebot3_msgs/cmake/ament_cmake_export_libraries-extras.cmake
[24.014s] -- Symlinking: /home/dev/HomeDirect_ws/install/turtlebot3_msgs/share/turtlebot3_msgs/cmake/ament_cmake_export_targets-extras.cmake
[24.035s] -- Symlinking: /home/dev/HomeDirect_ws/install/turtlebot3_msgs/share/turtlebot3_msgs/cmake/rosidl_cmake_export_typesupport_targets-extras.cmake
[24.056s] -- Symlinking: /home/dev/HomeDirect_ws/install/turtlebot3_msgs/share/turtlebot3_msgs/cmake/rosidl_cmake_export_typesupport_libraries-extras.cmake
[24.077s] -- Symlinking: /home/dev/HomeDirect_ws/install/turtlebot3_msgs/share/turtlebot3_msgs/cmake/turtlebot3_msgsConfig.cmake
[24.097s] -- Symlinking: /home/dev/HomeDirect_ws/install/turtlebot3_msgs/share/turtlebot3_msgs/cmake/turtlebot3_msgsConfig-version.cmake
[24.112s] -- Symlinking: /home/dev/HomeDirect_ws/install/turtlebot3_msgs/share/turtlebot3_msgs/package.xml
[24.126s] -- Installing: /home/dev/HomeDirect_ws/install/turtlebot3_msgs/lib/libturtlebot3_msgs__rosidl_generator_c.so
[24.127s] -- Set runtime path of "/home/dev/HomeDirect_ws/install/turtlebot3_msgs/lib/libturtlebot3_msgs__rosidl_generator_c.so" to ""
[24.127s] -- Installing: /home/dev/HomeDirect_ws/install/turtlebot3_msgs/lib/libturtlebot3_msgs__rosidl_typesupport_fastrtps_c.so
[24.128s] -- Set runtime path of "/home/dev/HomeDirect_ws/install/turtlebot3_msgs/lib/libturtlebot3_msgs__rosidl_typesupport_fastrtps_c.so" to ""
[24.128s] -- Installing: /home/dev/HomeDirect_ws/install/turtlebot3_msgs/lib/libturtlebot3_msgs__rosidl_typesupport_fastrtps_cpp.so
[24.130s] -- Set runtime path of "/home/dev/HomeDirect_ws/install/turtlebot3_msgs/lib/libturtlebot3_msgs__rosidl_typesupport_fastrtps_cpp.so" to ""
[24.130s] -- Installing: /home/dev/HomeDirect_ws/install/turtlebot3_msgs/lib/libturtlebot3_msgs__rosidl_typesupport_introspection_c.so
[24.131s] -- Set runtime path of "/home/dev/HomeDirect_ws/install/turtlebot3_msgs/lib/libturtlebot3_msgs__rosidl_typesupport_introspection_c.so" to ""
[24.131s] -- Installing: /home/dev/HomeDirect_ws/install/turtlebot3_msgs/lib/libturtlebot3_msgs__rosidl_typesupport_c.so
[24.132s] -- Set runtime path of "/home/dev/HomeDirect_ws/install/turtlebot3_msgs/lib/libturtlebot3_msgs__rosidl_typesupport_c.so" to ""
[24.132s] -- Installing: /home/dev/HomeDirect_ws/install/turtlebot3_msgs/lib/libturtlebot3_msgs__rosidl_typesupport_introspection_cpp.so
[24.133s] -- Set runtime path of "/home/dev/HomeDirect_ws/install/turtlebot3_msgs/lib/libturtlebot3_msgs__rosidl_typesupport_introspection_cpp.so" to ""
[24.134s] -- Installing: /home/dev/HomeDirect_ws/install/turtlebot3_msgs/lib/libturtlebot3_msgs__rosidl_typesupport_cpp.so
[24.135s] -- Set runtime path of "/home/dev/HomeDirect_ws/install/turtlebot3_msgs/lib/libturtlebot3_msgs__rosidl_typesupport_cpp.so" to ""
[24.210s] Listing '/home/dev/HomeDirect_ws/install/turtlebot3_msgs/local/lib/python3.10/dist-packages/turtlebot3_msgs'...
[24.210s] Compiling '/home/dev/HomeDirect_ws/install/turtlebot3_msgs/local/lib/python3.10/dist-packages/turtlebot3_msgs/__init__.py'...
[24.210s] Listing '/home/dev/HomeDirect_ws/install/turtlebot3_msgs/local/lib/python3.10/dist-packages/turtlebot3_msgs/action'...
[24.211s] Compiling '/home/dev/HomeDirect_ws/install/turtlebot3_msgs/local/lib/python3.10/dist-packages/turtlebot3_msgs/action/__init__.py'...
[24.211s] Compiling '/home/dev/HomeDirect_ws/install/turtlebot3_msgs/local/lib/python3.10/dist-packages/turtlebot3_msgs/action/_patrol.py'...
[24.211s] Listing '/home/dev/HomeDirect_ws/install/turtlebot3_msgs/local/lib/python3.10/dist-packages/turtlebot3_msgs/msg'...
[24.211s] Compiling '/home/dev/HomeDirect_ws/install/turtlebot3_msgs/local/lib/python3.10/dist-packages/turtlebot3_msgs/msg/__init__.py'...
[24.211s] Compiling '/home/dev/HomeDirect_ws/install/turtlebot3_msgs/local/lib/python3.10/dist-packages/turtlebot3_msgs/msg/_sensor_state.py'...
[24.212s] Compiling '/home/dev/HomeDirect_ws/install/turtlebot3_msgs/local/lib/python3.10/dist-packages/turtlebot3_msgs/msg/_sound.py'...
[24.212s] Compiling '/home/dev/HomeDirect_ws/install/turtlebot3_msgs/local/lib/python3.10/dist-packages/turtlebot3_msgs/msg/_version_info.py'...
[24.212s] Listing '/home/dev/HomeDirect_ws/install/turtlebot3_msgs/local/lib/python3.10/dist-packages/turtlebot3_msgs/srv'...
[24.212s] Compiling '/home/dev/HomeDirect_ws/install/turtlebot3_msgs/local/lib/python3.10/dist-packages/turtlebot3_msgs/srv/__init__.py'...
[24.212s] Compiling '/home/dev/HomeDirect_ws/install/turtlebot3_msgs/local/lib/python3.10/dist-packages/turtlebot3_msgs/srv/_dqn.py'...
[24.212s] Compiling '/home/dev/HomeDirect_ws/install/turtlebot3_msgs/local/lib/python3.10/dist-packages/turtlebot3_msgs/srv/_sound.py'...
[24.220s] -- Installing: /home/dev/HomeDirect_ws/install/turtlebot3_msgs/lib/libturtlebot3_msgs__rosidl_generator_py.so
[24.221s] -- Set runtime path of "/home/dev/HomeDirect_ws/install/turtlebot3_msgs/lib/libturtlebot3_msgs__rosidl_generator_py.so" to ""
[24.221s] -- Installing: /home/dev/HomeDirect_ws/install/turtlebot3_msgs/share/turtlebot3_msgs/cmake/export_turtlebot3_msgs__rosidl_generator_cExport.cmake
[24.221s] -- Installing: /home/dev/HomeDirect_ws/install/turtlebot3_msgs/share/turtlebot3_msgs/cmake/export_turtlebot3_msgs__rosidl_generator_cExport-noconfig.cmake
[24.222s] -- Installing: /home/dev/HomeDirect_ws/install/turtlebot3_msgs/share/turtlebot3_msgs/cmake/export_turtlebot3_msgs__rosidl_typesupport_fastrtps_cExport.cmake
[24.222s] -- Installing: /home/dev/HomeDirect_ws/install/turtlebot3_msgs/share/turtlebot3_msgs/cmake/export_turtlebot3_msgs__rosidl_typesupport_fastrtps_cExport-noconfig.cmake
[24.223s] -- Installing: /home/dev/HomeDirect_ws/install/turtlebot3_msgs/share/turtlebot3_msgs/cmake/export_turtlebot3_msgs__rosidl_generator_cppExport.cmake
[24.223s] -- Installing: /home/dev/HomeDirect_ws/install/turtlebot3_msgs/share/turtlebot3_msgs/cmake/export_turtlebot3_msgs__rosidl_typesupport_fastrtps_cppExport.cmake
[24.223s] -- Installing: /home/dev/HomeDirect_ws/install/turtlebot3_msgs/share/turtlebot3_msgs/cmake/export_turtlebot3_msgs__rosidl_typesupport_fastrtps_cppExport-noconfig.cmake
[24.224s] -- Installing: /home/dev/HomeDirect_ws/install/turtlebot3_msgs/share/turtlebot3_msgs/cmake/turtlebot3_msgs__rosidl_typesupport_introspection_cExport.cmake
[24.224s] -- Installing: /home/dev/HomeDirect_ws/install/turtlebot3_msgs/share/turtlebot3_msgs/cmake/turtlebot3_msgs__rosidl_typesupport_introspection_cExport-noconfig.cmake
[24.225s] -- Installing: /home/dev/HomeDirect_ws/install/turtlebot3_msgs/share/turtlebot3_msgs/cmake/turtlebot3_msgs__rosidl_typesupport_cExport.cmake
[24.225s] -- Installing: /home/dev/HomeDirect_ws/install/turtlebot3_msgs/share/turtlebot3_msgs/cmake/turtlebot3_msgs__rosidl_typesupport_cExport-noconfig.cmake
[24.226s] -- Installing: /home/dev/HomeDirect_ws/install/turtlebot3_msgs/share/turtlebot3_msgs/cmake/turtlebot3_msgs__rosidl_typesupport_introspection_cppExport.cmake
[24.226s] -- Installing: /home/dev/HomeDirect_ws/install/turtlebot3_msgs/share/turtlebot3_msgs/cmake/turtlebot3_msgs__rosidl_typesupport_introspection_cppExport-noconfig.cmake
[24.227s] -- Installing: /home/dev/HomeDirect_ws/install/turtlebot3_msgs/share/turtlebot3_msgs/cmake/turtlebot3_msgs__rosidl_typesupport_cppExport.cmake
[24.227s] -- Installing: /home/dev/HomeDirect_ws/install/turtlebot3_msgs/share/turtlebot3_msgs/cmake/turtlebot3_msgs__rosidl_typesupport_cppExport-noconfig.cmake
[24.227s] -- Installing: /home/dev/HomeDirect_ws/install/turtlebot3_msgs/share/turtlebot3_msgs/cmake/export_turtlebot3_msgs__rosidl_generator_pyExport.cmake
[24.228s] -- Installing: /home/dev/HomeDirect_ws/install/turtlebot3_msgs/share/turtlebot3_msgs/cmake/export_turtlebot3_msgs__rosidl_generator_pyExport-noconfig.cmake
[24.242s] Invoked command in '/home/dev/HomeDirect_ws/build/turtlebot3_msgs' returned '0': CMAKE_PREFIX_PATH=${CMAKE_PREFIX_PATH}:/home/dev/HomeDirect_ws/install/nav_main:/opt/ros/humble /usr/bin/cmake --install /home/dev/HomeDirect_ws/build/turtlebot3_msgs
