[0.751s] Invoking command in '/home/dev/HomeDirect_ws/build/turtlebot3_fake_node': CMAKE_PREFIX_PATH=/home/dev/HomeDirect_ws/install/turtlebot3_msgs:/home/dev/HomeDirect_ws/install/turtlebot3:/home/dev/HomeDirect_ws/install/turtlebot3_bringup:/home/dev/HomeDirect_ws/install/turtlebot3_node:/home/dev/HomeDirect_ws/install/turtlebot3_navigation2:/home/dev/HomeDirect_ws/install/turtlebot3_description:/home/dev/HomeDirect_ws/install/turtlebot3_cartographer:/home/dev/HomeDirect_ws/install/dynamixel_sdk_examples:/home/dev/HomeDirect_ws/install/dynamixel_sdk_custom_interfaces:/home/dev/HomeDirect_ws/install/dynamixel_sdk:/home/dev/HomeDirect_ws/install/turtlebot3_teleop:/home/dev/HomeDirect_ws/install/turtlebot3_example:/home/dev/HomeDirect_ws/install/nav_main:/opt/ros/humble /usr/bin/cmake /home/dev/HomeDirect_ws/src/turtlebot3_simulations/turtlebot3_fake_node -DAMENT_CMAKE_SYMLINK_INSTALL=1 -DCMAKE_INSTALL_PREFIX=/home/dev/HomeDirect_ws/install/turtlebot3_fake_node
[0.933s] -- The C compiler identification is GNU 11.3.0
[1.104s] -- The CXX compiler identification is GNU 11.3.0
[1.119s] -- Detecting C compiler ABI info
[1.278s] -- Detecting C compiler ABI info - done
[1.301s] -- Check for working C compiler: /usr/bin/cc - skipped
[1.302s] -- Detecting C compile features
[1.303s] -- Detecting C compile features - done
[1.312s] -- Detecting CXX compiler ABI info
[1.512s] -- Detecting CXX compiler ABI info - done
[1.527s] -- Check for working CXX compiler: /usr/bin/c++ - skipped
[1.528s] -- Detecting CXX compile features
[1.529s] -- Detecting CXX compile features - done
[1.535s] -- Found ament_cmake: 1.3.4 (/opt/ros/humble/share/ament_cmake/cmake)
[1.946s] -- Found Python3: /usr/bin/python3.10 (found version "3.10.6") found components: Interpreter 
[2.093s] -- Override CMake install command with custom implementation using symlinks instead of copying resources
[2.173s] -- Found geometry_msgs: 4.2.3 (/opt/ros/humble/share/geometry_msgs/cmake)
[2.263s] -- Found rosidl_generator_c: 3.1.4 (/opt/ros/humble/share/rosidl_generator_c/cmake)
[2.275s] -- Found rosidl_adapter: 3.1.4 (/opt/ros/humble/share/rosidl_adapter/cmake)
[2.294s] -- Found rosidl_generator_cpp: 3.1.4 (/opt/ros/humble/share/rosidl_generator_cpp/cmake)
[2.326s] -- Using all available rosidl_typesupport_c: rosidl_typesupport_fastrtps_c;rosidl_typesupport_introspection_c
[2.368s] -- Using all available rosidl_typesupport_cpp: rosidl_typesupport_fastrtps_cpp;rosidl_typesupport_introspection_cpp
[2.602s] -- Found nav_msgs: 4.2.3 (/opt/ros/humble/share/nav_msgs/cmake)
[2.775s] -- Found rclcpp: 16.0.4 (/opt/ros/humble/share/rclcpp/cmake)
[2.919s] -- Found rmw_implementation_cmake: 6.1.1 (/opt/ros/humble/share/rmw_implementation_cmake/cmake)
[2.926s] -- Found rmw_fastrtps_cpp: 6.2.2 (/opt/ros/humble/share/rmw_fastrtps_cpp/cmake)
[3.128s] -- Found OpenSSL: /usr/lib/x86_64-linux-gnu/libcrypto.so (found version "3.0.2")  
[3.180s] -- Found FastRTPS: /opt/ros/humble/include  
[3.270s] -- Using RMW implementation 'rmw_fastrtps_cpp' as default
[3.293s] -- Looking for pthread.h
[3.426s] -- Looking for pthread.h - found
[3.426s] -- Performing Test CMAKE_HAVE_LIBC_PTHREAD
[3.543s] -- Performing Test CMAKE_HAVE_LIBC_PTHREAD - Success
[3.545s] -- Found Threads: TRUE  
[3.809s] -- Found sensor_msgs: 4.2.3 (/opt/ros/humble/share/sensor_msgs/cmake)
[3.985s] -- Found tf2: 0.25.2 (/opt/ros/humble/share/tf2/cmake)
[4.027s] -- Found tf2_msgs: 0.25.2 (/opt/ros/humble/share/tf2_msgs/cmake)
[4.338s] -- Found turtlebot3_msgs: 2.2.3 (/home/dev/HomeDirect_ws/install/turtlebot3_msgs/share/turtlebot3_msgs/cmake)
[4.680s] -- Configuring done
[4.716s] -- Generating done
[4.720s] -- Build files have been written to: /home/dev/HomeDirect_ws/build/turtlebot3_fake_node
[4.753s] Invoked command in '/home/dev/HomeDirect_ws/build/turtlebot3_fake_node' returned '0': CMAKE_PREFIX_PATH=/home/dev/HomeDirect_ws/install/turtlebot3_msgs:/home/dev/HomeDirect_ws/install/turtlebot3:/home/dev/HomeDirect_ws/install/turtlebot3_bringup:/home/dev/HomeDirect_ws/install/turtlebot3_node:/home/dev/HomeDirect_ws/install/turtlebot3_navigation2:/home/dev/HomeDirect_ws/install/turtlebot3_description:/home/dev/HomeDirect_ws/install/turtlebot3_cartographer:/home/dev/HomeDirect_ws/install/dynamixel_sdk_examples:/home/dev/HomeDirect_ws/install/dynamixel_sdk_custom_interfaces:/home/dev/HomeDirect_ws/install/dynamixel_sdk:/home/dev/HomeDirect_ws/install/turtlebot3_teleop:/home/dev/HomeDirect_ws/install/turtlebot3_example:/home/dev/HomeDirect_ws/install/nav_main:/opt/ros/humble /usr/bin/cmake /home/dev/HomeDirect_ws/src/turtlebot3_simulations/turtlebot3_fake_node -DAMENT_CMAKE_SYMLINK_INSTALL=1 -DCMAKE_INSTALL_PREFIX=/home/dev/HomeDirect_ws/install/turtlebot3_fake_node
[4.757s] Invoking command in '/home/dev/HomeDirect_ws/build/turtlebot3_fake_node': CMAKE_PREFIX_PATH=/home/dev/HomeDirect_ws/install/turtlebot3_msgs:/home/dev/HomeDirect_ws/install/turtlebot3:/home/dev/HomeDirect_ws/install/turtlebot3_bringup:/home/dev/HomeDirect_ws/install/turtlebot3_node:/home/dev/HomeDirect_ws/install/turtlebot3_navigation2:/home/dev/HomeDirect_ws/install/turtlebot3_description:/home/dev/HomeDirect_ws/install/turtlebot3_cartographer:/home/dev/HomeDirect_ws/install/dynamixel_sdk_examples:/home/dev/HomeDirect_ws/install/dynamixel_sdk_custom_interfaces:/home/dev/HomeDirect_ws/install/dynamixel_sdk:/home/dev/HomeDirect_ws/install/turtlebot3_teleop:/home/dev/HomeDirect_ws/install/turtlebot3_example:/home/dev/HomeDirect_ws/install/nav_main:/opt/ros/humble /usr/bin/cmake --build /home/dev/HomeDirect_ws/build/turtlebot3_fake_node -- -j8 -l8
[4.869s] [ 50%] [32mBuilding CXX object CMakeFiles/turtlebot3_fake_node.dir/src/turtlebot3_fake_node.cpp.o[0m
[33.978s] [100%] [32m[1mLinking CXX executable turtlebot3_fake_node[0m
[35.784s] [100%] Built target turtlebot3_fake_node
[35.805s] Invoked command in '/home/dev/HomeDirect_ws/build/turtlebot3_fake_node' returned '0': CMAKE_PREFIX_PATH=/home/dev/HomeDirect_ws/install/turtlebot3_msgs:/home/dev/HomeDirect_ws/install/turtlebot3:/home/dev/HomeDirect_ws/install/turtlebot3_bringup:/home/dev/HomeDirect_ws/install/turtlebot3_node:/home/dev/HomeDirect_ws/install/turtlebot3_navigation2:/home/dev/HomeDirect_ws/install/turtlebot3_description:/home/dev/HomeDirect_ws/install/turtlebot3_cartographer:/home/dev/HomeDirect_ws/install/dynamixel_sdk_examples:/home/dev/HomeDirect_ws/install/dynamixel_sdk_custom_interfaces:/home/dev/HomeDirect_ws/install/dynamixel_sdk:/home/dev/HomeDirect_ws/install/turtlebot3_teleop:/home/dev/HomeDirect_ws/install/turtlebot3_example:/home/dev/HomeDirect_ws/install/nav_main:/opt/ros/humble /usr/bin/cmake --build /home/dev/HomeDirect_ws/build/turtlebot3_fake_node -- -j8 -l8
[35.856s] Invoking command in '/home/dev/HomeDirect_ws/build/turtlebot3_fake_node': CMAKE_PREFIX_PATH=/home/dev/HomeDirect_ws/install/turtlebot3_msgs:/home/dev/HomeDirect_ws/install/turtlebot3:/home/dev/HomeDirect_ws/install/turtlebot3_bringup:/home/dev/HomeDirect_ws/install/turtlebot3_node:/home/dev/HomeDirect_ws/install/turtlebot3_navigation2:/home/dev/HomeDirect_ws/install/turtlebot3_description:/home/dev/HomeDirect_ws/install/turtlebot3_cartographer:/home/dev/HomeDirect_ws/install/dynamixel_sdk_examples:/home/dev/HomeDirect_ws/install/dynamixel_sdk_custom_interfaces:/home/dev/HomeDirect_ws/install/dynamixel_sdk:/home/dev/HomeDirect_ws/install/turtlebot3_teleop:/home/dev/HomeDirect_ws/install/turtlebot3_example:/home/dev/HomeDirect_ws/install/nav_main:/opt/ros/humble /usr/bin/cmake --install /home/dev/HomeDirect_ws/build/turtlebot3_fake_node
[35.875s] -- Install configuration: ""
[35.877s] -- Execute custom install script
[35.878s] -- Symlinking: /home/dev/HomeDirect_ws/install/turtlebot3_fake_node/lib/turtlebot3_fake_node/turtlebot3_fake_node
[35.898s] -- Symlinking: /home/dev/HomeDirect_ws/install/turtlebot3_fake_node/share/turtlebot3_fake_node/launch/rviz2.launch.py
[35.913s] -- Symlinking: /home/dev/HomeDirect_ws/install/turtlebot3_fake_node/share/turtlebot3_fake_node/launch/turtlebot3_fake_node.launch.py
[35.930s] -- Symlinking: /home/dev/HomeDirect_ws/install/turtlebot3_fake_node/share/turtlebot3_fake_node/param/burger.yaml
[35.947s] -- Symlinking: /home/dev/HomeDirect_ws/install/turtlebot3_fake_node/share/turtlebot3_fake_node/param/waffle.yaml
[35.966s] -- Symlinking: /home/dev/HomeDirect_ws/install/turtlebot3_fake_node/share/turtlebot3_fake_node/param/waffle_pi.yaml
[35.988s] -- Symlinking: /home/dev/HomeDirect_ws/install/turtlebot3_fake_node/include//turtlebot3_fake_node/turtlebot3_fake_node.hpp
[36.005s] -- Symlinking: /home/dev/HomeDirect_ws/install/turtlebot3_fake_node/share/ament_index/resource_index/package_run_dependencies/turtlebot3_fake_node
[36.022s] -- Symlinking: /home/dev/HomeDirect_ws/install/turtlebot3_fake_node/share/ament_index/resource_index/parent_prefix_path/turtlebot3_fake_node
[36.040s] -- Symlinking: /home/dev/HomeDirect_ws/install/turtlebot3_fake_node/share/turtlebot3_fake_node/environment/ament_prefix_path.sh
[36.057s] -- Symlinking: /home/dev/HomeDirect_ws/install/turtlebot3_fake_node/share/turtlebot3_fake_node/environment/ament_prefix_path.dsv
[36.078s] -- Symlinking: /home/dev/HomeDirect_ws/install/turtlebot3_fake_node/share/turtlebot3_fake_node/environment/path.sh
[36.096s] -- Symlinking: /home/dev/HomeDirect_ws/install/turtlebot3_fake_node/share/turtlebot3_fake_node/environment/path.dsv
[36.113s] -- Symlinking: /home/dev/HomeDirect_ws/install/turtlebot3_fake_node/share/turtlebot3_fake_node/local_setup.bash
[36.131s] -- Symlinking: /home/dev/HomeDirect_ws/install/turtlebot3_fake_node/share/turtlebot3_fake_node/local_setup.sh
[36.149s] -- Symlinking: /home/dev/HomeDirect_ws/install/turtlebot3_fake_node/share/turtlebot3_fake_node/local_setup.zsh
[36.167s] -- Symlinking: /home/dev/HomeDirect_ws/install/turtlebot3_fake_node/share/turtlebot3_fake_node/local_setup.dsv
[36.191s] -- Symlinking: /home/dev/HomeDirect_ws/install/turtlebot3_fake_node/share/turtlebot3_fake_node/package.dsv
[36.214s] -- Symlinking: /home/dev/HomeDirect_ws/install/turtlebot3_fake_node/share/ament_index/resource_index/packages/turtlebot3_fake_node
[36.237s] -- Symlinking: /home/dev/HomeDirect_ws/install/turtlebot3_fake_node/share/turtlebot3_fake_node/cmake/ament_cmake_export_include_directories-extras.cmake
[36.260s] -- Symlinking: /home/dev/HomeDirect_ws/install/turtlebot3_fake_node/share/turtlebot3_fake_node/cmake/ament_cmake_export_dependencies-extras.cmake
[36.287s] -- Symlinking: /home/dev/HomeDirect_ws/install/turtlebot3_fake_node/share/turtlebot3_fake_node/cmake/turtlebot3_fake_nodeConfig.cmake
[36.308s] -- Symlinking: /home/dev/HomeDirect_ws/install/turtlebot3_fake_node/share/turtlebot3_fake_node/cmake/turtlebot3_fake_nodeConfig-version.cmake
[36.328s] -- Symlinking: /home/dev/HomeDirect_ws/install/turtlebot3_fake_node/share/turtlebot3_fake_node/package.xml
[36.359s] Invoked command in '/home/dev/HomeDirect_ws/build/turtlebot3_fake_node' returned '0': CMAKE_PREFIX_PATH=/home/dev/HomeDirect_ws/install/turtlebot3_msgs:/home/dev/HomeDirect_ws/install/turtlebot3:/home/dev/HomeDirect_ws/install/turtlebot3_bringup:/home/dev/HomeDirect_ws/install/turtlebot3_node:/home/dev/HomeDirect_ws/install/turtlebot3_navigation2:/home/dev/HomeDirect_ws/install/turtlebot3_description:/home/dev/HomeDirect_ws/install/turtlebot3_cartographer:/home/dev/HomeDirect_ws/install/dynamixel_sdk_examples:/home/dev/HomeDirect_ws/install/dynamixel_sdk_custom_interfaces:/home/dev/HomeDirect_ws/install/dynamixel_sdk:/home/dev/HomeDirect_ws/install/turtlebot3_teleop:/home/dev/HomeDirect_ws/install/turtlebot3_example:/home/dev/HomeDirect_ws/install/nav_main:/opt/ros/humble /usr/bin/cmake --install /home/dev/HomeDirect_ws/build/turtlebot3_fake_node
