[1.729s] Invoking command in '/home/dev/HomeDirect_ws/build/turtlebot3_example': CMAKE_PREFIX_PATH=/home/dev/HomeDirect_ws/install/turtlebot3_msgs:/home/dev/HomeDirect_ws/install/turtlebot3:/home/dev/HomeDirect_ws/install/turtlebot3_bringup:/home/dev/HomeDirect_ws/install/turtlebot3_node:/home/dev/HomeDirect_ws/install/turtlebot3_navigation2:/home/dev/HomeDirect_ws/install/turtlebot3_description:/home/dev/HomeDirect_ws/install/turtlebot3_cartographer:/home/dev/HomeDirect_ws/install/dynamixel_sdk_examples:/home/dev/HomeDirect_ws/install/dynamixel_sdk_custom_interfaces:/home/dev/HomeDirect_ws/install/dynamixel_sdk PYTHONPATH=/home/dev/HomeDirect_ws/build/turtlebot3_example/prefix_override:/home/dev/HomeDirect_ws/install/turtlebot3_example/lib/python3.10/site-packages:${PYTHONPATH} /usr/bin/python3 setup.py develop --editable --build-directory /home/dev/HomeDirect_ws/build/turtlebot3_example/build --no-deps install_data
[2.289s] running develop
[2.289s] /usr/lib/python3/dist-packages/setuptools/command/easy_install.py:158: EasyInstallDeprecationWarning: easy_install command is deprecated. Use build and pip and other standards-based tools.
[2.289s]   warnings.warn(
[2.292s] /usr/lib/python3/dist-packages/setuptools/command/install.py:34: SetuptoolsDeprecationWarning: setup.py install is deprecated. Use build and pip and other standards-based tools.
[2.292s]   warnings.warn(
[2.399s] /usr/lib/python3/dist-packages/pkg_resources/__init__.py:116: PkgResourcesDeprecationWarning: 1.16.0-unknown is an invalid version and will not be supported in a future release
[2.399s]   warnings.warn(
[2.400s] /usr/lib/python3/dist-packages/pkg_resources/__init__.py:116: PkgResourcesDeprecationWarning: 1.1build1 is an invalid version and will not be supported in a future release
[2.400s]   warnings.warn(
[2.400s] /usr/lib/python3/dist-packages/pkg_resources/__init__.py:116: PkgResourcesDeprecationWarning: 0.1.43ubuntu1 is an invalid version and will not be supported in a future release
[2.400s]   warnings.warn(
[2.589s] running egg_info
[2.589s] writing turtlebot3_example.egg-info/PKG-INFO
[2.589s] writing dependency_links to turtlebot3_example.egg-info/dependency_links.txt
[2.590s] writing entry points to turtlebot3_example.egg-info/entry_points.txt
[2.590s] writing requirements to turtlebot3_example.egg-info/requires.txt
[2.591s] writing top-level names to turtlebot3_example.egg-info/top_level.txt
[2.595s] reading manifest file 'turtlebot3_example.egg-info/SOURCES.txt'
[2.597s] writing manifest file 'turtlebot3_example.egg-info/SOURCES.txt'
[2.600s] running build_ext
[2.600s] Creating /home/dev/HomeDirect_ws/install/turtlebot3_example/lib/python3.10/site-packages/turtlebot3-example.egg-link (link to .)
[2.602s] Installing turtlebot3_obstacle_detection script to /home/dev/HomeDirect_ws/install/turtlebot3_example/lib/turtlebot3_example
[2.602s] Installing turtlebot3_patrol_client script to /home/dev/HomeDirect_ws/install/turtlebot3_example/lib/turtlebot3_example
[2.602s] Installing turtlebot3_patrol_server script to /home/dev/HomeDirect_ws/install/turtlebot3_example/lib/turtlebot3_example
[2.602s] Installing turtlebot3_position_control script to /home/dev/HomeDirect_ws/install/turtlebot3_example/lib/turtlebot3_example
[2.603s] 
[2.603s] Installed /home/dev/HomeDirect_ws/build/turtlebot3_example
[2.603s] running install_data
[2.696s] Invoked command in '/home/dev/HomeDirect_ws/build/turtlebot3_example' returned '0': CMAKE_PREFIX_PATH=/home/dev/HomeDirect_ws/install/turtlebot3_msgs:/home/dev/HomeDirect_ws/install/turtlebot3:/home/dev/HomeDirect_ws/install/turtlebot3_bringup:/home/dev/HomeDirect_ws/install/turtlebot3_node:/home/dev/HomeDirect_ws/install/turtlebot3_navigation2:/home/dev/HomeDirect_ws/install/turtlebot3_description:/home/dev/HomeDirect_ws/install/turtlebot3_cartographer:/home/dev/HomeDirect_ws/install/dynamixel_sdk_examples:/home/dev/HomeDirect_ws/install/dynamixel_sdk_custom_interfaces:/home/dev/HomeDirect_ws/install/dynamixel_sdk PYTHONPATH=/home/dev/HomeDirect_ws/build/turtlebot3_example/prefix_override:/home/dev/HomeDirect_ws/install/turtlebot3_example/lib/python3.10/site-packages:${PYTHONPATH} /usr/bin/python3 setup.py develop --editable --build-directory /home/dev/HomeDirect_ws/build/turtlebot3_example/build --no-deps install_data
