-- The C compiler identification is GNU 11.3.0
-- The CXX compiler identification is GNU 11.3.0
-- Detecting C compiler ABI info
-- Detecting C compiler ABI info - done
-- Check for working C compiler: /usr/bin/cc - skipped
-- Detecting C compile features
-- Detecting C compile features - done
-- Detecting CXX compiler ABI info
-- Detecting CXX compiler ABI info - done
-- Check for working CXX compiler: /usr/bin/c++ - skipped
-- Detecting CXX compile features
-- Detecting CXX compile features - done
-- Found ament_cmake: 1.3.4 (/opt/ros/humble/share/ament_cmake/cmake)
-- Found Python3: /usr/bin/python3.10 (found version "3.10.6") found components: Interpreter 
-- Override CMake install command with custom implementation using symlinks instead of copying resources
-- Configuring done
-- Generating done
-- Build files have been written to: /home/dev/HomeDirect_ws/build/turtlebot3
-- Install configuration: ""
-- Execute custom install script
-- Symlinking: /home/dev/HomeDirect_ws/install/turtlebot3/share/ament_index/resource_index/package_run_dependencies/turtlebot3
-- Symlinking: /home/dev/HomeDirect_ws/install/turtlebot3/share/ament_index/resource_index/parent_prefix_path/turtlebot3
-- Symlinking: /home/dev/HomeDirect_ws/install/turtlebot3/share/turtlebot3/environment/ament_prefix_path.sh
-- Symlinking: /home/dev/HomeDirect_ws/install/turtlebot3/share/turtlebot3/environment/ament_prefix_path.dsv
-- Symlinking: /home/dev/HomeDirect_ws/install/turtlebot3/share/turtlebot3/environment/path.sh
-- Symlinking: /home/dev/HomeDirect_ws/install/turtlebot3/share/turtlebot3/environment/path.dsv
-- Symlinking: /home/dev/HomeDirect_ws/install/turtlebot3/share/turtlebot3/local_setup.bash
-- Symlinking: /home/dev/HomeDirect_ws/install/turtlebot3/share/turtlebot3/local_setup.sh
-- Symlinking: /home/dev/HomeDirect_ws/install/turtlebot3/share/turtlebot3/local_setup.zsh
-- Symlinking: /home/dev/HomeDirect_ws/install/turtlebot3/share/turtlebot3/local_setup.dsv
-- Symlinking: /home/dev/HomeDirect_ws/install/turtlebot3/share/turtlebot3/package.dsv
-- Symlinking: /home/dev/HomeDirect_ws/install/turtlebot3/share/ament_index/resource_index/packages/turtlebot3
-- Symlinking: /home/dev/HomeDirect_ws/install/turtlebot3/share/turtlebot3/cmake/turtlebot3Config.cmake
-- Symlinking: /home/dev/HomeDirect_ws/install/turtlebot3/share/turtlebot3/cmake/turtlebot3Config-version.cmake
-- Symlinking: /home/dev/HomeDirect_ws/install/turtlebot3/share/turtlebot3/package.xml
