[0.527s] DEBUG:colcon:Command line arguments: ['/usr/bin/colcon', 'build']
[0.527s] DEBUG:colcon:Parsed command line arguments: Namespace(log_base=None, log_level=None, verb_name='build', build_base='build', install_base='install', merge_install=False, symlink_install=False, test_result_base=None, continue_on_error=False, executor='parallel', parallel_workers=8, event_handlers=None, ignore_user_meta=False, metas=['./colcon.meta'], base_paths=['.'], packages_ignore=None, packages_ignore_regex=None, paths=None, packages_up_to=None, packages_up_to_regex=None, packages_above=None, packages_above_and_dependencies=None, packages_above_depth=None, packages_select_by_dep=None, packages_skip_by_dep=None, packages_skip_up_to=None, packages_select_build_failed=False, packages_skip_build_finished=False, packages_select_test_failures=False, packages_skip_test_passed=False, packages_select=None, packages_skip=None, packages_select_regex=None, packages_skip_regex=None, packages_start=None, packages_end=None, allow_overriding=[], cmake_args=None, cmake_target=None, cmake_target_skip_unavailable=False, cmake_clean_cache=False, cmake_clean_first=False, cmake_force_configure=False, ament_cmake_args=None, catkin_cmake_args=None, catkin_skip_building_tests=False, verb_parser=<colcon_defaults.argument_parser.defaults.DefaultArgumentsDecorator object at 0x7f02cb154d30>, verb_extension=<colcon_core.verb.build.BuildVerb object at 0x7f02cb91a680>, main=<bound method BuildVerb.main of <colcon_core.verb.build.BuildVerb object at 0x7f02cb91a680>>)
[0.589s] Level 1:colcon.colcon_core.package_discovery:discover_packages(colcon_meta) check parameters
[0.590s] Level 1:colcon.colcon_core.package_discovery:discover_packages(recursive) check parameters
[0.590s] Level 1:colcon.colcon_core.package_discovery:discover_packages(ignore) check parameters
[0.590s] Level 1:colcon.colcon_core.package_discovery:discover_packages(path) check parameters
[0.590s] Level 1:colcon.colcon_core.package_discovery:discover_packages(colcon_meta) discover
[0.590s] Level 1:colcon.colcon_core.package_discovery:discover_packages(recursive) discover
[0.590s] INFO:colcon.colcon_core.package_discovery:Crawling recursively for packages in '/home/dev/HomeDirect_ws'
[0.590s] Level 1:colcon.colcon_core.package_identification:_identify(.) by extensions ['ignore', 'ignore_ament_install']
[0.590s] Level 1:colcon.colcon_core.package_identification:_identify(.) by extension 'ignore'
[0.591s] Level 1:colcon.colcon_core.package_identification:_identify(.) by extension 'ignore_ament_install'
[0.591s] Level 1:colcon.colcon_core.package_identification:_identify(.) by extensions ['colcon_pkg']
[0.591s] Level 1:colcon.colcon_core.package_identification:_identify(.) by extension 'colcon_pkg'
[0.591s] Level 1:colcon.colcon_core.package_identification:_identify(.) by extensions ['colcon_meta']
[0.591s] Level 1:colcon.colcon_core.package_identification:_identify(.) by extension 'colcon_meta'
[0.591s] Level 1:colcon.colcon_core.package_identification:_identify(.) by extensions ['ros']
[0.591s] Level 1:colcon.colcon_core.package_identification:_identify(.) by extension 'ros'
[0.610s] Level 1:colcon.colcon_core.package_identification:_identify(.) by extensions ['cmake', 'python']
[0.610s] Level 1:colcon.colcon_core.package_identification:_identify(.) by extension 'cmake'
[0.610s] Level 1:colcon.colcon_core.package_identification:_identify(.) by extension 'python'
[0.610s] Level 1:colcon.colcon_core.package_identification:_identify(.) by extensions ['python_setup_py']
[0.610s] Level 1:colcon.colcon_core.package_identification:_identify(.) by extension 'python_setup_py'
[0.611s] Level 1:colcon.colcon_core.package_identification:_identify(build) by extensions ['ignore', 'ignore_ament_install']
[0.611s] Level 1:colcon.colcon_core.package_identification:_identify(build) by extension 'ignore'
[0.611s] Level 1:colcon.colcon_core.package_identification:_identify(build) ignored
[0.611s] Level 1:colcon.colcon_core.package_identification:_identify(install) by extensions ['ignore', 'ignore_ament_install']
[0.611s] Level 1:colcon.colcon_core.package_identification:_identify(install) by extension 'ignore'
[0.611s] Level 1:colcon.colcon_core.package_identification:_identify(install) ignored
[0.611s] Level 1:colcon.colcon_core.package_identification:_identify(log) by extensions ['ignore', 'ignore_ament_install']
[0.612s] Level 1:colcon.colcon_core.package_identification:_identify(log) by extension 'ignore'
[0.612s] Level 1:colcon.colcon_core.package_identification:_identify(log) ignored
[0.612s] Level 1:colcon.colcon_core.package_identification:_identify(src) by extensions ['ignore', 'ignore_ament_install']
[0.612s] Level 1:colcon.colcon_core.package_identification:_identify(src) by extension 'ignore'
[0.612s] Level 1:colcon.colcon_core.package_identification:_identify(src) by extension 'ignore_ament_install'
[0.612s] Level 1:colcon.colcon_core.package_identification:_identify(src) by extensions ['colcon_pkg']
[0.612s] Level 1:colcon.colcon_core.package_identification:_identify(src) by extension 'colcon_pkg'
[0.612s] Level 1:colcon.colcon_core.package_identification:_identify(src) by extensions ['colcon_meta']
[0.612s] Level 1:colcon.colcon_core.package_identification:_identify(src) by extension 'colcon_meta'
[0.612s] Level 1:colcon.colcon_core.package_identification:_identify(src) by extensions ['ros']
[0.612s] Level 1:colcon.colcon_core.package_identification:_identify(src) by extension 'ros'
[0.612s] Level 1:colcon.colcon_core.package_identification:_identify(src) by extensions ['cmake', 'python']
[0.613s] Level 1:colcon.colcon_core.package_identification:_identify(src) by extension 'cmake'
[0.613s] Level 1:colcon.colcon_core.package_identification:_identify(src) by extension 'python'
[0.613s] Level 1:colcon.colcon_core.package_identification:_identify(src) by extensions ['python_setup_py']
[0.613s] Level 1:colcon.colcon_core.package_identification:_identify(src) by extension 'python_setup_py'
[0.613s] Level 1:colcon.colcon_core.package_identification:_identify(src/nav_main) by extensions ['ignore', 'ignore_ament_install']
[0.613s] Level 1:colcon.colcon_core.package_identification:_identify(src/nav_main) by extension 'ignore'
[0.613s] Level 1:colcon.colcon_core.package_identification:_identify(src/nav_main) by extension 'ignore_ament_install'
[0.613s] Level 1:colcon.colcon_core.package_identification:_identify(src/nav_main) by extensions ['colcon_pkg']
[0.613s] Level 1:colcon.colcon_core.package_identification:_identify(src/nav_main) by extension 'colcon_pkg'
[0.613s] Level 1:colcon.colcon_core.package_identification:_identify(src/nav_main) by extensions ['colcon_meta']
[0.613s] Level 1:colcon.colcon_core.package_identification:_identify(src/nav_main) by extension 'colcon_meta'
[0.613s] Level 1:colcon.colcon_core.package_identification:_identify(src/nav_main) by extensions ['ros']
[0.613s] Level 1:colcon.colcon_core.package_identification:_identify(src/nav_main) by extension 'ros'
[0.618s] DEBUG:colcon.colcon_core.package_identification:Package 'src/nav_main' with type 'ros.ament_python' and name 'nav_main'
[0.618s] Level 1:colcon.colcon_core.package_discovery:discover_packages(recursive) using defaults
[0.618s] Level 1:colcon.colcon_core.package_discovery:discover_packages(ignore) discover
[0.618s] Level 1:colcon.colcon_core.package_discovery:discover_packages(ignore) using defaults
[0.618s] Level 1:colcon.colcon_core.package_discovery:discover_packages(path) discover
[0.618s] Level 1:colcon.colcon_core.package_discovery:discover_packages(path) using defaults
[0.656s] Level 1:colcon.colcon_core.package_discovery:discover_packages(prefix_path) check parameters
[0.657s] Level 1:colcon.colcon_core.package_discovery:discover_packages(prefix_path) discover
[0.660s] DEBUG:colcon.colcon_installed_package_information.package_discovery:Found 1 installed packages in /home/dev/HomeDirect_ws/install
[0.662s] DEBUG:colcon.colcon_installed_package_information.package_discovery:Found 1 installed packages in /home/dev/aws_ws/navigation_tb3/install
[0.665s] DEBUG:colcon.colcon_installed_package_information.package_discovery:Found 337 installed packages in /opt/ros/humble
[0.668s] Level 1:colcon.colcon_core.package_discovery:discover_packages(prefix_path) using defaults
[0.773s] Level 5:colcon.colcon_core.verb:set package 'nav_main' build argument 'cmake_args' from command line to 'None'
[0.773s] Level 5:colcon.colcon_core.verb:set package 'nav_main' build argument 'cmake_target' from command line to 'None'
[0.773s] Level 5:colcon.colcon_core.verb:set package 'nav_main' build argument 'cmake_target_skip_unavailable' from command line to 'False'
[0.773s] Level 5:colcon.colcon_core.verb:set package 'nav_main' build argument 'cmake_clean_cache' from command line to 'False'
[0.773s] Level 5:colcon.colcon_core.verb:set package 'nav_main' build argument 'cmake_clean_first' from command line to 'False'
[0.773s] Level 5:colcon.colcon_core.verb:set package 'nav_main' build argument 'cmake_force_configure' from command line to 'False'
[0.773s] Level 5:colcon.colcon_core.verb:set package 'nav_main' build argument 'ament_cmake_args' from command line to 'None'
[0.773s] Level 5:colcon.colcon_core.verb:set package 'nav_main' build argument 'catkin_cmake_args' from command line to 'None'
[0.773s] Level 5:colcon.colcon_core.verb:set package 'nav_main' build argument 'catkin_skip_building_tests' from command line to 'False'
[0.773s] DEBUG:colcon.colcon_core.verb:Building package 'nav_main' with the following arguments: {'ament_cmake_args': None, 'build_base': '/home/dev/HomeDirect_ws/build/nav_main', 'catkin_cmake_args': None, 'catkin_skip_building_tests': False, 'cmake_args': None, 'cmake_clean_cache': False, 'cmake_clean_first': False, 'cmake_force_configure': False, 'cmake_target': None, 'cmake_target_skip_unavailable': False, 'install_base': '/home/dev/HomeDirect_ws/install/nav_main', 'merge_install': False, 'path': '/home/dev/HomeDirect_ws/src/nav_main', 'symlink_install': False, 'test_result_base': None}
[0.775s] INFO:colcon.colcon_core.executor:Executing jobs using 'parallel' executor
[0.780s] DEBUG:colcon.colcon_parallel_executor.executor.parallel:run_until_complete
[0.781s] INFO:colcon.colcon_ros.task.ament_python.build:Building ROS package in '/home/dev/HomeDirect_ws/src/nav_main' with build type 'ament_python'
[0.781s] Level 1:colcon.colcon_core.shell:create_environment_hook('nav_main', 'ament_prefix_path')
[0.788s] INFO:colcon.colcon_core.plugin_system:Skipping extension 'colcon_core.shell.bat': Not used on non-Windows systems
[0.789s] INFO:colcon.colcon_core.shell:Creating environment hook '/home/dev/HomeDirect_ws/install/nav_main/share/nav_main/hook/ament_prefix_path.ps1'
[0.790s] INFO:colcon.colcon_core.shell:Creating environment descriptor '/home/dev/HomeDirect_ws/install/nav_main/share/nav_main/hook/ament_prefix_path.dsv'
[0.790s] INFO:colcon.colcon_core.shell:Creating environment hook '/home/dev/HomeDirect_ws/install/nav_main/share/nav_main/hook/ament_prefix_path.sh'
[0.793s] INFO:colcon.colcon_core.shell:Skip shell extension 'powershell' for command environment: Not usable outside of PowerShell
[0.793s] DEBUG:colcon.colcon_core.shell:Skip shell extension 'dsv' for command environment
[1.259s] INFO:colcon.colcon_core.task.python.build:Building Python package in '/home/dev/HomeDirect_ws/src/nav_main'
[1.262s] INFO:colcon.colcon_core.shell:Skip shell extension 'powershell' for command environment: Not usable outside of PowerShell
[1.262s] DEBUG:colcon.colcon_core.shell:Skip shell extension 'dsv' for command environment
[1.850s] DEBUG:colcon.colcon_core.event_handler.log_command:Invoking command in '/home/dev/HomeDirect_ws/src/nav_main': PYTHONPATH=/home/dev/HomeDirect_ws/build/nav_main/prefix_override:/home/dev/HomeDirect_ws/install/nav_main/lib/python3.10/site-packages:${PYTHONPATH} /usr/bin/python3 setup.py egg_info --egg-base ../../build/nav_main build --build-base /home/dev/HomeDirect_ws/build/nav_main/build install --record /home/dev/HomeDirect_ws/build/nav_main/install.log --single-version-externally-managed
[2.352s] DEBUG:colcon.colcon_core.event_handler.log_command:Invoked command in '/home/dev/HomeDirect_ws/src/nav_main' returned '0': PYTHONPATH=/home/dev/HomeDirect_ws/build/nav_main/prefix_override:/home/dev/HomeDirect_ws/install/nav_main/lib/python3.10/site-packages:${PYTHONPATH} /usr/bin/python3 setup.py egg_info --egg-base ../../build/nav_main build --build-base /home/dev/HomeDirect_ws/build/nav_main/build install --record /home/dev/HomeDirect_ws/build/nav_main/install.log --single-version-externally-managed
[2.362s] Level 1:colcon.colcon_core.environment:checking '/home/dev/HomeDirect_ws/install/nav_main' for CMake module files
[2.363s] Level 1:colcon.colcon_core.environment:checking '/home/dev/HomeDirect_ws/install/nav_main' for CMake config files
[2.365s] Level 1:colcon.colcon_core.environment:checking '/home/dev/HomeDirect_ws/install/nav_main/lib'
[2.365s] Level 1:colcon.colcon_core.environment:checking '/home/dev/HomeDirect_ws/install/nav_main/bin'
[2.365s] Level 1:colcon.colcon_core.environment:checking '/home/dev/HomeDirect_ws/install/nav_main/lib/pkgconfig/nav_main.pc'
[2.366s] Level 1:colcon.colcon_core.environment:checking '/home/dev/HomeDirect_ws/install/nav_main/lib/python3.10/site-packages'
[2.366s] Level 1:colcon.colcon_core.shell:create_environment_hook('nav_main', 'pythonpath')
[2.369s] INFO:colcon.colcon_core.shell:Creating environment hook '/home/dev/HomeDirect_ws/install/nav_main/share/nav_main/hook/pythonpath.ps1'
[2.371s] INFO:colcon.colcon_core.shell:Creating environment descriptor '/home/dev/HomeDirect_ws/install/nav_main/share/nav_main/hook/pythonpath.dsv'
[2.371s] INFO:colcon.colcon_core.shell:Creating environment hook '/home/dev/HomeDirect_ws/install/nav_main/share/nav_main/hook/pythonpath.sh'
[2.372s] Level 1:colcon.colcon_core.environment:checking '/home/dev/HomeDirect_ws/install/nav_main/bin'
[2.373s] Level 1:colcon.colcon_core.environment:create_environment_scripts_only(nav_main)
[2.378s] INFO:colcon.colcon_core.shell:Creating package script '/home/dev/HomeDirect_ws/install/nav_main/share/nav_main/package.ps1'
[2.380s] INFO:colcon.colcon_core.shell:Creating package descriptor '/home/dev/HomeDirect_ws/install/nav_main/share/nav_main/package.dsv'
[2.381s] INFO:colcon.colcon_core.shell:Creating package script '/home/dev/HomeDirect_ws/install/nav_main/share/nav_main/package.sh'
[2.383s] INFO:colcon.colcon_core.shell:Creating package script '/home/dev/HomeDirect_ws/install/nav_main/share/nav_main/package.bash'
[2.385s] INFO:colcon.colcon_core.shell:Creating package script '/home/dev/HomeDirect_ws/install/nav_main/share/nav_main/package.zsh'
[2.386s] Level 1:colcon.colcon_core.environment:create_file_with_runtime_dependencies(/home/dev/HomeDirect_ws/install/nav_main/share/colcon-core/packages/nav_main)
[2.387s] DEBUG:colcon.colcon_parallel_executor.executor.parallel:closing loop
[2.388s] DEBUG:colcon.colcon_parallel_executor.executor.parallel:loop closed
[2.388s] DEBUG:colcon.colcon_parallel_executor.executor.parallel:run_until_complete finished with '0'
[2.388s] DEBUG:colcon.colcon_core.event_reactor:joining thread
[2.402s] INFO:colcon.colcon_core.plugin_system:Skipping extension 'colcon_notification.desktop_notification.terminal_notifier': Not used on non-Darwin systems
[2.402s] INFO:colcon.colcon_core.plugin_system:Skipping extension 'colcon_notification.desktop_notification.win32': Not used on non-Windows systems
[2.402s] INFO:colcon.colcon_notification.desktop_notification:Sending desktop notification using 'notify2'
[2.432s] DEBUG:colcon.colcon_core.event_reactor:joined thread
[2.436s] INFO:colcon.colcon_core.shell:Creating prefix script '/home/dev/HomeDirect_ws/install/local_setup.ps1'
[2.438s] INFO:colcon.colcon_core.shell:Creating prefix util module '/home/dev/HomeDirect_ws/install/_local_setup_util_ps1.py'
[2.442s] INFO:colcon.colcon_core.shell:Creating prefix chain script '/home/dev/HomeDirect_ws/install/setup.ps1'
[2.447s] INFO:colcon.colcon_core.shell:Creating prefix script '/home/dev/HomeDirect_ws/install/local_setup.sh'
[2.448s] INFO:colcon.colcon_core.shell:Creating prefix util module '/home/dev/HomeDirect_ws/install/_local_setup_util_sh.py'
[2.449s] INFO:colcon.colcon_core.shell:Creating prefix chain script '/home/dev/HomeDirect_ws/install/setup.sh'
[2.453s] INFO:colcon.colcon_core.shell:Creating prefix script '/home/dev/HomeDirect_ws/install/local_setup.bash'
[2.454s] INFO:colcon.colcon_core.shell:Creating prefix chain script '/home/dev/HomeDirect_ws/install/setup.bash'
[2.458s] INFO:colcon.colcon_core.shell:Creating prefix script '/home/dev/HomeDirect_ws/install/local_setup.zsh'
[2.458s] INFO:colcon.colcon_core.shell:Creating prefix chain script '/home/dev/HomeDirect_ws/install/setup.zsh'
