[0.120s] Invoking command in '/home/dev/HomeDirect_ws/build/turtlebot3_description': CMAKE_PREFIX_PATH=${CMAKE_PREFIX_PATH}:/home/dev/HomeDirect_ws/install/nav_main:/opt/ros/humble /usr/bin/cmake /home/dev/HomeDirect_ws/src/turtlebot3/turtlebot3_description -DAMENT_CMAKE_SYMLINK_INSTALL=1 -DCMAKE_INSTALL_PREFIX=/home/dev/HomeDirect_ws/install/turtlebot3_description
[1.965s] -- The C compiler identification is GNU 11.3.0
[1.965s] -- The CXX compiler identification is GNU 11.3.0
[1.966s] -- Detecting C compiler ABI info
[1.966s] -- Detecting C compiler ABI info - done
[1.966s] -- Check for working C compiler: /usr/bin/cc - skipped
[1.966s] -- Detecting C compile features
[1.967s] -- Detecting C compile features - done
[1.968s] -- Detecting CXX compiler ABI info
[1.968s] -- Detecting CXX compiler ABI info - done
[1.968s] -- Check for working CXX compiler: /usr/bin/c++ - skipped
[1.968s] -- Detecting CXX compile features
[1.968s] -- Detecting CXX compile features - done
[1.968s] -- Found ament_cmake: 1.3.4 (/opt/ros/humble/share/ament_cmake/cmake)
[1.968s] -- Found Python3: /usr/bin/python3.10 (found version "3.10.6") found components: Interpreter 
[1.969s] -- Override CMake install command with custom implementation using symlinks instead of copying resources
[1.969s] -- Found urdf: 2.6.0 (/opt/ros/humble/share/urdf/cmake)
[2.306s] -- Configuring done
[2.334s] -- Generating done
[2.337s] -- Build files have been written to: /home/dev/HomeDirect_ws/build/turtlebot3_description
[2.380s] Invoked command in '/home/dev/HomeDirect_ws/build/turtlebot3_description' returned '0': CMAKE_PREFIX_PATH=${CMAKE_PREFIX_PATH}:/home/dev/HomeDirect_ws/install/nav_main:/opt/ros/humble /usr/bin/cmake /home/dev/HomeDirect_ws/src/turtlebot3/turtlebot3_description -DAMENT_CMAKE_SYMLINK_INSTALL=1 -DCMAKE_INSTALL_PREFIX=/home/dev/HomeDirect_ws/install/turtlebot3_description
[2.381s] Invoking command in '/home/dev/HomeDirect_ws/build/turtlebot3_description': CMAKE_PREFIX_PATH=${CMAKE_PREFIX_PATH}:/home/dev/HomeDirect_ws/install/nav_main:/opt/ros/humble /usr/bin/cmake --build /home/dev/HomeDirect_ws/build/turtlebot3_description -- -j8 -l8
[2.619s] Invoked command in '/home/dev/HomeDirect_ws/build/turtlebot3_description' returned '0': CMAKE_PREFIX_PATH=${CMAKE_PREFIX_PATH}:/home/dev/HomeDirect_ws/install/nav_main:/opt/ros/humble /usr/bin/cmake --build /home/dev/HomeDirect_ws/build/turtlebot3_description -- -j8 -l8
[2.989s] Invoking command in '/home/dev/HomeDirect_ws/build/turtlebot3_description': CMAKE_PREFIX_PATH=${CMAKE_PREFIX_PATH}:/home/dev/HomeDirect_ws/install/nav_main:/opt/ros/humble /usr/bin/cmake --install /home/dev/HomeDirect_ws/build/turtlebot3_description
[3.040s] -- Install configuration: ""
[3.041s] -- Execute custom install script
[3.052s] -- Symlinking: /home/dev/HomeDirect_ws/install/turtlebot3_description/share/turtlebot3_description/meshes/bases/burger_base.stl
[3.110s] -- Symlinking: /home/dev/HomeDirect_ws/install/turtlebot3_description/share/turtlebot3_description/meshes/bases/waffle_base.stl
[3.175s] -- Symlinking: /home/dev/HomeDirect_ws/install/turtlebot3_description/share/turtlebot3_description/meshes/bases/waffle_pi_base.stl
[3.241s] -- Symlinking: /home/dev/HomeDirect_ws/install/turtlebot3_description/share/turtlebot3_description/meshes/sensors/astra.dae
[3.306s] -- Symlinking: /home/dev/HomeDirect_ws/install/turtlebot3_description/share/turtlebot3_description/meshes/sensors/astra.jpg
[3.374s] -- Symlinking: /home/dev/HomeDirect_ws/install/turtlebot3_description/share/turtlebot3_description/meshes/sensors/lds.stl
[3.439s] -- Symlinking: /home/dev/HomeDirect_ws/install/turtlebot3_description/share/turtlebot3_description/meshes/sensors/r200.dae
[3.484s] -- Symlinking: /home/dev/HomeDirect_ws/install/turtlebot3_description/share/turtlebot3_description/meshes/sensors/r200.jpg
[3.539s] -- Symlinking: /home/dev/HomeDirect_ws/install/turtlebot3_description/share/turtlebot3_description/meshes/wheels/left_tire.stl
[3.582s] -- Symlinking: /home/dev/HomeDirect_ws/install/turtlebot3_description/share/turtlebot3_description/meshes/wheels/right_tire.stl
[3.660s] -- Symlinking: /home/dev/HomeDirect_ws/install/turtlebot3_description/share/turtlebot3_description/rviz/model.rviz
[3.706s] -- Symlinking: /home/dev/HomeDirect_ws/install/turtlebot3_description/share/turtlebot3_description/urdf/common_properties.urdf
[3.740s] -- Symlinking: /home/dev/HomeDirect_ws/install/turtlebot3_description/share/turtlebot3_description/urdf/turtlebot3_burger.urdf
[3.788s] -- Symlinking: /home/dev/HomeDirect_ws/install/turtlebot3_description/share/turtlebot3_description/urdf/turtlebot3_waffle.urdf
[3.826s] -- Symlinking: /home/dev/HomeDirect_ws/install/turtlebot3_description/share/turtlebot3_description/urdf/turtlebot3_waffle_pi.urdf
[3.856s] -- Symlinking: /home/dev/HomeDirect_ws/install/turtlebot3_description/share/ament_index/resource_index/package_run_dependencies/turtlebot3_description
[3.891s] -- Symlinking: /home/dev/HomeDirect_ws/install/turtlebot3_description/share/ament_index/resource_index/parent_prefix_path/turtlebot3_description
[3.937s] -- Symlinking: /home/dev/HomeDirect_ws/install/turtlebot3_description/share/turtlebot3_description/environment/ament_prefix_path.sh
[3.968s] -- Symlinking: /home/dev/HomeDirect_ws/install/turtlebot3_description/share/turtlebot3_description/environment/ament_prefix_path.dsv
[4.003s] -- Symlinking: /home/dev/HomeDirect_ws/install/turtlebot3_description/share/turtlebot3_description/environment/path.sh
[4.045s] -- Symlinking: /home/dev/HomeDirect_ws/install/turtlebot3_description/share/turtlebot3_description/environment/path.dsv
[4.073s] -- Symlinking: /home/dev/HomeDirect_ws/install/turtlebot3_description/share/turtlebot3_description/local_setup.bash
[4.128s] -- Symlinking: /home/dev/HomeDirect_ws/install/turtlebot3_description/share/turtlebot3_description/local_setup.sh
[4.179s] -- Symlinking: /home/dev/HomeDirect_ws/install/turtlebot3_description/share/turtlebot3_description/local_setup.zsh
[4.193s] -- Symlinking: /home/dev/HomeDirect_ws/install/turtlebot3_description/share/turtlebot3_description/local_setup.dsv
[4.221s] -- Symlinking: /home/dev/HomeDirect_ws/install/turtlebot3_description/share/turtlebot3_description/package.dsv
[4.252s] -- Symlinking: /home/dev/HomeDirect_ws/install/turtlebot3_description/share/ament_index/resource_index/packages/turtlebot3_description
[4.284s] -- Symlinking: /home/dev/HomeDirect_ws/install/turtlebot3_description/share/turtlebot3_description/cmake/turtlebot3_descriptionConfig.cmake
[4.319s] -- Symlinking: /home/dev/HomeDirect_ws/install/turtlebot3_description/share/turtlebot3_description/cmake/turtlebot3_descriptionConfig-version.cmake
[4.351s] -- Symlinking: /home/dev/HomeDirect_ws/install/turtlebot3_description/share/turtlebot3_description/package.xml
[4.403s] Invoked command in '/home/dev/HomeDirect_ws/build/turtlebot3_description' returned '0': CMAKE_PREFIX_PATH=${CMAKE_PREFIX_PATH}:/home/dev/HomeDirect_ws/install/nav_main:/opt/ros/humble /usr/bin/cmake --install /home/dev/HomeDirect_ws/build/turtlebot3_description
