running egg_info
creating ../../build/nav_main/nav_main.egg-info
writing ../../build/nav_main/nav_main.egg-info/PKG-INFO
writing dependency_links to ../../build/nav_main/nav_main.egg-info/dependency_links.txt
writing entry points to ../../build/nav_main/nav_main.egg-info/entry_points.txt
writing requirements to ../../build/nav_main/nav_main.egg-info/requires.txt
writing top-level names to ../../build/nav_main/nav_main.egg-info/top_level.txt
writing manifest file '../../build/nav_main/nav_main.egg-info/SOURCES.txt'
reading manifest file '../../build/nav_main/nav_main.egg-info/SOURCES.txt'
writing manifest file '../../build/nav_main/nav_main.egg-info/SOURCES.txt'
running build
running build_py
creating /home/dev/HomeDirect_ws/build/nav_main/build
creating /home/dev/HomeDirect_ws/build/nav_main/build/lib
creating /home/dev/HomeDirect_ws/build/nav_main/build/lib/nav_main
copying nav_main/main.py.py -> /home/dev/HomeDirect_ws/build/nav_main/build/lib/nav_main
copying nav_main/__init__.py -> /home/dev/HomeDirect_ws/build/nav_main/build/lib/nav_main
running install
/usr/lib/python3/dist-packages/setuptools/command/install.py:34: SetuptoolsDeprecationWarning: setup.py install is deprecated. Use build and pip and other standards-based tools.
  warnings.warn(
running install_lib
creating /home/dev/HomeDirect_ws/install/nav_main/lib/python3.10/site-packages/nav_main
copying /home/dev/HomeDirect_ws/build/nav_main/build/lib/nav_main/main.py.py -> /home/dev/HomeDirect_ws/install/nav_main/lib/python3.10/site-packages/nav_main
copying /home/dev/HomeDirect_ws/build/nav_main/build/lib/nav_main/__init__.py -> /home/dev/HomeDirect_ws/install/nav_main/lib/python3.10/site-packages/nav_main
byte-compiling /home/dev/HomeDirect_ws/install/nav_main/lib/python3.10/site-packages/nav_main/main.py.py to main.py.cpython-310.pyc
byte-compiling /home/dev/HomeDirect_ws/install/nav_main/lib/python3.10/site-packages/nav_main/__init__.py to __init__.cpython-310.pyc
running install_data
creating /home/dev/HomeDirect_ws/install/nav_main/share/ament_index
creating /home/dev/HomeDirect_ws/install/nav_main/share/ament_index/resource_index
creating /home/dev/HomeDirect_ws/install/nav_main/share/ament_index/resource_index/packages
copying resource/nav_main -> /home/dev/HomeDirect_ws/install/nav_main/share/ament_index/resource_index/packages
copying package.xml -> /home/dev/HomeDirect_ws/install/nav_main/share/nav_main
running install_egg_info
Copying ../../build/nav_main/nav_main.egg-info to /home/dev/HomeDirect_ws/install/nav_main/lib/python3.10/site-packages/nav_main-0.0.0-py3.10.egg-info
running install_scripts
Installing main.py script to /home/dev/HomeDirect_ws/install/nav_main/lib/nav_main
writing list of installed files to '/home/dev/HomeDirect_ws/build/nav_main/install.log'
