[1.120s] Invoking command in '/home/dev/HomeDirect_ws/src/nav_main': PYTHONPATH=/home/dev/HomeDirect_ws/build/nav_main/prefix_override:/home/dev/HomeDirect_ws/install/nav_main/lib/python3.10/site-packages:${PYTHONPATH} /usr/bin/python3 setup.py egg_info --egg-base ../../build/nav_main build --build-base /home/dev/HomeDirect_ws/build/nav_main/build install --record /home/dev/HomeDirect_ws/build/nav_main/install.log --single-version-externally-managed
[1.526s] running egg_info
[1.527s] creating ../../build/nav_main/nav_main.egg-info
[1.528s] writing ../../build/nav_main/nav_main.egg-info/PKG-INFO
[1.528s] writing dependency_links to ../../build/nav_main/nav_main.egg-info/dependency_links.txt
[1.528s] writing entry points to ../../build/nav_main/nav_main.egg-info/entry_points.txt
[1.529s] writing requirements to ../../build/nav_main/nav_main.egg-info/requires.txt
[1.529s] writing top-level names to ../../build/nav_main/nav_main.egg-info/top_level.txt
[1.529s] writing manifest file '../../build/nav_main/nav_main.egg-info/SOURCES.txt'
[1.533s] reading manifest file '../../build/nav_main/nav_main.egg-info/SOURCES.txt'
[1.535s] writing manifest file '../../build/nav_main/nav_main.egg-info/SOURCES.txt'
[1.535s] running build
[1.536s] running build_py
[1.536s] creating /home/dev/HomeDirect_ws/build/nav_main/build
[1.536s] creating /home/dev/HomeDirect_ws/build/nav_main/build/lib
[1.537s] creating /home/dev/HomeDirect_ws/build/nav_main/build/lib/nav_main
[1.537s] copying nav_main/main.py.py -> /home/dev/HomeDirect_ws/build/nav_main/build/lib/nav_main
[1.537s] copying nav_main/__init__.py -> /home/dev/HomeDirect_ws/build/nav_main/build/lib/nav_main
[1.537s] running install
[1.541s] /usr/lib/python3/dist-packages/setuptools/command/install.py:34: SetuptoolsDeprecationWarning: setup.py install is deprecated. Use build and pip and other standards-based tools.
[1.542s]   warnings.warn(
[1.542s] running install_lib
[1.544s] creating /home/dev/HomeDirect_ws/install/nav_main/lib/python3.10/site-packages/nav_main
[1.544s] copying /home/dev/HomeDirect_ws/build/nav_main/build/lib/nav_main/main.py.py -> /home/dev/HomeDirect_ws/install/nav_main/lib/python3.10/site-packages/nav_main
[1.544s] copying /home/dev/HomeDirect_ws/build/nav_main/build/lib/nav_main/__init__.py -> /home/dev/HomeDirect_ws/install/nav_main/lib/python3.10/site-packages/nav_main
[1.545s] byte-compiling /home/dev/HomeDirect_ws/install/nav_main/lib/python3.10/site-packages/nav_main/main.py.py to main.py.cpython-310.pyc
[1.545s] byte-compiling /home/dev/HomeDirect_ws/install/nav_main/lib/python3.10/site-packages/nav_main/__init__.py to __init__.cpython-310.pyc
[1.546s] running install_data
[1.547s] creating /home/dev/HomeDirect_ws/install/nav_main/share/ament_index
[1.547s] creating /home/dev/HomeDirect_ws/install/nav_main/share/ament_index/resource_index
[1.547s] creating /home/dev/HomeDirect_ws/install/nav_main/share/ament_index/resource_index/packages
[1.547s] copying resource/nav_main -> /home/dev/HomeDirect_ws/install/nav_main/share/ament_index/resource_index/packages
[1.548s] copying package.xml -> /home/dev/HomeDirect_ws/install/nav_main/share/nav_main
[1.548s] running install_egg_info
[1.550s] Copying ../../build/nav_main/nav_main.egg-info to /home/dev/HomeDirect_ws/install/nav_main/lib/python3.10/site-packages/nav_main-0.0.0-py3.10.egg-info
[1.551s] running install_scripts
[1.588s] Installing main.py script to /home/dev/HomeDirect_ws/install/nav_main/lib/nav_main
[1.589s] writing list of installed files to '/home/dev/HomeDirect_ws/build/nav_main/install.log'
[1.657s] Invoked command in '/home/dev/HomeDirect_ws/src/nav_main' returned '0': PYTHONPATH=/home/dev/HomeDirect_ws/build/nav_main/prefix_override:/home/dev/HomeDirect_ws/install/nav_main/lib/python3.10/site-packages:${PYTHONPATH} /usr/bin/python3 setup.py egg_info --egg-base ../../build/nav_main build --build-base /home/dev/HomeDirect_ws/build/nav_main/build install --record /home/dev/HomeDirect_ws/build/nav_main/install.log --single-version-externally-managed
