running develop
/usr/lib/python3/dist-packages/setuptools/command/easy_install.py:158: EasyInstallDeprecationWarning: easy_install command is deprecated. Use build and pip and other standards-based tools.
  warnings.warn(
/usr/lib/python3/dist-packages/setuptools/command/install.py:34: SetuptoolsDeprecationWarning: setup.py install is deprecated. Use build and pip and other standards-based tools.
  warnings.warn(
/usr/lib/python3/dist-packages/pkg_resources/__init__.py:116: PkgResourcesDeprecationWarning: 1.16.0-unknown is an invalid version and will not be supported in a future release
  warnings.warn(
/usr/lib/python3/dist-packages/pkg_resources/__init__.py:116: PkgResourcesDeprecationWarning: 1.1build1 is an invalid version and will not be supported in a future release
  warnings.warn(
/usr/lib/python3/dist-packages/pkg_resources/__init__.py:116: PkgResourcesDeprecationWarning: 0.1.43ubuntu1 is an invalid version and will not be supported in a future release
  warnings.warn(
running egg_info
creating turtlebot3_example.egg-info
writing turtlebot3_example.egg-info/PKG-INFO
writing dependency_links to turtlebot3_example.egg-info/dependency_links.txt
writing entry points to turtlebot3_example.egg-info/entry_points.txt
writing requirements to turtlebot3_example.egg-info/requires.txt
writing top-level names to turtlebot3_example.egg-info/top_level.txt
writing manifest file 'turtlebot3_example.egg-info/SOURCES.txt'
reading manifest file 'turtlebot3_example.egg-info/SOURCES.txt'
writing manifest file 'turtlebot3_example.egg-info/SOURCES.txt'
running build_ext
Creating /home/dev/HomeDirect_ws/install/turtlebot3_example/lib/python3.10/site-packages/turtlebot3-example.egg-link (link to .)
Installing turtlebot3_obstacle_detection script to /home/dev/HomeDirect_ws/install/turtlebot3_example/lib/turtlebot3_example
Installing turtlebot3_patrol_client script to /home/dev/HomeDirect_ws/install/turtlebot3_example/lib/turtlebot3_example
Installing turtlebot3_patrol_server script to /home/dev/HomeDirect_ws/install/turtlebot3_example/lib/turtlebot3_example
Installing turtlebot3_position_control script to /home/dev/HomeDirect_ws/install/turtlebot3_example/lib/turtlebot3_example

Installed /home/dev/HomeDirect_ws/build/turtlebot3_example
running install_data
creating /home/dev/HomeDirect_ws/install/turtlebot3_example/share/ament_index
creating /home/dev/HomeDirect_ws/install/turtlebot3_example/share/ament_index/resource_index
creating /home/dev/HomeDirect_ws/install/turtlebot3_example/share/ament_index/resource_index/packages
copying resource/turtlebot3_example -> /home/dev/HomeDirect_ws/install/turtlebot3_example/share/ament_index/resource_index/packages
copying package.xml -> /home/dev/HomeDirect_ws/install/turtlebot3_example/share/turtlebot3_example
