[2.183s] Invoking command in '/home/dev/HomeDirect_ws/build/turtlebot3_teleop': PYTHONPATH=/home/dev/HomeDirect_ws/build/turtlebot3_teleop/prefix_override:/home/dev/HomeDirect_ws/install/turtlebot3_teleop/lib/python3.10/site-packages:${PYTHONPATH} /usr/bin/python3 setup.py develop --editable --build-directory /home/dev/HomeDirect_ws/build/turtlebot3_teleop/build --no-deps install_data
[2.871s] running develop
[2.871s] /usr/lib/python3/dist-packages/setuptools/command/easy_install.py:158: EasyInstallDeprecationWarning: easy_install command is deprecated. Use build and pip and other standards-based tools.
[2.871s]   warnings.warn(
[2.881s] /usr/lib/python3/dist-packages/setuptools/command/install.py:34: SetuptoolsDeprecationWarning: setup.py install is deprecated. Use build and pip and other standards-based tools.
[2.882s]   warnings.warn(
[3.023s] /usr/lib/python3/dist-packages/pkg_resources/__init__.py:116: PkgResourcesDeprecationWarning: 1.16.0-unknown is an invalid version and will not be supported in a future release
[3.023s]   warnings.warn(
[3.024s] /usr/lib/python3/dist-packages/pkg_resources/__init__.py:116: PkgResourcesDeprecationWarning: 1.1build1 is an invalid version and will not be supported in a future release
[3.025s]   warnings.warn(
[3.025s] /usr/lib/python3/dist-packages/pkg_resources/__init__.py:116: PkgResourcesDeprecationWarning: 0.1.43ubuntu1 is an invalid version and will not be supported in a future release
[3.025s]   warnings.warn(
[3.239s] running egg_info
[3.239s] writing turtlebot3_teleop.egg-info/PKG-INFO
[3.240s] writing dependency_links to turtlebot3_teleop.egg-info/dependency_links.txt
[3.240s] writing entry points to turtlebot3_teleop.egg-info/entry_points.txt
[3.241s] writing requirements to turtlebot3_teleop.egg-info/requires.txt
[3.241s] writing top-level names to turtlebot3_teleop.egg-info/top_level.txt
[3.247s] reading manifest file 'turtlebot3_teleop.egg-info/SOURCES.txt'
[3.249s] writing manifest file 'turtlebot3_teleop.egg-info/SOURCES.txt'
[3.253s] running build_ext
[3.253s] Creating /home/dev/HomeDirect_ws/install/turtlebot3_teleop/lib/python3.10/site-packages/turtlebot3-teleop.egg-link (link to .)
[3.255s] Installing teleop_keyboard script to /home/dev/HomeDirect_ws/install/turtlebot3_teleop/lib/turtlebot3_teleop
[3.255s] 
[3.256s] Installed /home/dev/HomeDirect_ws/build/turtlebot3_teleop
[3.257s] running install_data
[3.587s] Invoked command in '/home/dev/HomeDirect_ws/build/turtlebot3_teleop' returned '0': PYTHONPATH=/home/dev/HomeDirect_ws/build/turtlebot3_teleop/prefix_override:/home/dev/HomeDirect_ws/install/turtlebot3_teleop/lib/python3.10/site-packages:${PYTHONPATH} /usr/bin/python3 setup.py develop --editable --build-directory /home/dev/HomeDirect_ws/build/turtlebot3_teleop/build --no-deps install_data
